<?xml version="1.0" encoding="UTF-8"?>
<testsuite xmlns:xsi="http://www.w3.org/2001/XMLSchema-instance" xsi:noNamespaceSchemaLocation="https://maven.apache.org/surefire/maven-failsafe-plugin/xsd/failsafe-test-report-3.0.xsd" version="3.0" name="Test.Web.UpdateInfoTest" time="203.239" tests="20" errors="0" skipped="0" failures="0">
  <properties>
[...]
</properties>
  <testcase name="checkOpenUpdateInfoPage" classname="Test.Web.UpdateInfoTest" time="5.721">
    <system-out><![CDATA[16:38:43.058 [main] DEBUG net.thucydides.core.steps.StepEventBus - Test suite started for UpdateInfoTest in class Test.Web.UpdateInfoTest
16:38:43.058 [main] INFO  - Test Suite Started: UpdateInfoTest
16:38:43.309 [main] DEBUG net.thucydides.core.steps.StepEventBus - Test suite started for UpdateInfoTest in class Test.Web.UpdateInfoTest
16:38:43.309 [main] INFO  - Test Suite Started: UpdateInfoTest
16:38:43.309 [main] DEBUG net.serenitybdd.junit5.SerenityTestExecutionListener - Thread[#1,main,5,main] Test started TestIdentifier [uniqueId = [engine:junit-jupiter]/[class:Test.Web.UpdateInfoTest]/[method:checkOpenUpdateInfoPage()], parentId = [engine:junit-jupiter]/[class:Test.Web.UpdateInfoTest], displayName = 'Kiểm tra hiển thị trang cập nhật thông tin', legacyReportingName = 'checkOpenUpdateInfoPage()', source = MethodSource [className = 'Test.Web.UpdateInfoTest', methodName = 'checkOpenUpdateInfoPage', methodParameterTypes = ''], tags = [], type = TEST]
16:38:43.309 [main] INFO  - 
  _____   ___   ___   _____     ___   _____     _     ___   _____   ___   ___  
 |_   _| | __| / __| |_   _|   / __| |_   _|   /_\   | _ \ |_   _| | __| |   \ 
   | |   | _|  \__ \   | |     \__ \   | |    / _ \  |   /   | |   | _|  | |) |
   |_|   |___| |___/   |_|     |___/   |_|   /_/ \_\ |_|_\   |_|   |___| |___/ 

Kiểm tra hiển thị trang cập nhật thông tin([engine:junit-jupiter]/[class:Test.Web.UpdateInfoTest]/[method:checkOpenUpdateInfoPage()])
--------------------------------------------------------------------------------
16:38:43.325 [main] DEBUG net.thucydides.core.steps.StepInterceptor - STARTING STEP: StepInterceptor.testContext - truy cập trang đăng nhập
16:38:43.372 [main] INFO net.serenitybdd.core.webdriver.driverproviders.ChromeDriverProvider - Starting Chrome driver instance with capabilities:
16:38:43.372 [main] INFO net.serenitybdd.core.webdriver.driverproviders.ChromeDriverProvider - Capabilities {acceptInsecureCerts: false, browserName: chrome, goog:chromeOptions: {args: [remote-allow-origins=*, --headless=chrome, --headless], extensions: []}}
16:38:44.466 [main] DEBUG net.serenitybdd.core.photography.Darkroom - Opening darkroom
16:38:44.466 [Darkroom Processing Line] DEBUG net.serenitybdd.core.photography.DarkroomProcessingLine - Darkroom processing line starting up
16:38:45.250 [main] DEBUG net.serenitybdd.core.photography.Darkroom - Send negative for processing for C:\Users\Katon\Documents\JavaProject\DemoSerenityFramework\target\site\serenity\4f5f7c5fb69b37d5193473d6bb3163c3c2b362d2d6653f5ef4eaa646aefcd234.png
16:38:45.250 [main] DEBUG net.thucydides.core.steps.StepInterceptor - STEP DONE: truy cập trang đăng nhập
16:38:45.250 [main] DEBUG net.thucydides.core.steps.StepInterceptor - STARTING STEP: StepInterceptor.testContext - xóa dữ liệu ô nhập
16:38:46.164 [main] DEBUG net.serenitybdd.core.photography.Darkroom - Send negative for processing for C:\Users\Katon\Documents\JavaProject\DemoSerenityFramework\target\site\serenity\4f5f7c5fb69b37d5193473d6bb3163c3c2b362d2d6653f5ef4eaa646aefcd234.png
16:38:46.164 [main] DEBUG net.thucydides.core.steps.StepInterceptor - STEP DONE: xóa dữ liệu ô nhập
16:38:46.171 [main] DEBUG net.thucydides.core.steps.StepInterceptor - STARTING STEP: StepInterceptor.testContext - nhập tài khoản
16:38:46.533 [main] DEBUG net.serenitybdd.core.photography.Darkroom - Send negative for processing for C:\Users\Katon\Documents\JavaProject\DemoSerenityFramework\target\site\serenity\dc833e7d4416efb2734884ff032756f289c1b86b165792aa692eaeaf98013b50.png
16:38:46.533 [main] DEBUG net.thucydides.core.steps.StepInterceptor - STEP DONE: nhập tài khoản
16:38:46.533 [main] DEBUG net.thucydides.core.steps.StepInterceptor - STARTING STEP: StepInterceptor.testContext - nhập mật khẩu
16:38:46.580 [main] DEBUG net.thucydides.core.steps.StepInterceptor - STEP DONE: nhập mật khẩu
16:38:46.580 [main] DEBUG net.thucydides.core.steps.StepInterceptor - STARTING STEP: StepInterceptor.testContext - bấm nút đăng nhập
16:38:47.910 [main] DEBUG net.serenitybdd.core.photography.Darkroom - Send negative for processing for C:\Users\Katon\Documents\JavaProject\DemoSerenityFramework\target\site\serenity\30c273840467a46de4a15cad12c1f5e2040bb5c73e3873d2f8ef80aa249e3bad.png
16:38:47.926 [main] DEBUG net.thucydides.core.steps.StepInterceptor - STEP DONE: bấm nút đăng nhập
16:38:47.931 [main] DEBUG net.thucydides.core.steps.StepInterceptor - STARTING STEP: StepInterceptor.testContext - bấm nút cập nhật
16:38:48.997 [main] DEBUG net.serenitybdd.core.photography.Darkroom - Send negative for processing for C:\Users\Katon\Documents\JavaProject\DemoSerenityFramework\target\site\serenity\e1341ffb994f070516bf203a6f8c79dd80414b86f19d36f44d136abf1447eb73.png
16:38:49.000 [main] DEBUG net.thucydides.core.steps.StepInterceptor - STEP DONE: bấm nút cập nhật
16:38:49.012 [main] DEBUG net.thucydides.core.steps.StepInterceptor - STARTING STEP: StepInterceptor.testContext - kiểm tra ô nhập họ tên bị vô hiệu hóa
16:38:49.030 [main] DEBUG net.thucydides.core.steps.StepInterceptor - STEP DONE: kiểm tra ô nhập họ tên bị vô hiệu hóa
]]></system-out>
    <system-err><![CDATA[Mar 25, 2025 4:38:44 PM org.openqa.selenium.devtools.CdpVersionFinder findNearestMatch
WARNING: Unable to find CDP implementation matching 134
Mar 25, 2025 4:38:44 PM org.openqa.selenium.chromium.ChromiumDriver lambda$new$5
WARNING: Unable to find version of CDP to use for 134.0.6998.166. You may need to include a dependency on a specific version of the CDP using something similar to `org.seleniumhq.selenium:selenium-devtools-v86:4.14.1` where the version ("v86") matches the version of the chromium-based browser you're using and the version number of the artifact is the same as Selenium's.
]]></system-err>
  </testcase>
  <testcase name="checkUpdateInfoSuccess" classname="Test.Web.UpdateInfoTest" time="9.355">
    <system-out><![CDATA[16:38:49.030 [main] INFO  - 
  _____   ___   ___   _____     ___     _     ___   ___   ___   ___  
 |_   _| | __| / __| |_   _|   | _ \   /_\   / __| / __| | __| |   \ 
   | |   | _|  \__ \   | |     |  _/  / _ \  \__ \ \__ \ | _|  | |) |
   |_|   |___| |___/   |_|     |_|   /_/ \_\ |___/ |___/ |___| |___/ 

Kiểm tra hiển thị trang cập nhật thông tin
----------------------------------------------------------------------
16:38:49.233 [main] DEBUG net.thucydides.core.steps.StepEventBus - Test suite started for UpdateInfoTest in class Test.Web.UpdateInfoTest
16:38:49.233 [main] INFO  - Test Suite Started: UpdateInfoTest
16:38:49.233 [main] DEBUG net.serenitybdd.junit5.SerenityTestExecutionListener - Thread[#1,main,5,main] Test started TestIdentifier [uniqueId = [engine:junit-jupiter]/[class:Test.Web.UpdateInfoTest]/[method:checkUpdateInfoSuccess()], parentId = [engine:junit-jupiter]/[class:Test.Web.UpdateInfoTest], displayName = 'kiểm tra cập nhật thông tin thành công', legacyReportingName = 'checkUpdateInfoSuccess()', source = MethodSource [className = 'Test.Web.UpdateInfoTest', methodName = 'checkUpdateInfoSuccess', methodParameterTypes = ''], tags = [], type = TEST]
16:38:49.233 [main] INFO  - 
  _____   ___   ___   _____     ___   _____     _     ___   _____   ___   ___  
 |_   _| | __| / __| |_   _|   / __| |_   _|   /_\   | _ \ |_   _| | __| |   \ 
   | |   | _|  \__ \   | |     \__ \   | |    / _ \  |   /   | |   | _|  | |) |
   |_|   |___| |___/   |_|     |___/   |_|   /_/ \_\ |_|_\   |_|   |___| |___/ 

kiểm tra cập nhật thông tin thành công([engine:junit-jupiter]/[class:Test.Web.UpdateInfoTest]/[method:checkUpdateInfoSuccess()])
--------------------------------------------------------------------------------
16:38:49.249 [main] DEBUG net.thucydides.core.steps.StepInterceptor - STARTING STEP: StepInterceptor.testContext - truy cập trang đăng nhập
16:38:49.280 [main] INFO net.serenitybdd.core.webdriver.driverproviders.ChromeDriverProvider - Starting Chrome driver instance with capabilities:
16:38:49.280 [main] INFO net.serenitybdd.core.webdriver.driverproviders.ChromeDriverProvider - Capabilities {acceptInsecureCerts: false, browserName: chrome, goog:chromeOptions: {args: [remote-allow-origins=*, --headless=chrome, --headless], extensions: []}}
16:38:50.465 [main] DEBUG net.serenitybdd.core.photography.Darkroom - Opening darkroom
16:38:50.465 [Darkroom Processing Line] DEBUG net.serenitybdd.core.photography.DarkroomProcessingLine - Darkroom processing line starting up
16:38:50.841 [main] DEBUG net.serenitybdd.core.photography.Darkroom - Send negative for processing for C:\Users\Katon\Documents\JavaProject\DemoSerenityFramework\target\site\serenity\4f5f7c5fb69b37d5193473d6bb3163c3c2b362d2d6653f5ef4eaa646aefcd234.png
16:38:50.841 [main] DEBUG net.thucydides.core.steps.StepInterceptor - STEP DONE: truy cập trang đăng nhập
16:38:50.848 [main] DEBUG net.thucydides.core.steps.StepInterceptor - STARTING STEP: StepInterceptor.testContext - xóa dữ liệu ô nhập
16:38:51.739 [main] DEBUG net.serenitybdd.core.photography.Darkroom - Send negative for processing for C:\Users\Katon\Documents\JavaProject\DemoSerenityFramework\target\site\serenity\4f5f7c5fb69b37d5193473d6bb3163c3c2b362d2d6653f5ef4eaa646aefcd234.png
16:38:51.739 [main] DEBUG net.thucydides.core.steps.StepInterceptor - STEP DONE: xóa dữ liệu ô nhập
16:38:51.755 [main] DEBUG net.thucydides.core.steps.StepInterceptor - STARTING STEP: StepInterceptor.testContext - nhập tài khoản
16:38:52.085 [main] DEBUG net.serenitybdd.core.photography.Darkroom - Send negative for processing for C:\Users\Katon\Documents\JavaProject\DemoSerenityFramework\target\site\serenity\dc833e7d4416efb2734884ff032756f289c1b86b165792aa692eaeaf98013b50.png
16:38:52.085 [main] DEBUG net.thucydides.core.steps.StepInterceptor - STEP DONE: nhập tài khoản
16:38:52.101 [main] DEBUG net.thucydides.core.steps.StepInterceptor - STARTING STEP: StepInterceptor.testContext - nhập mật khẩu
16:38:52.436 [main] DEBUG net.serenitybdd.core.photography.Darkroom - Send negative for processing for C:\Users\Katon\Documents\JavaProject\DemoSerenityFramework\target\site\serenity\26c31608ecde0a70e2641b00af1e90c1f4466d8349be07ff94bff6b45e87c71f.png
16:38:52.436 [main] DEBUG net.thucydides.core.steps.StepInterceptor - STEP DONE: nhập mật khẩu
16:38:52.439 [main] DEBUG net.thucydides.core.steps.StepInterceptor - STARTING STEP: StepInterceptor.testContext - bấm nút đăng nhập
16:38:53.467 [main] DEBUG net.serenitybdd.core.photography.Darkroom - Send negative for processing for C:\Users\Katon\Documents\JavaProject\DemoSerenityFramework\target\site\serenity\30c273840467a46de4a15cad12c1f5e2040bb5c73e3873d2f8ef80aa249e3bad.png
16:38:53.467 [main] DEBUG net.thucydides.core.steps.StepInterceptor - STEP DONE: bấm nút đăng nhập
16:38:53.467 [main] DEBUG net.thucydides.core.steps.StepInterceptor - STARTING STEP: StepInterceptor.testContext - bấm nút cập nhật
16:38:54.097 [main] DEBUG net.serenitybdd.core.photography.Darkroom - Send negative for processing for C:\Users\Katon\Documents\JavaProject\DemoSerenityFramework\target\site\serenity\e1341ffb994f070516bf203a6f8c79dd80414b86f19d36f44d136abf1447eb73.png
16:38:54.098 [main] DEBUG net.thucydides.core.steps.StepInterceptor - STEP DONE: bấm nút cập nhật
16:38:54.098 [main] DEBUG net.thucydides.core.steps.StepInterceptor - STARTING STEP: StepInterceptor.testContext - xóa dữ liệu ô nhập
16:38:54.489 [main] DEBUG net.serenitybdd.core.photography.Darkroom - Send negative for processing for C:\Users\Katon\Documents\JavaProject\DemoSerenityFramework\target\site\serenity\509c0ea80cc10b1690b30e0ecd5fc1d2292aa887cfccfdbb28986b5e1d941898.png
16:38:54.489 [main] DEBUG net.thucydides.core.steps.StepInterceptor - STEP DONE: xóa dữ liệu ô nhập
16:38:54.489 [Darkroom Processing Line] DEBUG net.serenitybdd.core.photography.DarkroomProcessingLine - Processing screenshot image in /var/screenshots/screenshot-7358841501272328867
16:38:54.489 [Darkroom Processing Line] DEBUG net.serenitybdd.core.photography.DarkroomProcessingLine - Saving screenshot to C:\Users\Katon\Documents\JavaProject\DemoSerenityFramework\target\site\serenity\509c0ea80cc10b1690b30e0ecd5fc1d2292aa887cfccfdbb28986b5e1d941898.png
16:38:54.489 [main] DEBUG net.thucydides.core.steps.StepInterceptor - STARTING STEP: StepInterceptor.testContext - nhập họ tên
16:38:54.834 [main] DEBUG net.serenitybdd.core.photography.Darkroom - Send negative for processing for C:\Users\Katon\Documents\JavaProject\DemoSerenityFramework\target\site\serenity\466792bc240c5a9df24e344b9805a18531c0931339edae2d77acc7cf74b1a6d2.png
16:38:54.834 [main] DEBUG net.thucydides.core.steps.StepInterceptor - STEP DONE: nhập họ tên
16:38:54.837 [Darkroom Processing Line] DEBUG net.serenitybdd.core.photography.DarkroomProcessingLine - Processing screenshot image in /var/screenshots/screenshot-10369406117617019303
16:38:54.837 [Darkroom Processing Line] DEBUG net.serenitybdd.core.photography.DarkroomProcessingLine - Saving screenshot to C:\Users\Katon\Documents\JavaProject\DemoSerenityFramework\target\site\serenity\466792bc240c5a9df24e344b9805a18531c0931339edae2d77acc7cf74b1a6d2.png
16:38:54.838 [main] DEBUG net.thucydides.core.steps.StepInterceptor - STARTING STEP: StepInterceptor.testContext - nhập số điện thoại
16:38:55.667 [main] DEBUG net.serenitybdd.core.photography.Darkroom - Send negative for processing for C:\Users\Katon\Documents\JavaProject\DemoSerenityFramework\target\site\serenity\ec9d9579434ccdf1222f2eb35d63fb33e19585d3456fd39b66600d045fe76840.png
16:38:55.667 [Darkroom Processing Line] DEBUG net.serenitybdd.core.photography.DarkroomProcessingLine - Processing screenshot image in /var/screenshots/screenshot-12272752431557540075
16:38:55.667 [Darkroom Processing Line] DEBUG net.serenitybdd.core.photography.DarkroomProcessingLine - Saving screenshot to C:\Users\Katon\Documents\JavaProject\DemoSerenityFramework\target\site\serenity\ec9d9579434ccdf1222f2eb35d63fb33e19585d3456fd39b66600d045fe76840.png
16:38:55.667 [main] DEBUG net.thucydides.core.steps.StepInterceptor - STEP DONE: nhập số điện thoại
16:38:55.684 [main] DEBUG net.thucydides.core.steps.StepInterceptor - STARTING STEP: StepInterceptor.testContext - nhập địa chỉ email
16:38:56.539 [main] DEBUG net.serenitybdd.core.photography.Darkroom - Send negative for processing for C:\Users\Katon\Documents\JavaProject\DemoSerenityFramework\target\site\serenity\f5fec4dad558e49dfd1571200460b6cd76a1d602af5b6441754fdef477109e29.png
16:38:56.539 [main] DEBUG net.thucydides.core.steps.StepInterceptor - STEP DONE: nhập địa chỉ email
16:38:56.539 [Darkroom Processing Line] DEBUG net.serenitybdd.core.photography.DarkroomProcessingLine - Processing screenshot image in /var/screenshots/screenshot-12983110132358772196
16:38:56.539 [Darkroom Processing Line] DEBUG net.serenitybdd.core.photography.DarkroomProcessingLine - Saving screenshot to C:\Users\Katon\Documents\JavaProject\DemoSerenityFramework\target\site\serenity\f5fec4dad558e49dfd1571200460b6cd76a1d602af5b6441754fdef477109e29.png
16:38:56.549 [main] DEBUG net.thucydides.core.steps.StepInterceptor - STARTING STEP: StepInterceptor.testContext - bấm nút lưu
16:38:57.446 [main] DEBUG net.serenitybdd.core.photography.Darkroom - Send negative for processing for C:\Users\Katon\Documents\JavaProject\DemoSerenityFramework\target\site\serenity\2af07f856a9241c6b373ef0544fbdcc0d8abc82d9134ab17c5b89f241820b27e.png
16:38:57.446 [Darkroom Processing Line] DEBUG net.serenitybdd.core.photography.DarkroomProcessingLine - Processing screenshot image in /var/screenshots/screenshot-1085806322394254109
16:38:57.446 [Darkroom Processing Line] DEBUG net.serenitybdd.core.photography.DarkroomProcessingLine - Saving screenshot to C:\Users\Katon\Documents\JavaProject\DemoSerenityFramework\target\site\serenity\2af07f856a9241c6b373ef0544fbdcc0d8abc82d9134ab17c5b89f241820b27e.png
16:38:57.449 [main] DEBUG net.thucydides.core.steps.StepInterceptor - STEP DONE: bấm nút lưu
16:38:57.453 [main] DEBUG net.thucydides.core.steps.StepInterceptor - STARTING STEP: StepInterceptor.testContext - bấm nút đồng ý
16:38:58.230 [main] DEBUG net.serenitybdd.core.photography.Darkroom - Send negative for processing for C:\Users\Katon\Documents\JavaProject\DemoSerenityFramework\target\site\serenity\faadfaabcbaf4083be2552d0e8b0c0e2a9c42261b56037f529212d5cdb9e511f.png
16:38:58.230 [Darkroom Processing Line] DEBUG net.serenitybdd.core.photography.DarkroomProcessingLine - Processing screenshot image in /var/screenshots/screenshot-17188319756323019513
16:38:58.230 [Darkroom Processing Line] DEBUG net.serenitybdd.core.photography.DarkroomProcessingLine - Saving screenshot to C:\Users\Katon\Documents\JavaProject\DemoSerenityFramework\target\site\serenity\faadfaabcbaf4083be2552d0e8b0c0e2a9c42261b56037f529212d5cdb9e511f.png
16:38:58.230 [main] DEBUG net.thucydides.core.steps.StepInterceptor - STEP DONE: bấm nút đồng ý
16:38:58.246 [main] DEBUG net.thucydides.core.steps.StepInterceptor - STARTING STEP: StepInterceptor.testContext - kiểm tra hiển thị thông báo cập nhật thông tin tài khoản thành công
16:38:58.573 [main] DEBUG net.serenitybdd.core.photography.Darkroom - Send negative for processing for C:\Users\Katon\Documents\JavaProject\DemoSerenityFramework\target\site\serenity\324e0b4f378236ee9116b7bb091fe73b6e9fdffe0a8d9d59626575a8586b82e1.png
16:38:58.573 [main] DEBUG net.thucydides.core.steps.StepInterceptor - STEP DONE: kiểm tra hiển thị thông báo cập nhật thông tin tài khoản thành công
16:38:58.573 [Darkroom Processing Line] DEBUG net.serenitybdd.core.photography.DarkroomProcessingLine - Processing screenshot image in /var/screenshots/screenshot-5276502984182905826
16:38:58.573 [Darkroom Processing Line] DEBUG net.serenitybdd.core.photography.DarkroomProcessingLine - Saving screenshot to C:\Users\Katon\Documents\JavaProject\DemoSerenityFramework\target\site\serenity\324e0b4f378236ee9116b7bb091fe73b6e9fdffe0a8d9d59626575a8586b82e1.png
]]></system-out>
    <system-err><![CDATA[Mar 25, 2025 4:38:50 PM org.openqa.selenium.devtools.CdpVersionFinder findNearestMatch
WARNING: Unable to find CDP implementation matching 134
Mar 25, 2025 4:38:50 PM org.openqa.selenium.chromium.ChromiumDriver lambda$new$5
WARNING: Unable to find version of CDP to use for 134.0.6998.166. You may need to include a dependency on a specific version of the CDP using something similar to `org.seleniumhq.selenium:selenium-devtools-v86:4.14.1` where the version ("v86") matches the version of the chromium-based browser you're using and the version number of the artifact is the same as Selenium's.
]]></system-err>
  </testcase>
  <testcase name="checkClickButtonBack" classname="Test.Web.UpdateInfoTest" time="8.193">
    <system-out><![CDATA[16:38:58.597 [main] INFO  - 
  _____   ___   ___   _____     ___     _     ___   ___   ___   ___  
 |_   _| | __| / __| |_   _|   | _ \   /_\   / __| / __| | __| |   \ 
   | |   | _|  \__ \   | |     |  _/  / _ \  \__ \ \__ \ | _|  | |) |
   |_|   |___| |___/   |_|     |_|   /_/ \_\ |___/ |___/ |___| |___/ 

kiểm tra cập nhật thông tin thành công
----------------------------------------------------------------------
16:38:58.774 [main] DEBUG net.thucydides.core.steps.StepEventBus - Test suite started for UpdateInfoTest in class Test.Web.UpdateInfoTest
16:38:58.774 [main] INFO  - Test Suite Started: UpdateInfoTest
16:38:58.774 [main] DEBUG net.serenitybdd.junit5.SerenityTestExecutionListener - Thread[#1,main,5,main] Test started TestIdentifier [uniqueId = [engine:junit-jupiter]/[class:Test.Web.UpdateInfoTest]/[method:checkClickButtonBack()], parentId = [engine:junit-jupiter]/[class:Test.Web.UpdateInfoTest], displayName = 'kiểm tra bấm nút trở về', legacyReportingName = 'checkClickButtonBack()', source = MethodSource [className = 'Test.Web.UpdateInfoTest', methodName = 'checkClickButtonBack', methodParameterTypes = ''], tags = [], type = TEST]
16:38:58.774 [main] INFO  - 
  _____   ___   ___   _____     ___   _____     _     ___   _____   ___   ___  
 |_   _| | __| / __| |_   _|   / __| |_   _|   /_\   | _ \ |_   _| | __| |   \ 
   | |   | _|  \__ \   | |     \__ \   | |    / _ \  |   /   | |   | _|  | |) |
   |_|   |___| |___/   |_|     |___/   |_|   /_/ \_\ |_|_\   |_|   |___| |___/ 

kiểm tra bấm nút trở về([engine:junit-jupiter]/[class:Test.Web.UpdateInfoTest]/[method:checkClickButtonBack()])
--------------------------------------------------------------------------------
16:38:58.774 [main] DEBUG net.thucydides.core.steps.StepInterceptor - STARTING STEP: StepInterceptor.testContext - truy cập trang đăng nhập
16:38:58.821 [main] INFO net.serenitybdd.core.webdriver.driverproviders.ChromeDriverProvider - Starting Chrome driver instance with capabilities:
16:38:58.821 [main] INFO net.serenitybdd.core.webdriver.driverproviders.ChromeDriverProvider - Capabilities {acceptInsecureCerts: false, browserName: chrome, goog:chromeOptions: {args: [remote-allow-origins=*, --headless=chrome, --headless], extensions: []}}
16:38:59.999 [main] DEBUG net.serenitybdd.core.photography.Darkroom - Opening darkroom
16:38:59.999 [Darkroom Processing Line] DEBUG net.serenitybdd.core.photography.DarkroomProcessingLine - Darkroom processing line starting up
16:39:00.799 [main] DEBUG net.serenitybdd.core.photography.Darkroom - Send negative for processing for C:\Users\Katon\Documents\JavaProject\DemoSerenityFramework\target\site\serenity\4f5f7c5fb69b37d5193473d6bb3163c3c2b362d2d6653f5ef4eaa646aefcd234.png
16:39:00.799 [main] DEBUG net.thucydides.core.steps.StepInterceptor - STEP DONE: truy cập trang đăng nhập
16:39:00.813 [main] DEBUG net.thucydides.core.steps.StepInterceptor - STARTING STEP: StepInterceptor.testContext - xóa dữ liệu ô nhập
16:39:01.798 [main] DEBUG net.serenitybdd.core.photography.Darkroom - Send negative for processing for C:\Users\Katon\Documents\JavaProject\DemoSerenityFramework\target\site\serenity\4f5f7c5fb69b37d5193473d6bb3163c3c2b362d2d6653f5ef4eaa646aefcd234.png
16:39:01.798 [main] DEBUG net.thucydides.core.steps.StepInterceptor - STEP DONE: xóa dữ liệu ô nhập
16:39:01.807 [main] DEBUG net.thucydides.core.steps.StepInterceptor - STARTING STEP: StepInterceptor.testContext - nhập tài khoản
16:39:02.168 [main] DEBUG net.serenitybdd.core.photography.Darkroom - Send negative for processing for C:\Users\Katon\Documents\JavaProject\DemoSerenityFramework\target\site\serenity\dc833e7d4416efb2734884ff032756f289c1b86b165792aa692eaeaf98013b50.png
16:39:02.168 [main] DEBUG net.thucydides.core.steps.StepInterceptor - STEP DONE: nhập tài khoản
16:39:02.184 [main] DEBUG net.thucydides.core.steps.StepInterceptor - STARTING STEP: StepInterceptor.testContext - nhập mật khẩu
16:39:03.031 [main] DEBUG net.serenitybdd.core.photography.Darkroom - Send negative for processing for C:\Users\Katon\Documents\JavaProject\DemoSerenityFramework\target\site\serenity\86ce05be554b12cdf2852352fdbee1b35e0d807cdb4cf7f2f54ed3ed539a4d66.png
16:39:03.031 [main] DEBUG net.thucydides.core.steps.StepInterceptor - STEP DONE: nhập mật khẩu
16:39:03.930 [main] DEBUG net.serenitybdd.core.photography.Darkroom - Send negative for processing for C:\Users\Katon\Documents\JavaProject\DemoSerenityFramework\target\site\serenity\26c31608ecde0a70e2641b00af1e90c1f4466d8349be07ff94bff6b45e87c71f.png
16:39:03.930 [main] DEBUG net.thucydides.core.steps.StepInterceptor - STARTING STEP: StepInterceptor.testContext - bấm nút đăng nhập
16:39:05.237 [main] DEBUG net.serenitybdd.core.photography.Darkroom - Send negative for processing for C:\Users\Katon\Documents\JavaProject\DemoSerenityFramework\target\site\serenity\30c273840467a46de4a15cad12c1f5e2040bb5c73e3873d2f8ef80aa249e3bad.png
16:39:05.237 [main] DEBUG net.thucydides.core.steps.StepInterceptor - STEP DONE: bấm nút đăng nhập
16:39:05.247 [main] DEBUG net.thucydides.core.steps.StepInterceptor - STARTING STEP: StepInterceptor.testContext - bấm nút cập nhật
16:39:06.300 [main] DEBUG net.serenitybdd.core.photography.Darkroom - Send negative for processing for C:\Users\Katon\Documents\JavaProject\DemoSerenityFramework\target\site\serenity\e1341ffb994f070516bf203a6f8c79dd80414b86f19d36f44d136abf1447eb73.png
16:39:06.300 [main] DEBUG net.thucydides.core.steps.StepInterceptor - STEP DONE: bấm nút cập nhật
16:39:06.312 [main] DEBUG net.thucydides.core.steps.StepInterceptor - STARTING STEP: StepInterceptor.testContext - bấm nút trở về
16:39:06.933 [main] DEBUG net.serenitybdd.core.photography.Darkroom - Send negative for processing for C:\Users\Katon\Documents\JavaProject\DemoSerenityFramework\target\site\serenity\30c273840467a46de4a15cad12c1f5e2040bb5c73e3873d2f8ef80aa249e3bad.png
16:39:06.933 [main] DEBUG net.thucydides.core.steps.StepInterceptor - STEP DONE: bấm nút trở về
16:39:06.933 [main] DEBUG net.thucydides.core.steps.StepInterceptor - STARTING STEP: StepInterceptor.testContext - kiểm tra ô nhập họ tên bị vô hiệu hóa
16:39:06.967 [main] DEBUG net.thucydides.core.steps.StepInterceptor - STEP DONE: kiểm tra ô nhập họ tên bị vô hiệu hóa
]]></system-out>
    <system-err><![CDATA[Mar 25, 2025 4:38:59 PM org.openqa.selenium.devtools.CdpVersionFinder findNearestMatch
WARNING: Unable to find CDP implementation matching 134
Mar 25, 2025 4:38:59 PM org.openqa.selenium.chromium.ChromiumDriver lambda$new$5
WARNING: Unable to find version of CDP to use for 134.0.6998.166. You may need to include a dependency on a specific version of the CDP using something similar to `org.seleniumhq.selenium:selenium-devtools-v86:4.14.1` where the version ("v86") matches the version of the chromium-based browser you're using and the version number of the artifact is the same as Selenium's.
]]></system-err>
  </testcase>
  <testcase name="checkEmptyInputUserName" classname="Test.Web.UpdateInfoTest" time="11.16">
    <system-out><![CDATA[16:39:06.969 [main] INFO  - 
  _____   ___   ___   _____     ___     _     ___   ___   ___   ___  
 |_   _| | __| / __| |_   _|   | _ \   /_\   / __| / __| | __| |   \ 
   | |   | _|  \__ \   | |     |  _/  / _ \  \__ \ \__ \ | _|  | |) |
   |_|   |___| |___/   |_|     |_|   /_/ \_\ |___/ |___/ |___| |___/ 

kiểm tra bấm nút trở về
----------------------------------------------------------------------
16:39:07.138 [main] DEBUG net.thucydides.core.steps.StepEventBus - Test suite started for UpdateInfoTest in class Test.Web.UpdateInfoTest
16:39:07.138 [main] INFO  - Test Suite Started: UpdateInfoTest
16:39:07.138 [main] DEBUG net.serenitybdd.junit5.SerenityTestExecutionListener - Thread[#1,main,5,main] Test started TestIdentifier [uniqueId = [engine:junit-jupiter]/[class:Test.Web.UpdateInfoTest]/[method:checkEmptyInputUserName()], parentId = [engine:junit-jupiter]/[class:Test.Web.UpdateInfoTest], displayName = 'kiểm tra bỏ trống họ tên', legacyReportingName = 'checkEmptyInputUserName()', source = MethodSource [className = 'Test.Web.UpdateInfoTest', methodName = 'checkEmptyInputUserName', methodParameterTypes = ''], tags = [], type = TEST]
16:39:07.138 [main] INFO  - 
  _____   ___   ___   _____     ___   _____     _     ___   _____   ___   ___  
 |_   _| | __| / __| |_   _|   / __| |_   _|   /_\   | _ \ |_   _| | __| |   \ 
   | |   | _|  \__ \   | |     \__ \   | |    / _ \  |   /   | |   | _|  | |) |
   |_|   |___| |___/   |_|     |___/   |_|   /_/ \_\ |_|_\   |_|   |___| |___/ 

kiểm tra bỏ trống họ tên([engine:junit-jupiter]/[class:Test.Web.UpdateInfoTest]/[method:checkEmptyInputUserName()])
--------------------------------------------------------------------------------
16:39:07.138 [main] DEBUG net.thucydides.core.steps.StepInterceptor - STARTING STEP: StepInterceptor.testContext - truy cập trang đăng nhập
16:39:07.169 [main] INFO net.serenitybdd.core.webdriver.driverproviders.ChromeDriverProvider - Starting Chrome driver instance with capabilities:
16:39:07.169 [main] INFO net.serenitybdd.core.webdriver.driverproviders.ChromeDriverProvider - Capabilities {acceptInsecureCerts: false, browserName: chrome, goog:chromeOptions: {args: [remote-allow-origins=*, --headless=chrome, --headless], extensions: []}}
16:39:08.265 [main] DEBUG net.serenitybdd.core.photography.Darkroom - Opening darkroom
16:39:08.265 [Darkroom Processing Line] DEBUG net.serenitybdd.core.photography.DarkroomProcessingLine - Darkroom processing line starting up
16:39:09.081 [main] DEBUG net.serenitybdd.core.photography.Darkroom - Send negative for processing for C:\Users\Katon\Documents\JavaProject\DemoSerenityFramework\target\site\serenity\4f5f7c5fb69b37d5193473d6bb3163c3c2b362d2d6653f5ef4eaa646aefcd234.png
16:39:09.081 [main] DEBUG net.thucydides.core.steps.StepInterceptor - STEP DONE: truy cập trang đăng nhập
16:39:09.081 [main] DEBUG net.thucydides.core.steps.StepInterceptor - STARTING STEP: StepInterceptor.testContext - xóa dữ liệu ô nhập
16:39:09.986 [main] DEBUG net.serenitybdd.core.photography.Darkroom - Send negative for processing for C:\Users\Katon\Documents\JavaProject\DemoSerenityFramework\target\site\serenity\4f5f7c5fb69b37d5193473d6bb3163c3c2b362d2d6653f5ef4eaa646aefcd234.png
16:39:09.986 [main] DEBUG net.thucydides.core.steps.StepInterceptor - STEP DONE: xóa dữ liệu ô nhập
16:39:10.000 [main] DEBUG net.thucydides.core.steps.StepInterceptor - STARTING STEP: StepInterceptor.testContext - nhập tài khoản
16:39:10.349 [main] DEBUG net.serenitybdd.core.photography.Darkroom - Send negative for processing for C:\Users\Katon\Documents\JavaProject\DemoSerenityFramework\target\site\serenity\dc833e7d4416efb2734884ff032756f289c1b86b165792aa692eaeaf98013b50.png
16:39:10.349 [main] DEBUG net.thucydides.core.steps.StepInterceptor - STEP DONE: nhập tài khoản
16:39:10.367 [main] DEBUG net.thucydides.core.steps.StepInterceptor - STARTING STEP: StepInterceptor.testContext - nhập mật khẩu
16:39:11.233 [main] DEBUG net.serenitybdd.core.photography.Darkroom - Send negative for processing for C:\Users\Katon\Documents\JavaProject\DemoSerenityFramework\target\site\serenity\86ce05be554b12cdf2852352fdbee1b35e0d807cdb4cf7f2f54ed3ed539a4d66.png
16:39:11.233 [main] DEBUG net.thucydides.core.steps.StepInterceptor - STEP DONE: nhập mật khẩu
16:39:11.249 [main] DEBUG net.thucydides.core.steps.StepInterceptor - STARTING STEP: StepInterceptor.testContext - bấm nút đăng nhập
16:39:12.568 [main] DEBUG net.serenitybdd.core.photography.Darkroom - Send negative for processing for C:\Users\Katon\Documents\JavaProject\DemoSerenityFramework\target\site\serenity\30c273840467a46de4a15cad12c1f5e2040bb5c73e3873d2f8ef80aa249e3bad.png
16:39:12.584 [main] DEBUG net.thucydides.core.steps.StepInterceptor - STEP DONE: bấm nút đăng nhập
16:39:12.584 [main] DEBUG net.thucydides.core.steps.StepInterceptor - STARTING STEP: StepInterceptor.testContext - bấm nút cập nhật
16:39:13.635 [main] DEBUG net.serenitybdd.core.photography.Darkroom - Send negative for processing for C:\Users\Katon\Documents\JavaProject\DemoSerenityFramework\target\site\serenity\e1341ffb994f070516bf203a6f8c79dd80414b86f19d36f44d136abf1447eb73.png
16:39:13.650 [main] DEBUG net.thucydides.core.steps.StepInterceptor - STEP DONE: bấm nút cập nhật
16:39:13.654 [main] DEBUG net.thucydides.core.steps.StepInterceptor - STARTING STEP: StepInterceptor.testContext - xóa dữ liệu ô nhập
16:39:14.046 [main] DEBUG net.serenitybdd.core.photography.Darkroom - Send negative for processing for C:\Users\Katon\Documents\JavaProject\DemoSerenityFramework\target\site\serenity\509c0ea80cc10b1690b30e0ecd5fc1d2292aa887cfccfdbb28986b5e1d941898.png
16:39:14.046 [main] DEBUG net.thucydides.core.steps.StepInterceptor - STEP DONE: xóa dữ liệu ô nhập
16:39:14.050 [main] DEBUG net.thucydides.core.steps.StepInterceptor - STARTING STEP: StepInterceptor.testContext - nhập số điện thoại
16:39:14.894 [main] DEBUG net.serenitybdd.core.photography.Darkroom - Send negative for processing for C:\Users\Katon\Documents\JavaProject\DemoSerenityFramework\target\site\serenity\8f53eac94e88e25157686c7783b4c66928da6a24397508770055d2956ddecc91.png
16:39:14.894 [main] DEBUG net.thucydides.core.steps.StepInterceptor - STEP DONE: nhập số điện thoại
16:39:14.894 [Darkroom Processing Line] DEBUG net.serenitybdd.core.photography.DarkroomProcessingLine - Processing screenshot image in /var/screenshots/screenshot-15043532393419740031
16:39:14.894 [Darkroom Processing Line] DEBUG net.serenitybdd.core.photography.DarkroomProcessingLine - Saving screenshot to C:\Users\Katon\Documents\JavaProject\DemoSerenityFramework\target\site\serenity\8f53eac94e88e25157686c7783b4c66928da6a24397508770055d2956ddecc91.png
16:39:14.899 [main] DEBUG net.thucydides.core.steps.StepInterceptor - STARTING STEP: StepInterceptor.testContext - nhập địa chỉ email
16:39:15.748 [main] DEBUG net.serenitybdd.core.photography.Darkroom - Send negative for processing for C:\Users\Katon\Documents\JavaProject\DemoSerenityFramework\target\site\serenity\2258a7844471dfd102c1bb14ff104e9ab41825ed60b68669adb1dc41a11a544c.png
16:39:15.748 [main] DEBUG net.thucydides.core.steps.StepInterceptor - STEP DONE: nhập địa chỉ email
16:39:15.748 [Darkroom Processing Line] DEBUG net.serenitybdd.core.photography.DarkroomProcessingLine - Processing screenshot image in /var/screenshots/screenshot-14211578127788913571
16:39:15.748 [Darkroom Processing Line] DEBUG net.serenitybdd.core.photography.DarkroomProcessingLine - Saving screenshot to C:\Users\Katon\Documents\JavaProject\DemoSerenityFramework\target\site\serenity\2258a7844471dfd102c1bb14ff104e9ab41825ed60b68669adb1dc41a11a544c.png
16:39:15.752 [main] DEBUG net.thucydides.core.steps.StepInterceptor - STARTING STEP: StepInterceptor.testContext - bấm nút lưu
16:39:16.617 [main] DEBUG net.serenitybdd.core.photography.Darkroom - Send negative for processing for C:\Users\Katon\Documents\JavaProject\DemoSerenityFramework\target\site\serenity\7182bbff7ceb9796d960119b8d0d55a70d059e6b65ed58139caf6ef3a9fe88ff.png
16:39:16.617 [Darkroom Processing Line] DEBUG net.serenitybdd.core.photography.DarkroomProcessingLine - Processing screenshot image in /var/screenshots/screenshot-7146207145441337628
16:39:16.617 [Darkroom Processing Line] DEBUG net.serenitybdd.core.photography.DarkroomProcessingLine - Saving screenshot to C:\Users\Katon\Documents\JavaProject\DemoSerenityFramework\target\site\serenity\7182bbff7ceb9796d960119b8d0d55a70d059e6b65ed58139caf6ef3a9fe88ff.png
16:39:16.617 [main] DEBUG net.thucydides.core.steps.StepInterceptor - STEP DONE: bấm nút lưu
16:39:16.630 [main] DEBUG net.thucydides.core.steps.StepInterceptor - STARTING STEP: StepInterceptor.testContext - bấm nút đồng ý
16:39:17.429 [main] DEBUG net.serenitybdd.core.photography.Darkroom - Send negative for processing for C:\Users\Katon\Documents\JavaProject\DemoSerenityFramework\target\site\serenity\459eda7aad908026fe4ab8eb038b7a15a53cff7c88bd4e955be36b6940e59acd.png
16:39:17.429 [Darkroom Processing Line] DEBUG net.serenitybdd.core.photography.DarkroomProcessingLine - Processing screenshot image in /var/screenshots/screenshot-662665841374638726
16:39:17.429 [Darkroom Processing Line] DEBUG net.serenitybdd.core.photography.DarkroomProcessingLine - Saving screenshot to C:\Users\Katon\Documents\JavaProject\DemoSerenityFramework\target\site\serenity\459eda7aad908026fe4ab8eb038b7a15a53cff7c88bd4e955be36b6940e59acd.png
16:39:17.429 [main] DEBUG net.thucydides.core.steps.StepInterceptor - STEP DONE: bấm nút đồng ý
16:39:17.446 [main] DEBUG net.thucydides.core.steps.StepInterceptor - STARTING STEP: StepInterceptor.testContext - kiểm tra hiển thị thông báo họ tên không hợp lệ
16:39:18.298 [main] DEBUG net.serenitybdd.core.photography.Darkroom - Send negative for processing for C:\Users\Katon\Documents\JavaProject\DemoSerenityFramework\target\site\serenity\e134d2c37670d59996e0fed4418a51bc5a52dc8b6f561f5d846d2b9b345b48cf.png
16:39:18.298 [main] DEBUG net.thucydides.core.steps.StepInterceptor - STEP DONE: kiểm tra hiển thị thông báo họ tên không hợp lệ
16:39:18.298 [Darkroom Processing Line] DEBUG net.serenitybdd.core.photography.DarkroomProcessingLine - Processing screenshot image in /var/screenshots/screenshot-16388303781175206300
16:39:18.298 [Darkroom Processing Line] DEBUG net.serenitybdd.core.photography.DarkroomProcessingLine - Saving screenshot to C:\Users\Katon\Documents\JavaProject\DemoSerenityFramework\target\site\serenity\e134d2c37670d59996e0fed4418a51bc5a52dc8b6f561f5d846d2b9b345b48cf.png
]]></system-out>
    <system-err><![CDATA[Mar 25, 2025 4:39:08 PM org.openqa.selenium.devtools.CdpVersionFinder findNearestMatch
WARNING: Unable to find CDP implementation matching 134
Mar 25, 2025 4:39:08 PM org.openqa.selenium.chromium.ChromiumDriver lambda$new$5
WARNING: Unable to find version of CDP to use for 134.0.6998.166. You may need to include a dependency on a specific version of the CDP using something similar to `org.seleniumhq.selenium:selenium-devtools-v86:4.14.1` where the version ("v86") matches the version of the chromium-based browser you're using and the version number of the artifact is the same as Selenium's.
]]></system-err>
  </testcase>
  <testcase name="checkInputUserNameOverLength" classname="Test.Web.UpdateInfoTest" time="10.325">
    <system-out><![CDATA[16:39:18.301 [main] INFO  - 
  _____   ___   ___   _____     ___     _     ___   ___   ___   ___  
 |_   _| | __| / __| |_   _|   | _ \   /_\   / __| / __| | __| |   \ 
   | |   | _|  \__ \   | |     |  _/  / _ \  \__ \ \__ \ | _|  | |) |
   |_|   |___| |___/   |_|     |_|   /_/ \_\ |___/ |___/ |___| |___/ 

kiểm tra bỏ trống họ tên
----------------------------------------------------------------------
16:39:18.477 [main] DEBUG net.thucydides.core.steps.StepEventBus - Test suite started for UpdateInfoTest in class Test.Web.UpdateInfoTest
16:39:18.477 [main] INFO  - Test Suite Started: UpdateInfoTest
16:39:18.477 [main] DEBUG net.serenitybdd.junit5.SerenityTestExecutionListener - Thread[#1,main,5,main] Test started TestIdentifier [uniqueId = [engine:junit-jupiter]/[class:Test.Web.UpdateInfoTest]/[method:checkInputUserNameOverLength()], parentId = [engine:junit-jupiter]/[class:Test.Web.UpdateInfoTest], displayName = 'kiểm tra nhập họ tên > 50 ký tự', legacyReportingName = 'checkInputUserNameOverLength()', source = MethodSource [className = 'Test.Web.UpdateInfoTest', methodName = 'checkInputUserNameOverLength', methodParameterTypes = ''], tags = [], type = TEST]
16:39:18.477 [main] INFO  - 
  _____   ___   ___   _____     ___   _____     _     ___   _____   ___   ___  
 |_   _| | __| / __| |_   _|   / __| |_   _|   /_\   | _ \ |_   _| | __| |   \ 
   | |   | _|  \__ \   | |     \__ \   | |    / _ \  |   /   | |   | _|  | |) |
   |_|   |___| |___/   |_|     |___/   |_|   /_/ \_\ |_|_\   |_|   |___| |___/ 

kiểm tra nhập họ tên > 50 ký tự([engine:junit-jupiter]/[class:Test.Web.UpdateInfoTest]/[method:checkInputUserNameOverLength()])
--------------------------------------------------------------------------------
16:39:18.477 [main] DEBUG net.thucydides.core.steps.StepInterceptor - STARTING STEP: StepInterceptor.testContext - truy cập trang đăng nhập
16:39:18.524 [main] INFO net.serenitybdd.core.webdriver.driverproviders.ChromeDriverProvider - Starting Chrome driver instance with capabilities:
16:39:18.524 [main] INFO net.serenitybdd.core.webdriver.driverproviders.ChromeDriverProvider - Capabilities {acceptInsecureCerts: false, browserName: chrome, goog:chromeOptions: {args: [remote-allow-origins=*, --headless=chrome, --headless], extensions: []}}
16:39:19.666 [main] DEBUG net.serenitybdd.core.photography.Darkroom - Opening darkroom
16:39:19.666 [Darkroom Processing Line] DEBUG net.serenitybdd.core.photography.DarkroomProcessingLine - Darkroom processing line starting up
16:39:20.485 [main] DEBUG net.serenitybdd.core.photography.Darkroom - Send negative for processing for C:\Users\Katon\Documents\JavaProject\DemoSerenityFramework\target\site\serenity\4f5f7c5fb69b37d5193473d6bb3163c3c2b362d2d6653f5ef4eaa646aefcd234.png
16:39:20.485 [main] DEBUG net.thucydides.core.steps.StepInterceptor - STEP DONE: truy cập trang đăng nhập
16:39:20.485 [main] DEBUG net.thucydides.core.steps.StepInterceptor - STARTING STEP: StepInterceptor.testContext - xóa dữ liệu ô nhập
16:39:21.416 [main] DEBUG net.serenitybdd.core.photography.Darkroom - Send negative for processing for C:\Users\Katon\Documents\JavaProject\DemoSerenityFramework\target\site\serenity\4f5f7c5fb69b37d5193473d6bb3163c3c2b362d2d6653f5ef4eaa646aefcd234.png
16:39:21.416 [main] DEBUG net.thucydides.core.steps.StepInterceptor - STEP DONE: xóa dữ liệu ô nhập
16:39:21.416 [main] DEBUG net.thucydides.core.steps.StepInterceptor - STARTING STEP: StepInterceptor.testContext - nhập tài khoản
16:39:21.767 [main] DEBUG net.serenitybdd.core.photography.Darkroom - Send negative for processing for C:\Users\Katon\Documents\JavaProject\DemoSerenityFramework\target\site\serenity\dc833e7d4416efb2734884ff032756f289c1b86b165792aa692eaeaf98013b50.png
16:39:21.767 [main] DEBUG net.thucydides.core.steps.StepInterceptor - STEP DONE: nhập tài khoản
16:39:21.767 [main] DEBUG net.thucydides.core.steps.StepInterceptor - STARTING STEP: StepInterceptor.testContext - nhập mật khẩu
16:39:22.603 [main] DEBUG net.serenitybdd.core.photography.Darkroom - Send negative for processing for C:\Users\Katon\Documents\JavaProject\DemoSerenityFramework\target\site\serenity\86ce05be554b12cdf2852352fdbee1b35e0d807cdb4cf7f2f54ed3ed539a4d66.png
16:39:22.603 [main] DEBUG net.thucydides.core.steps.StepInterceptor - STEP DONE: nhập mật khẩu
16:39:22.615 [main] DEBUG net.thucydides.core.steps.StepInterceptor - STARTING STEP: StepInterceptor.testContext - bấm nút đăng nhập
16:39:23.934 [main] DEBUG net.serenitybdd.core.photography.Darkroom - Send negative for processing for C:\Users\Katon\Documents\JavaProject\DemoSerenityFramework\target\site\serenity\30c273840467a46de4a15cad12c1f5e2040bb5c73e3873d2f8ef80aa249e3bad.png
16:39:23.934 [main] DEBUG net.thucydides.core.steps.StepInterceptor - STEP DONE: bấm nút đăng nhập
16:39:23.947 [main] DEBUG net.thucydides.core.steps.StepInterceptor - STARTING STEP: StepInterceptor.testContext - bấm nút cập nhật
16:39:25.051 [main] DEBUG net.serenitybdd.core.photography.Darkroom - Send negative for processing for C:\Users\Katon\Documents\JavaProject\DemoSerenityFramework\target\site\serenity\e1341ffb994f070516bf203a6f8c79dd80414b86f19d36f44d136abf1447eb73.png
16:39:25.063 [main] DEBUG net.thucydides.core.steps.StepInterceptor - STEP DONE: bấm nút cập nhật
16:39:25.067 [main] DEBUG net.thucydides.core.steps.StepInterceptor - STARTING STEP: StepInterceptor.testContext - xóa dữ liệu ô nhập
16:39:25.450 [main] DEBUG net.serenitybdd.core.photography.Darkroom - Send negative for processing for C:\Users\Katon\Documents\JavaProject\DemoSerenityFramework\target\site\serenity\509c0ea80cc10b1690b30e0ecd5fc1d2292aa887cfccfdbb28986b5e1d941898.png
16:39:25.450 [main] DEBUG net.thucydides.core.steps.StepInterceptor - STEP DONE: xóa dữ liệu ô nhập
16:39:25.462 [main] DEBUG net.thucydides.core.steps.StepInterceptor - STARTING STEP: StepInterceptor.testContext - nhập họ tên
16:39:25.834 [main] DEBUG net.serenitybdd.core.photography.Darkroom - Send negative for processing for C:\Users\Katon\Documents\JavaProject\DemoSerenityFramework\target\site\serenity\8429de3beaaaae9917574b9e8e0f9a1319c9355ecc5305c184f1ff06a176512d.png
16:39:25.834 [main] DEBUG net.thucydides.core.steps.StepInterceptor - STEP DONE: nhập họ tên
16:39:25.834 [Darkroom Processing Line] DEBUG net.serenitybdd.core.photography.DarkroomProcessingLine - Processing screenshot image in /var/screenshots/screenshot-15040707622266576710
16:39:25.834 [Darkroom Processing Line] DEBUG net.serenitybdd.core.photography.DarkroomProcessingLine - Saving screenshot to C:\Users\Katon\Documents\JavaProject\DemoSerenityFramework\target\site\serenity\8429de3beaaaae9917574b9e8e0f9a1319c9355ecc5305c184f1ff06a176512d.png
16:39:25.845 [main] DEBUG net.thucydides.core.steps.StepInterceptor - STARTING STEP: StepInterceptor.testContext - nhập số điện thoại
16:39:25.883 [main] DEBUG net.thucydides.core.steps.StepInterceptor - STEP DONE: nhập số điện thoại
16:39:25.883 [main] DEBUG net.thucydides.core.steps.StepInterceptor - STARTING STEP: StepInterceptor.testContext - nhập địa chỉ email
16:39:26.734 [main] DEBUG net.serenitybdd.core.photography.Darkroom - Send negative for processing for C:\Users\Katon\Documents\JavaProject\DemoSerenityFramework\target\site\serenity\880ea8d9557b469bc58eb3e15bba52f26d2e0f49f1bca62f2d002acf3c4d3cfe.png
16:39:26.746 [main] DEBUG net.thucydides.core.steps.StepInterceptor - STEP DONE: nhập địa chỉ email
16:39:26.746 [Darkroom Processing Line] DEBUG net.serenitybdd.core.photography.DarkroomProcessingLine - Processing screenshot image in /var/screenshots/screenshot-5106909273533704948
16:39:26.746 [Darkroom Processing Line] DEBUG net.serenitybdd.core.photography.DarkroomProcessingLine - Saving screenshot to C:\Users\Katon\Documents\JavaProject\DemoSerenityFramework\target\site\serenity\880ea8d9557b469bc58eb3e15bba52f26d2e0f49f1bca62f2d002acf3c4d3cfe.png
16:39:26.751 [main] DEBUG net.thucydides.core.steps.StepInterceptor - STARTING STEP: StepInterceptor.testContext - bấm nút lưu
16:39:27.617 [main] DEBUG net.serenitybdd.core.photography.Darkroom - Send negative for processing for C:\Users\Katon\Documents\JavaProject\DemoSerenityFramework\target\site\serenity\fe5b7735984c5d4f0a7d8492a85073ced470efb5b33d2e6d7c67facc423fd946.png
16:39:27.617 [Darkroom Processing Line] DEBUG net.serenitybdd.core.photography.DarkroomProcessingLine - Processing screenshot image in /var/screenshots/screenshot-11091900453433164753
16:39:27.617 [Darkroom Processing Line] DEBUG net.serenitybdd.core.photography.DarkroomProcessingLine - Saving screenshot to C:\Users\Katon\Documents\JavaProject\DemoSerenityFramework\target\site\serenity\fe5b7735984c5d4f0a7d8492a85073ced470efb5b33d2e6d7c67facc423fd946.png
16:39:27.617 [main] DEBUG net.thucydides.core.steps.StepInterceptor - STEP DONE: bấm nút lưu
16:39:27.617 [main] DEBUG net.thucydides.core.steps.StepInterceptor - STARTING STEP: StepInterceptor.testContext - bấm nút đồng ý
16:39:28.446 [main] DEBUG net.serenitybdd.core.photography.Darkroom - Send negative for processing for C:\Users\Katon\Documents\JavaProject\DemoSerenityFramework\target\site\serenity\3da0bb4868655a5ca798284c90031e0a1a45b37ad8ff3156bdfa78c179389052.png
16:39:28.446 [Darkroom Processing Line] DEBUG net.serenitybdd.core.photography.DarkroomProcessingLine - Processing screenshot image in /var/screenshots/screenshot-16188937454975215388
16:39:28.446 [Darkroom Processing Line] DEBUG net.serenitybdd.core.photography.DarkroomProcessingLine - Saving screenshot to C:\Users\Katon\Documents\JavaProject\DemoSerenityFramework\target\site\serenity\3da0bb4868655a5ca798284c90031e0a1a45b37ad8ff3156bdfa78c179389052.png
16:39:28.446 [main] DEBUG net.thucydides.core.steps.StepInterceptor - STEP DONE: bấm nút đồng ý
16:39:28.446 [main] DEBUG net.thucydides.core.steps.StepInterceptor - STARTING STEP: StepInterceptor.testContext - kiểm tra hiển thị thông báo họ tên không hợp lệ
16:39:28.802 [main] DEBUG net.serenitybdd.core.photography.Darkroom - Send negative for processing for C:\Users\Katon\Documents\JavaProject\DemoSerenityFramework\target\site\serenity\32c88c7818b4e9c00d835e1e341c087999ea7d0bf1536170d759a09b481ef40f.png
16:39:28.802 [main] DEBUG net.thucydides.core.steps.StepInterceptor - STEP DONE: kiểm tra hiển thị thông báo họ tên không hợp lệ
16:39:28.802 [Darkroom Processing Line] DEBUG net.serenitybdd.core.photography.DarkroomProcessingLine - Processing screenshot image in /var/screenshots/screenshot-7949611527609078204
16:39:28.802 [Darkroom Processing Line] DEBUG net.serenitybdd.core.photography.DarkroomProcessingLine - Saving screenshot to C:\Users\Katon\Documents\JavaProject\DemoSerenityFramework\target\site\serenity\32c88c7818b4e9c00d835e1e341c087999ea7d0bf1536170d759a09b481ef40f.png
]]></system-out>
    <system-err><![CDATA[Mar 25, 2025 4:39:19 PM org.openqa.selenium.devtools.CdpVersionFinder findNearestMatch
WARNING: Unable to find CDP implementation matching 134
Mar 25, 2025 4:39:19 PM org.openqa.selenium.chromium.ChromiumDriver lambda$new$5
WARNING: Unable to find version of CDP to use for 134.0.6998.166. You may need to include a dependency on a specific version of the CDP using something similar to `org.seleniumhq.selenium:selenium-devtools-v86:4.14.1` where the version ("v86") matches the version of the chromium-based browser you're using and the version number of the artifact is the same as Selenium's.
]]></system-err>
  </testcase>
  <testcase name="checkInputUserEmailHeaderIsSpace" classname="Test.Web.UpdateInfoTest" time="8.833">
    <system-out><![CDATA[16:39:28.813 [main] INFO  - 
  _____   ___   ___   _____     ___     _     ___   ___   ___   ___  
 |_   _| | __| / __| |_   _|   | _ \   /_\   / __| / __| | __| |   \ 
   | |   | _|  \__ \   | |     |  _/  / _ \  \__ \ \__ \ | _|  | |) |
   |_|   |___| |___/   |_|     |_|   /_/ \_\ |___/ |___/ |___| |___/ 

kiểm tra nhập họ tên > 50 ký tự
----------------------------------------------------------------------
16:39:29.033 [main] DEBUG net.thucydides.core.steps.StepEventBus - Test suite started for UpdateInfoTest in class Test.Web.UpdateInfoTest
16:39:29.033 [main] INFO  - Test Suite Started: UpdateInfoTest
16:39:29.033 [main] DEBUG net.serenitybdd.junit5.SerenityTestExecutionListener - Thread[#1,main,5,main] Test started TestIdentifier [uniqueId = [engine:junit-jupiter]/[class:Test.Web.UpdateInfoTest]/[method:checkInputUserEmailHeaderIsSpace()], parentId = [engine:junit-jupiter]/[class:Test.Web.UpdateInfoTest], displayName = 'kiểm tra nhập email với đầu chỉ chứa khoảng trắng', legacyReportingName = 'checkInputUserEmailHeaderIsSpace()', source = MethodSource [className = 'Test.Web.UpdateInfoTest', methodName = 'checkInputUserEmailHeaderIsSpace', methodParameterTypes = ''], tags = [], type = TEST]
16:39:29.033 [main] INFO  - 
  _____   ___   ___   _____     ___   _____     _     ___   _____   ___   ___  
 |_   _| | __| / __| |_   _|   / __| |_   _|   /_\   | _ \ |_   _| | __| |   \ 
   | |   | _|  \__ \   | |     \__ \   | |    / _ \  |   /   | |   | _|  | |) |
   |_|   |___| |___/   |_|     |___/   |_|   /_/ \_\ |_|_\   |_|   |___| |___/ 

kiểm tra nhập email với đầu chỉ chứa khoảng trắng([engine:junit-jupiter]/[class:Test.Web.UpdateInfoTest]/[method:checkInputUserEmailHeaderIsSpace()])
--------------------------------------------------------------------------------
16:39:29.033 [main] DEBUG net.thucydides.core.steps.StepInterceptor - STARTING STEP: StepInterceptor.testContext - truy cập trang đăng nhập
16:39:29.064 [main] INFO net.serenitybdd.core.webdriver.driverproviders.ChromeDriverProvider - Starting Chrome driver instance with capabilities:
16:39:29.064 [main] INFO net.serenitybdd.core.webdriver.driverproviders.ChromeDriverProvider - Capabilities {acceptInsecureCerts: false, browserName: chrome, goog:chromeOptions: {args: [remote-allow-origins=*, --headless=chrome, --headless], extensions: []}}
16:39:30.304 [main] DEBUG net.serenitybdd.core.photography.Darkroom - Opening darkroom
16:39:30.305 [Darkroom Processing Line] DEBUG net.serenitybdd.core.photography.DarkroomProcessingLine - Darkroom processing line starting up
16:39:30.681 [main] DEBUG net.serenitybdd.core.photography.Darkroom - Send negative for processing for C:\Users\Katon\Documents\JavaProject\DemoSerenityFramework\target\site\serenity\4f5f7c5fb69b37d5193473d6bb3163c3c2b362d2d6653f5ef4eaa646aefcd234.png
16:39:30.681 [main] DEBUG net.thucydides.core.steps.StepInterceptor - STEP DONE: truy cập trang đăng nhập
16:39:30.681 [main] DEBUG net.thucydides.core.steps.StepInterceptor - STARTING STEP: StepInterceptor.testContext - xóa dữ liệu ô nhập
16:39:31.051 [main] DEBUG net.serenitybdd.core.photography.Darkroom - Send negative for processing for C:\Users\Katon\Documents\JavaProject\DemoSerenityFramework\target\site\serenity\4f5f7c5fb69b37d5193473d6bb3163c3c2b362d2d6653f5ef4eaa646aefcd234.png
16:39:31.051 [main] DEBUG net.thucydides.core.steps.StepInterceptor - STEP DONE: xóa dữ liệu ô nhập
16:39:31.051 [main] DEBUG net.thucydides.core.steps.StepInterceptor - STARTING STEP: StepInterceptor.testContext - nhập tài khoản
16:39:31.452 [main] DEBUG net.serenitybdd.core.photography.Darkroom - Send negative for processing for C:\Users\Katon\Documents\JavaProject\DemoSerenityFramework\target\site\serenity\dc833e7d4416efb2734884ff032756f289c1b86b165792aa692eaeaf98013b50.png
16:39:31.452 [main] DEBUG net.thucydides.core.steps.StepInterceptor - STEP DONE: nhập tài khoản
16:39:31.452 [main] DEBUG net.thucydides.core.steps.StepInterceptor - STARTING STEP: StepInterceptor.testContext - nhập mật khẩu
16:39:31.501 [main] DEBUG net.thucydides.core.steps.StepInterceptor - STEP DONE: nhập mật khẩu
16:39:31.501 [main] DEBUG net.thucydides.core.steps.StepInterceptor - STARTING STEP: StepInterceptor.testContext - bấm nút đăng nhập
16:39:32.437 [main] DEBUG net.serenitybdd.core.photography.Darkroom - Send negative for processing for C:\Users\Katon\Documents\JavaProject\DemoSerenityFramework\target\site\serenity\30c273840467a46de4a15cad12c1f5e2040bb5c73e3873d2f8ef80aa249e3bad.png
16:39:32.437 [main] DEBUG net.thucydides.core.steps.StepInterceptor - STEP DONE: bấm nút đăng nhập
16:39:32.448 [main] DEBUG net.thucydides.core.steps.StepInterceptor - STARTING STEP: StepInterceptor.testContext - bấm nút cập nhật
16:39:33.184 [main] DEBUG net.serenitybdd.core.photography.Darkroom - Send negative for processing for C:\Users\Katon\Documents\JavaProject\DemoSerenityFramework\target\site\serenity\e1341ffb994f070516bf203a6f8c79dd80414b86f19d36f44d136abf1447eb73.png
16:39:33.184 [main] DEBUG net.thucydides.core.steps.StepInterceptor - STEP DONE: bấm nút cập nhật
16:39:33.198 [main] DEBUG net.thucydides.core.steps.StepInterceptor - STARTING STEP: StepInterceptor.testContext - xóa dữ liệu ô nhập
16:39:33.633 [main] DEBUG net.serenitybdd.core.photography.Darkroom - Send negative for processing for C:\Users\Katon\Documents\JavaProject\DemoSerenityFramework\target\site\serenity\509c0ea80cc10b1690b30e0ecd5fc1d2292aa887cfccfdbb28986b5e1d941898.png
16:39:33.633 [main] DEBUG net.thucydides.core.steps.StepInterceptor - STEP DONE: xóa dữ liệu ô nhập
16:39:33.633 [main] DEBUG net.thucydides.core.steps.StepInterceptor - STARTING STEP: StepInterceptor.testContext - nhập họ tên
16:39:34.484 [main] DEBUG net.serenitybdd.core.photography.Darkroom - Send negative for processing for C:\Users\Katon\Documents\JavaProject\DemoSerenityFramework\target\site\serenity\dc7d841433adaec6a84d5064eb51d2ade2954cd61f3d43181922ba198ea02a9f.png
16:39:34.484 [main] DEBUG net.thucydides.core.steps.StepInterceptor - STEP DONE: nhập họ tên
16:39:34.493 [Darkroom Processing Line] DEBUG net.serenitybdd.core.photography.DarkroomProcessingLine - Processing screenshot image in /var/screenshots/screenshot-12933203631559372999
16:39:34.493 [Darkroom Processing Line] DEBUG net.serenitybdd.core.photography.DarkroomProcessingLine - Saving screenshot to C:\Users\Katon\Documents\JavaProject\DemoSerenityFramework\target\site\serenity\dc7d841433adaec6a84d5064eb51d2ade2954cd61f3d43181922ba198ea02a9f.png
16:39:34.500 [main] DEBUG net.thucydides.core.steps.StepInterceptor - STARTING STEP: StepInterceptor.testContext - nhập số điện thoại
16:39:34.866 [main] DEBUG net.serenitybdd.core.photography.Darkroom - Send negative for processing for C:\Users\Katon\Documents\JavaProject\DemoSerenityFramework\target\site\serenity\a96db2f358b8cbd88a4937cbc0190d23861f3b6d473e97ea0d26183f7ff07505.png
16:39:34.866 [main] DEBUG net.thucydides.core.steps.StepInterceptor - STEP DONE: nhập số điện thoại
16:39:34.866 [Darkroom Processing Line] DEBUG net.serenitybdd.core.photography.DarkroomProcessingLine - Processing screenshot image in /var/screenshots/screenshot-9913264187404774248
16:39:34.866 [Darkroom Processing Line] DEBUG net.serenitybdd.core.photography.DarkroomProcessingLine - Saving screenshot to C:\Users\Katon\Documents\JavaProject\DemoSerenityFramework\target\site\serenity\a96db2f358b8cbd88a4937cbc0190d23861f3b6d473e97ea0d26183f7ff07505.png
16:39:34.879 [main] DEBUG net.thucydides.core.steps.StepInterceptor - STARTING STEP: StepInterceptor.testContext - nhập địa chỉ email
16:39:35.271 [main] DEBUG net.serenitybdd.core.photography.Darkroom - Send negative for processing for C:\Users\Katon\Documents\JavaProject\DemoSerenityFramework\target\site\serenity\9b6245e469947c99eb66f810c2f49728de87cc90e5379d770ba0fdee2bb5258e.png
16:39:35.271 [main] DEBUG net.thucydides.core.steps.StepInterceptor - STEP DONE: nhập địa chỉ email
16:39:35.271 [Darkroom Processing Line] DEBUG net.serenitybdd.core.photography.DarkroomProcessingLine - Processing screenshot image in /var/screenshots/screenshot-16228273534151502212
16:39:35.271 [Darkroom Processing Line] DEBUG net.serenitybdd.core.photography.DarkroomProcessingLine - Saving screenshot to C:\Users\Katon\Documents\JavaProject\DemoSerenityFramework\target\site\serenity\9b6245e469947c99eb66f810c2f49728de87cc90e5379d770ba0fdee2bb5258e.png
16:39:35.281 [main] DEBUG net.thucydides.core.steps.StepInterceptor - STARTING STEP: StepInterceptor.testContext - bấm nút lưu
16:39:35.702 [main] DEBUG net.serenitybdd.core.photography.Darkroom - Send negative for processing for C:\Users\Katon\Documents\JavaProject\DemoSerenityFramework\target\site\serenity\1c85065bab2426cd2671dedcf95c89471121d4e3b0712eac2b5cf6764378e2e6.png
16:39:35.702 [Darkroom Processing Line] DEBUG net.serenitybdd.core.photography.DarkroomProcessingLine - Processing screenshot image in /var/screenshots/screenshot-11551607122052278520
16:39:35.702 [Darkroom Processing Line] DEBUG net.serenitybdd.core.photography.DarkroomProcessingLine - Saving screenshot to C:\Users\Katon\Documents\JavaProject\DemoSerenityFramework\target\site\serenity\1c85065bab2426cd2671dedcf95c89471121d4e3b0712eac2b5cf6764378e2e6.png
16:39:35.702 [main] DEBUG net.thucydides.core.steps.StepInterceptor - STEP DONE: bấm nút lưu
16:39:35.702 [main] DEBUG net.thucydides.core.steps.StepInterceptor - STARTING STEP: StepInterceptor.testContext - bấm nút đồng ý
16:39:37.000 [main] DEBUG net.serenitybdd.core.photography.Darkroom - Send negative for processing for C:\Users\Katon\Documents\JavaProject\DemoSerenityFramework\target\site\serenity\fe116e517ea09ea435be02d36fe2d60dc38fe70844b7e56767be86940fa2fbbf.png
16:39:37.000 [Darkroom Processing Line] DEBUG net.serenitybdd.core.photography.DarkroomProcessingLine - Processing screenshot image in /var/screenshots/screenshot-11768047944157851055
16:39:37.000 [Darkroom Processing Line] DEBUG net.serenitybdd.core.photography.DarkroomProcessingLine - Saving screenshot to C:\Users\Katon\Documents\JavaProject\DemoSerenityFramework\target\site\serenity\fe116e517ea09ea435be02d36fe2d60dc38fe70844b7e56767be86940fa2fbbf.png
16:39:37.005 [main] DEBUG net.thucydides.core.steps.StepInterceptor - STEP DONE: bấm nút đồng ý
16:39:37.005 [main] DEBUG net.thucydides.core.steps.StepInterceptor - STARTING STEP: StepInterceptor.testContext - kiểm tra hiển thị thông báo địa chỉ email không hợp lệ
16:39:37.865 [main] DEBUG net.serenitybdd.core.photography.Darkroom - Send negative for processing for C:\Users\Katon\Documents\JavaProject\DemoSerenityFramework\target\site\serenity\fe116e517ea09ea435be02d36fe2d60dc38fe70844b7e56767be86940fa2fbbf.png
16:39:37.866 [main] DEBUG net.thucydides.core.steps.StepInterceptor - STEP DONE: kiểm tra hiển thị thông báo địa chỉ email không hợp lệ
]]></system-out>
    <system-err><![CDATA[Mar 25, 2025 4:39:29 PM org.openqa.selenium.devtools.CdpVersionFinder findNearestMatch
WARNING: Unable to find CDP implementation matching 134
Mar 25, 2025 4:39:29 PM org.openqa.selenium.chromium.ChromiumDriver lambda$new$5
WARNING: Unable to find version of CDP to use for 134.0.6998.166. You may need to include a dependency on a specific version of the CDP using something similar to `org.seleniumhq.selenium:selenium-devtools-v86:4.14.1` where the version ("v86") matches the version of the chromium-based browser you're using and the version number of the artifact is the same as Selenium's.
]]></system-err>
  </testcase>
  <testcase name="checkInputUserPhoneOverLength" classname="Test.Web.UpdateInfoTest" time="10.683">
    <system-out><![CDATA[16:39:37.868 [main] INFO  - 
  _____   ___   ___   _____     ___     _     ___   ___   ___   ___  
 |_   _| | __| / __| |_   _|   | _ \   /_\   / __| / __| | __| |   \ 
   | |   | _|  \__ \   | |     |  _/  / _ \  \__ \ \__ \ | _|  | |) |
   |_|   |___| |___/   |_|     |_|   /_/ \_\ |___/ |___/ |___| |___/ 

kiểm tra nhập email với đầu chỉ chứa khoảng trắng
----------------------------------------------------------------------
16:39:38.067 [main] DEBUG net.thucydides.core.steps.StepEventBus - Test suite started for UpdateInfoTest in class Test.Web.UpdateInfoTest
16:39:38.067 [main] INFO  - Test Suite Started: UpdateInfoTest
16:39:38.067 [main] DEBUG net.serenitybdd.junit5.SerenityTestExecutionListener - Thread[#1,main,5,main] Test started TestIdentifier [uniqueId = [engine:junit-jupiter]/[class:Test.Web.UpdateInfoTest]/[method:checkInputUserPhoneOverLength()], parentId = [engine:junit-jupiter]/[class:Test.Web.UpdateInfoTest], displayName = 'kiểm tra nhập số điện thoại > 10 ký tự', legacyReportingName = 'checkInputUserPhoneOverLength()', source = MethodSource [className = 'Test.Web.UpdateInfoTest', methodName = 'checkInputUserPhoneOverLength', methodParameterTypes = ''], tags = [], type = TEST]
16:39:38.067 [main] INFO  - 
  _____   ___   ___   _____     ___   _____     _     ___   _____   ___   ___  
 |_   _| | __| / __| |_   _|   / __| |_   _|   /_\   | _ \ |_   _| | __| |   \ 
   | |   | _|  \__ \   | |     \__ \   | |    / _ \  |   /   | |   | _|  | |) |
   |_|   |___| |___/   |_|     |___/   |_|   /_/ \_\ |_|_\   |_|   |___| |___/ 

kiểm tra nhập số điện thoại > 10 ký tự([engine:junit-jupiter]/[class:Test.Web.UpdateInfoTest]/[method:checkInputUserPhoneOverLength()])
--------------------------------------------------------------------------------
16:39:38.067 [main] DEBUG net.thucydides.core.steps.StepInterceptor - STARTING STEP: StepInterceptor.testContext - truy cập trang đăng nhập
16:39:38.098 [main] INFO net.serenitybdd.core.webdriver.driverproviders.ChromeDriverProvider - Starting Chrome driver instance with capabilities:
16:39:38.098 [main] INFO net.serenitybdd.core.webdriver.driverproviders.ChromeDriverProvider - Capabilities {acceptInsecureCerts: false, browserName: chrome, goog:chromeOptions: {args: [remote-allow-origins=*, --headless=chrome, --headless], extensions: []}}
16:39:39.266 [main] DEBUG net.serenitybdd.core.photography.Darkroom - Opening darkroom
16:39:39.266 [Darkroom Processing Line] DEBUG net.serenitybdd.core.photography.DarkroomProcessingLine - Darkroom processing line starting up
16:39:39.667 [main] DEBUG net.serenitybdd.core.photography.Darkroom - Send negative for processing for C:\Users\Katon\Documents\JavaProject\DemoSerenityFramework\target\site\serenity\4f5f7c5fb69b37d5193473d6bb3163c3c2b362d2d6653f5ef4eaa646aefcd234.png
16:39:39.667 [main] DEBUG net.thucydides.core.steps.StepInterceptor - STEP DONE: truy cập trang đăng nhập
16:39:39.679 [main] DEBUG net.thucydides.core.steps.StepInterceptor - STARTING STEP: StepInterceptor.testContext - xóa dữ liệu ô nhập
16:39:40.556 [main] DEBUG net.serenitybdd.core.photography.Darkroom - Send negative for processing for C:\Users\Katon\Documents\JavaProject\DemoSerenityFramework\target\site\serenity\4f5f7c5fb69b37d5193473d6bb3163c3c2b362d2d6653f5ef4eaa646aefcd234.png
16:39:40.556 [main] DEBUG net.thucydides.core.steps.StepInterceptor - STEP DONE: xóa dữ liệu ô nhập
16:39:40.571 [main] DEBUG net.thucydides.core.steps.StepInterceptor - STARTING STEP: StepInterceptor.testContext - nhập tài khoản
16:39:40.920 [main] DEBUG net.serenitybdd.core.photography.Darkroom - Send negative for processing for C:\Users\Katon\Documents\JavaProject\DemoSerenityFramework\target\site\serenity\dc833e7d4416efb2734884ff032756f289c1b86b165792aa692eaeaf98013b50.png
16:39:40.920 [main] DEBUG net.thucydides.core.steps.StepInterceptor - STEP DONE: nhập tài khoản
16:39:40.931 [main] DEBUG net.thucydides.core.steps.StepInterceptor - STARTING STEP: StepInterceptor.testContext - nhập mật khẩu
16:39:40.967 [main] DEBUG net.thucydides.core.steps.StepInterceptor - STEP DONE: nhập mật khẩu
16:39:41.770 [main] DEBUG net.serenitybdd.core.photography.Darkroom - Send negative for processing for C:\Users\Katon\Documents\JavaProject\DemoSerenityFramework\target\site\serenity\86ce05be554b12cdf2852352fdbee1b35e0d807cdb4cf7f2f54ed3ed539a4d66.png
16:39:41.770 [main] DEBUG net.thucydides.core.steps.StepInterceptor - STARTING STEP: StepInterceptor.testContext - bấm nút đăng nhập
16:39:43.117 [main] DEBUG net.serenitybdd.core.photography.Darkroom - Send negative for processing for C:\Users\Katon\Documents\JavaProject\DemoSerenityFramework\target\site\serenity\30c273840467a46de4a15cad12c1f5e2040bb5c73e3873d2f8ef80aa249e3bad.png
16:39:43.117 [main] DEBUG net.thucydides.core.steps.StepInterceptor - STEP DONE: bấm nút đăng nhập
16:39:43.132 [main] DEBUG net.thucydides.core.steps.StepInterceptor - STARTING STEP: StepInterceptor.testContext - bấm nút cập nhật
16:39:44.265 [main] DEBUG net.serenitybdd.core.photography.Darkroom - Send negative for processing for C:\Users\Katon\Documents\JavaProject\DemoSerenityFramework\target\site\serenity\e1341ffb994f070516bf203a6f8c79dd80414b86f19d36f44d136abf1447eb73.png
16:39:44.269 [main] DEBUG net.thucydides.core.steps.StepInterceptor - STEP DONE: bấm nút cập nhật
16:39:44.273 [main] DEBUG net.thucydides.core.steps.StepInterceptor - STARTING STEP: StepInterceptor.testContext - xóa dữ liệu ô nhập
16:39:45.150 [main] DEBUG net.serenitybdd.core.photography.Darkroom - Send negative for processing for C:\Users\Katon\Documents\JavaProject\DemoSerenityFramework\target\site\serenity\509c0ea80cc10b1690b30e0ecd5fc1d2292aa887cfccfdbb28986b5e1d941898.png
16:39:45.150 [main] DEBUG net.thucydides.core.steps.StepInterceptor - STEP DONE: xóa dữ liệu ô nhập
16:39:45.165 [main] DEBUG net.thucydides.core.steps.StepInterceptor - STARTING STEP: StepInterceptor.testContext - nhập họ tên
16:39:45.518 [main] DEBUG net.serenitybdd.core.photography.Darkroom - Send negative for processing for C:\Users\Katon\Documents\JavaProject\DemoSerenityFramework\target\site\serenity\466792bc240c5a9df24e344b9805a18531c0931339edae2d77acc7cf74b1a6d2.png
16:39:45.518 [main] DEBUG net.thucydides.core.steps.StepInterceptor - STEP DONE: nhập họ tên
16:39:45.518 [main] DEBUG net.thucydides.core.steps.StepInterceptor - STARTING STEP: StepInterceptor.testContext - nhập số điện thoại
16:39:45.868 [main] DEBUG net.serenitybdd.core.photography.Darkroom - Send negative for processing for C:\Users\Katon\Documents\JavaProject\DemoSerenityFramework\target\site\serenity\cb24e616bc734a9bfbd2f1a472d929c495c52b96f28eb833276b940ae78075f8.png
16:39:45.868 [main] DEBUG net.thucydides.core.steps.StepInterceptor - STEP DONE: nhập số điện thoại
16:39:45.868 [Darkroom Processing Line] DEBUG net.serenitybdd.core.photography.DarkroomProcessingLine - Processing screenshot image in /var/screenshots/screenshot-7581993695184502668
16:39:45.868 [Darkroom Processing Line] DEBUG net.serenitybdd.core.photography.DarkroomProcessingLine - Saving screenshot to C:\Users\Katon\Documents\JavaProject\DemoSerenityFramework\target\site\serenity\cb24e616bc734a9bfbd2f1a472d929c495c52b96f28eb833276b940ae78075f8.png
16:39:45.868 [main] DEBUG net.thucydides.core.steps.StepInterceptor - STARTING STEP: StepInterceptor.testContext - nhập địa chỉ email
16:39:46.200 [main] DEBUG net.serenitybdd.core.photography.Darkroom - Send negative for processing for C:\Users\Katon\Documents\JavaProject\DemoSerenityFramework\target\site\serenity\a60fc222af7726c30516723cc41219aa1c7efed182e70b17ac77ac602438d2e2.png
16:39:46.200 [main] DEBUG net.thucydides.core.steps.StepInterceptor - STEP DONE: nhập địa chỉ email
16:39:46.200 [Darkroom Processing Line] DEBUG net.serenitybdd.core.photography.DarkroomProcessingLine - Processing screenshot image in /var/screenshots/screenshot-11160030409337910063
16:39:46.200 [Darkroom Processing Line] DEBUG net.serenitybdd.core.photography.DarkroomProcessingLine - Saving screenshot to C:\Users\Katon\Documents\JavaProject\DemoSerenityFramework\target\site\serenity\a60fc222af7726c30516723cc41219aa1c7efed182e70b17ac77ac602438d2e2.png
16:39:46.200 [main] DEBUG net.thucydides.core.steps.StepInterceptor - STARTING STEP: StepInterceptor.testContext - bấm nút lưu
16:39:47.080 [main] DEBUG net.serenitybdd.core.photography.Darkroom - Send negative for processing for C:\Users\Katon\Documents\JavaProject\DemoSerenityFramework\target\site\serenity\c8c509ba9969aa09ead9fb0bbb3e03b18212b6c6886ae003d3254bb58594198f.png
16:39:47.080 [Darkroom Processing Line] DEBUG net.serenitybdd.core.photography.DarkroomProcessingLine - Processing screenshot image in /var/screenshots/screenshot-14825318288942177615
16:39:47.080 [Darkroom Processing Line] DEBUG net.serenitybdd.core.photography.DarkroomProcessingLine - Saving screenshot to C:\Users\Katon\Documents\JavaProject\DemoSerenityFramework\target\site\serenity\c8c509ba9969aa09ead9fb0bbb3e03b18212b6c6886ae003d3254bb58594198f.png
16:39:47.084 [main] DEBUG net.thucydides.core.steps.StepInterceptor - STEP DONE: bấm nút lưu
16:39:47.087 [main] DEBUG net.thucydides.core.steps.StepInterceptor - STARTING STEP: StepInterceptor.testContext - bấm nút đồng ý
16:39:47.912 [main] DEBUG net.serenitybdd.core.photography.Darkroom - Send negative for processing for C:\Users\Katon\Documents\JavaProject\DemoSerenityFramework\target\site\serenity\88a1a769ec2d2630c265489945520186551b71701cc67c0365c77a6b380db699.png
16:39:47.912 [Darkroom Processing Line] DEBUG net.serenitybdd.core.photography.DarkroomProcessingLine - Processing screenshot image in /var/screenshots/screenshot-14350188825842849569
16:39:47.912 [Darkroom Processing Line] DEBUG net.serenitybdd.core.photography.DarkroomProcessingLine - Saving screenshot to C:\Users\Katon\Documents\JavaProject\DemoSerenityFramework\target\site\serenity\88a1a769ec2d2630c265489945520186551b71701cc67c0365c77a6b380db699.png
16:39:47.913 [main] DEBUG net.thucydides.core.steps.StepInterceptor - STEP DONE: bấm nút đồng ý
16:39:47.913 [main] DEBUG net.thucydides.core.steps.StepInterceptor - STARTING STEP: StepInterceptor.testContext - kiểm tra hiển thị thông báo số điện thoại không hợp lệ
16:39:48.750 [main] DEBUG net.serenitybdd.core.photography.Darkroom - Send negative for processing for C:\Users\Katon\Documents\JavaProject\DemoSerenityFramework\target\site\serenity\b8a5db0d4d5238cae4502761da13c33b58c53c5fec83207e9d8261bc565345cc.png
16:39:48.750 [main] DEBUG net.thucydides.core.steps.StepInterceptor - STEP DONE: kiểm tra hiển thị thông báo số điện thoại không hợp lệ
16:39:48.750 [Darkroom Processing Line] DEBUG net.serenitybdd.core.photography.DarkroomProcessingLine - Processing screenshot image in /var/screenshots/screenshot-17950853291702245504
16:39:48.750 [Darkroom Processing Line] DEBUG net.serenitybdd.core.photography.DarkroomProcessingLine - Saving screenshot to C:\Users\Katon\Documents\JavaProject\DemoSerenityFramework\target\site\serenity\b8a5db0d4d5238cae4502761da13c33b58c53c5fec83207e9d8261bc565345cc.png
]]></system-out>
    <system-err><![CDATA[Mar 25, 2025 4:39:38 PM org.openqa.selenium.devtools.CdpVersionFinder findNearestMatch
WARNING: Unable to find CDP implementation matching 134
Mar 25, 2025 4:39:38 PM org.openqa.selenium.chromium.ChromiumDriver lambda$new$5
WARNING: Unable to find version of CDP to use for 134.0.6998.166. You may need to include a dependency on a specific version of the CDP using something similar to `org.seleniumhq.selenium:selenium-devtools-v86:4.14.1` where the version ("v86") matches the version of the chromium-based browser you're using and the version number of the artifact is the same as Selenium's.
]]></system-err>
  </testcase>
  <testcase name="checkInputUserNameOnlySpace" classname="Test.Web.UpdateInfoTest" time="9.532">
    <system-out><![CDATA[16:39:48.750 [main] INFO  - 
  _____   ___   ___   _____     ___     _     ___   ___   ___   ___  
 |_   _| | __| / __| |_   _|   | _ \   /_\   / __| / __| | __| |   \ 
   | |   | _|  \__ \   | |     |  _/  / _ \  \__ \ \__ \ | _|  | |) |
   |_|   |___| |___/   |_|     |_|   /_/ \_\ |___/ |___/ |___| |___/ 

kiểm tra nhập số điện thoại > 10 ký tự
----------------------------------------------------------------------
16:39:48.924 [main] DEBUG net.thucydides.core.steps.StepEventBus - Test suite started for UpdateInfoTest in class Test.Web.UpdateInfoTest
16:39:48.940 [main] INFO  - Test Suite Started: UpdateInfoTest
16:39:48.940 [main] DEBUG net.serenitybdd.junit5.SerenityTestExecutionListener - Thread[#1,main,5,main] Test started TestIdentifier [uniqueId = [engine:junit-jupiter]/[class:Test.Web.UpdateInfoTest]/[method:checkInputUserNameOnlySpace()], parentId = [engine:junit-jupiter]/[class:Test.Web.UpdateInfoTest], displayName = 'kiểm tra nhập họ tên chỉ chứa khoảng trắng', legacyReportingName = 'checkInputUserNameOnlySpace()', source = MethodSource [className = 'Test.Web.UpdateInfoTest', methodName = 'checkInputUserNameOnlySpace', methodParameterTypes = ''], tags = [], type = TEST]
16:39:48.940 [main] INFO  - 
  _____   ___   ___   _____     ___   _____     _     ___   _____   ___   ___  
 |_   _| | __| / __| |_   _|   / __| |_   _|   /_\   | _ \ |_   _| | __| |   \ 
   | |   | _|  \__ \   | |     \__ \   | |    / _ \  |   /   | |   | _|  | |) |
   |_|   |___| |___/   |_|     |___/   |_|   /_/ \_\ |_|_\   |_|   |___| |___/ 

kiểm tra nhập họ tên chỉ chứa khoảng trắng([engine:junit-jupiter]/[class:Test.Web.UpdateInfoTest]/[method:checkInputUserNameOnlySpace()])
--------------------------------------------------------------------------------
16:39:48.940 [main] DEBUG net.thucydides.core.steps.StepInterceptor - STARTING STEP: StepInterceptor.testContext - truy cập trang đăng nhập
16:39:48.971 [main] INFO net.serenitybdd.core.webdriver.driverproviders.ChromeDriverProvider - Starting Chrome driver instance with capabilities:
16:39:48.971 [main] INFO net.serenitybdd.core.webdriver.driverproviders.ChromeDriverProvider - Capabilities {acceptInsecureCerts: false, browserName: chrome, goog:chromeOptions: {args: [remote-allow-origins=*, --headless=chrome, --headless], extensions: []}}
16:39:50.081 [main] DEBUG net.serenitybdd.core.photography.Darkroom - Opening darkroom
16:39:50.082 [Darkroom Processing Line] DEBUG net.serenitybdd.core.photography.DarkroomProcessingLine - Darkroom processing line starting up
16:39:50.421 [main] DEBUG net.serenitybdd.core.photography.Darkroom - Send negative for processing for C:\Users\Katon\Documents\JavaProject\DemoSerenityFramework\target\site\serenity\4f5f7c5fb69b37d5193473d6bb3163c3c2b362d2d6653f5ef4eaa646aefcd234.png
16:39:50.421 [main] DEBUG net.thucydides.core.steps.StepInterceptor - STEP DONE: truy cập trang đăng nhập
16:39:50.437 [main] DEBUG net.thucydides.core.steps.StepInterceptor - STARTING STEP: StepInterceptor.testContext - xóa dữ liệu ô nhập
16:39:50.785 [main] DEBUG net.serenitybdd.core.photography.Darkroom - Send negative for processing for C:\Users\Katon\Documents\JavaProject\DemoSerenityFramework\target\site\serenity\4f5f7c5fb69b37d5193473d6bb3163c3c2b362d2d6653f5ef4eaa646aefcd234.png
16:39:50.785 [main] DEBUG net.thucydides.core.steps.StepInterceptor - STEP DONE: xóa dữ liệu ô nhập
16:39:50.800 [main] DEBUG net.thucydides.core.steps.StepInterceptor - STARTING STEP: StepInterceptor.testContext - nhập tài khoản
16:39:51.174 [main] DEBUG net.serenitybdd.core.photography.Darkroom - Send negative for processing for C:\Users\Katon\Documents\JavaProject\DemoSerenityFramework\target\site\serenity\dc833e7d4416efb2734884ff032756f289c1b86b165792aa692eaeaf98013b50.png
16:39:51.174 [main] DEBUG net.thucydides.core.steps.StepInterceptor - STEP DONE: nhập tài khoản
16:39:51.182 [main] DEBUG net.thucydides.core.steps.StepInterceptor - STARTING STEP: StepInterceptor.testContext - nhập mật khẩu
16:39:51.216 [main] DEBUG net.thucydides.core.steps.StepInterceptor - STEP DONE: nhập mật khẩu
16:39:51.518 [main] DEBUG net.serenitybdd.core.photography.Darkroom - Send negative for processing for C:\Users\Katon\Documents\JavaProject\DemoSerenityFramework\target\site\serenity\26c31608ecde0a70e2641b00af1e90c1f4466d8349be07ff94bff6b45e87c71f.png
16:39:51.518 [main] DEBUG net.thucydides.core.steps.StepInterceptor - STARTING STEP: StepInterceptor.testContext - bấm nút đăng nhập
16:39:52.402 [main] DEBUG net.serenitybdd.core.photography.Darkroom - Send negative for processing for C:\Users\Katon\Documents\JavaProject\DemoSerenityFramework\target\site\serenity\30c273840467a46de4a15cad12c1f5e2040bb5c73e3873d2f8ef80aa249e3bad.png
16:39:52.414 [main] DEBUG net.thucydides.core.steps.StepInterceptor - STEP DONE: bấm nút đăng nhập
16:39:52.414 [main] DEBUG net.thucydides.core.steps.StepInterceptor - STARTING STEP: StepInterceptor.testContext - bấm nút cập nhật
16:39:53.467 [main] DEBUG net.serenitybdd.core.photography.Darkroom - Send negative for processing for C:\Users\Katon\Documents\JavaProject\DemoSerenityFramework\target\site\serenity\e1341ffb994f070516bf203a6f8c79dd80414b86f19d36f44d136abf1447eb73.png
16:39:53.467 [main] DEBUG net.thucydides.core.steps.StepInterceptor - STEP DONE: bấm nút cập nhật
16:39:53.467 [main] DEBUG net.thucydides.core.steps.StepInterceptor - STARTING STEP: StepInterceptor.testContext - xóa dữ liệu ô nhập
16:39:54.322 [main] DEBUG net.serenitybdd.core.photography.Darkroom - Send negative for processing for C:\Users\Katon\Documents\JavaProject\DemoSerenityFramework\target\site\serenity\509c0ea80cc10b1690b30e0ecd5fc1d2292aa887cfccfdbb28986b5e1d941898.png
16:39:54.322 [main] DEBUG net.thucydides.core.steps.StepInterceptor - STEP DONE: xóa dữ liệu ô nhập
16:39:54.338 [main] DEBUG net.thucydides.core.steps.StepInterceptor - STARTING STEP: StepInterceptor.testContext - nhập họ tên
16:39:54.683 [main] DEBUG net.serenitybdd.core.photography.Darkroom - Send negative for processing for C:\Users\Katon\Documents\JavaProject\DemoSerenityFramework\target\site\serenity\b10c4e9ae63d5dd456af68c85644c5d2e2f62b79bb10198db7a14b1d39a19f9a.png
16:39:54.683 [main] DEBUG net.thucydides.core.steps.StepInterceptor - STEP DONE: nhập họ tên
16:39:54.683 [Darkroom Processing Line] DEBUG net.serenitybdd.core.photography.DarkroomProcessingLine - Processing screenshot image in /var/screenshots/screenshot-11742379317336696732
16:39:54.683 [Darkroom Processing Line] DEBUG net.serenitybdd.core.photography.DarkroomProcessingLine - Saving screenshot to C:\Users\Katon\Documents\JavaProject\DemoSerenityFramework\target\site\serenity\b10c4e9ae63d5dd456af68c85644c5d2e2f62b79bb10198db7a14b1d39a19f9a.png
16:39:54.700 [main] DEBUG net.thucydides.core.steps.StepInterceptor - STARTING STEP: StepInterceptor.testContext - nhập số điện thoại
16:39:55.051 [main] DEBUG net.serenitybdd.core.photography.Darkroom - Send negative for processing for C:\Users\Katon\Documents\JavaProject\DemoSerenityFramework\target\site\serenity\dad77f83e73ca305c7885d55693def1eb78de02a56aa1cbfe58d7909bc7e81e2.png
16:39:55.051 [Darkroom Processing Line] DEBUG net.serenitybdd.core.photography.DarkroomProcessingLine - Processing screenshot image in /var/screenshots/screenshot-1102663314864094134
16:39:55.051 [Darkroom Processing Line] DEBUG net.serenitybdd.core.photography.DarkroomProcessingLine - Saving screenshot to C:\Users\Katon\Documents\JavaProject\DemoSerenityFramework\target\site\serenity\dad77f83e73ca305c7885d55693def1eb78de02a56aa1cbfe58d7909bc7e81e2.png
[...]
16:41:44.456 [main] INFO net.serenitybdd.core.webdriver.driverproviders.ChromeDriverProvider - Capabilities {acceptInsecureCerts: false, browserName: chrome, goog:chromeOptions: {args: [remote-allow-origins=*, --headless=chrome, --headless], extensions: []}}
16:41:45.599 [main] DEBUG net.serenitybdd.core.photography.Darkroom - Opening darkroom
16:41:45.599 [Darkroom Processing Line] DEBUG net.serenitybdd.core.photography.DarkroomProcessingLine - Darkroom processing line starting up
16:41:45.963 [main] DEBUG net.serenitybdd.core.photography.Darkroom - Send negative for processing for C:\Users\Katon\Documents\JavaProject\DemoSerenityFramework\target\site\serenity\4f5f7c5fb69b37d5193473d6bb3163c3c2b362d2d6653f5ef4eaa646aefcd234.png
16:41:45.963 [main] DEBUG net.thucydides.core.steps.StepInterceptor - STEP DONE: truy cập trang đăng nhập
16:41:45.965 [main] DEBUG net.thucydides.core.steps.StepInterceptor - STARTING STEP: StepInterceptor.testContext - xóa dữ liệu ô nhập
16:41:46.869 [main] DEBUG net.serenitybdd.core.photography.Darkroom - Send negative for processing for C:\Users\Katon\Documents\JavaProject\DemoSerenityFramework\target\site\serenity\4f5f7c5fb69b37d5193473d6bb3163c3c2b362d2d6653f5ef4eaa646aefcd234.png
16:41:46.869 [main] DEBUG net.thucydides.core.steps.StepInterceptor - STEP DONE: xóa dữ liệu ô nhập
16:41:46.881 [main] DEBUG net.thucydides.core.steps.StepInterceptor - STARTING STEP: StepInterceptor.testContext - nhập tài khoản
16:41:47.220 [main] DEBUG net.serenitybdd.core.photography.Darkroom - Send negative for processing for C:\Users\Katon\Documents\JavaProject\DemoSerenityFramework\target\site\serenity\dc833e7d4416efb2734884ff032756f289c1b86b165792aa692eaeaf98013b50.png
16:41:47.220 [main] DEBUG net.thucydides.core.steps.StepInterceptor - STEP DONE: nhập tài khoản
16:41:47.236 [main] DEBUG net.thucydides.core.steps.StepInterceptor - STARTING STEP: StepInterceptor.testContext - nhập mật khẩu
16:41:48.069 [main] DEBUG net.serenitybdd.core.photography.Darkroom - Send negative for processing for C:\Users\Katon\Documents\JavaProject\DemoSerenityFramework\target\site\serenity\86ce05be554b12cdf2852352fdbee1b35e0d807cdb4cf7f2f54ed3ed539a4d66.png
16:41:48.069 [main] DEBUG net.thucydides.core.steps.StepInterceptor - STEP DONE: nhập mật khẩu
16:41:48.081 [main] DEBUG net.thucydides.core.steps.StepInterceptor - STARTING STEP: StepInterceptor.testContext - bấm nút đăng nhập
16:41:49.400 [main] DEBUG net.serenitybdd.core.photography.Darkroom - Send negative for processing for C:\Users\Katon\Documents\JavaProject\DemoSerenityFramework\target\site\serenity\30c273840467a46de4a15cad12c1f5e2040bb5c73e3873d2f8ef80aa249e3bad.png
16:41:49.400 [main] DEBUG net.thucydides.core.steps.StepInterceptor - STEP DONE: bấm nút đăng nhập
16:41:49.415 [main] DEBUG net.thucydides.core.steps.StepInterceptor - STARTING STEP: StepInterceptor.testContext - bấm nút cập nhật
16:41:50.086 [main] DEBUG net.serenitybdd.core.photography.Darkroom - Send negative for processing for C:\Users\Katon\Documents\JavaProject\DemoSerenityFramework\target\site\serenity\e1341ffb994f070516bf203a6f8c79dd80414b86f19d36f44d136abf1447eb73.png
16:41:50.086 [main] DEBUG net.thucydides.core.steps.StepInterceptor - STEP DONE: bấm nút cập nhật
16:41:50.098 [main] DEBUG net.thucydides.core.steps.StepInterceptor - STARTING STEP: StepInterceptor.testContext - xóa dữ liệu ô nhập
16:41:50.485 [main] DEBUG net.serenitybdd.core.photography.Darkroom - Send negative for processing for C:\Users\Katon\Documents\JavaProject\DemoSerenityFramework\target\site\serenity\509c0ea80cc10b1690b30e0ecd5fc1d2292aa887cfccfdbb28986b5e1d941898.png
16:41:50.485 [main] DEBUG net.thucydides.core.steps.StepInterceptor - STEP DONE: xóa dữ liệu ô nhập
16:41:50.485 [main] DEBUG net.thucydides.core.steps.StepInterceptor - STARTING STEP: StepInterceptor.testContext - nhập họ tên
16:41:51.318 [main] DEBUG net.serenitybdd.core.photography.Darkroom - Send negative for processing for C:\Users\Katon\Documents\JavaProject\DemoSerenityFramework\target\site\serenity\dc7d841433adaec6a84d5064eb51d2ade2954cd61f3d43181922ba198ea02a9f.png
16:41:51.318 [main] DEBUG net.thucydides.core.steps.StepInterceptor - STEP DONE: nhập họ tên
16:41:51.333 [main] DEBUG net.thucydides.core.steps.StepInterceptor - STARTING STEP: StepInterceptor.testContext - nhập số điện thoại
16:41:52.167 [main] DEBUG net.serenitybdd.core.photography.Darkroom - Send negative for processing for C:\Users\Katon\Documents\JavaProject\DemoSerenityFramework\target\site\serenity\ec9d9579434ccdf1222f2eb35d63fb33e19585d3456fd39b66600d045fe76840.png
16:41:52.167 [main] DEBUG net.thucydides.core.steps.StepInterceptor - STEP DONE: nhập số điện thoại
16:41:52.167 [main] DEBUG net.thucydides.core.steps.StepInterceptor - STARTING STEP: StepInterceptor.testContext - nhập địa chỉ email
16:41:53.013 [main] DEBUG net.serenitybdd.core.photography.Darkroom - Send negative for processing for C:\Users\Katon\Documents\JavaProject\DemoSerenityFramework\target\site\serenity\86cb9f8b9428b6cd1e3dbc2a22aaabc45a91b46deb456ec963ea33988331f69d.png
16:41:53.013 [main] DEBUG net.thucydides.core.steps.StepInterceptor - STEP DONE: nhập địa chỉ email
16:41:53.013 [Darkroom Processing Line] DEBUG net.serenitybdd.core.photography.DarkroomProcessingLine - Processing screenshot image in /var/screenshots/screenshot-3770306716912902894
16:41:53.013 [Darkroom Processing Line] DEBUG net.serenitybdd.core.photography.DarkroomProcessingLine - Saving screenshot to C:\Users\Katon\Documents\JavaProject\DemoSerenityFramework\target\site\serenity\86cb9f8b9428b6cd1e3dbc2a22aaabc45a91b46deb456ec963ea33988331f69d.png
16:41:53.018 [main] DEBUG net.thucydides.core.steps.StepInterceptor - STARTING STEP: StepInterceptor.testContext - bấm nút lưu
16:41:53.899 [main] DEBUG net.serenitybdd.core.photography.Darkroom - Send negative for processing for C:\Users\Katon\Documents\JavaProject\DemoSerenityFramework\target\site\serenity\857e01fc96eb65814d4cf83f8f23eca2264d3256ed7c3953b7f2b24625f67648.png
16:41:53.913 [Darkroom Processing Line] DEBUG net.serenitybdd.core.photography.DarkroomProcessingLine - Processing screenshot image in /var/screenshots/screenshot-17173149608494328795
16:41:53.913 [Darkroom Processing Line] DEBUG net.serenitybdd.core.photography.DarkroomProcessingLine - Saving screenshot to C:\Users\Katon\Documents\JavaProject\DemoSerenityFramework\target\site\serenity\857e01fc96eb65814d4cf83f8f23eca2264d3256ed7c3953b7f2b24625f67648.png
16:41:53.916 [main] DEBUG net.thucydides.core.steps.StepInterceptor - STEP DONE: bấm nút lưu
16:41:53.920 [main] DEBUG net.thucydides.core.steps.StepInterceptor - STARTING STEP: StepInterceptor.testContext - bấm nút đồng ý
16:41:54.713 [main] DEBUG net.serenitybdd.core.photography.Darkroom - Send negative for processing for C:\Users\Katon\Documents\JavaProject\DemoSerenityFramework\target\site\serenity\7a351a1159fe220aad0b8828557ee1e5531f4fd1fc0a7537cb96e08159408981.png
16:41:54.713 [Darkroom Processing Line] DEBUG net.serenitybdd.core.photography.DarkroomProcessingLine - Processing screenshot image in /var/screenshots/screenshot-2713107819898579571
16:41:54.713 [Darkroom Processing Line] DEBUG net.serenitybdd.core.photography.DarkroomProcessingLine - Saving screenshot to C:\Users\Katon\Documents\JavaProject\DemoSerenityFramework\target\site\serenity\7a351a1159fe220aad0b8828557ee1e5531f4fd1fc0a7537cb96e08159408981.png
16:41:54.713 [main] DEBUG net.thucydides.core.steps.StepInterceptor - STEP DONE: bấm nút đồng ý
16:41:54.713 [main] DEBUG net.thucydides.core.steps.StepInterceptor - STARTING STEP: StepInterceptor.testContext - kiểm tra hiển thị thông báo địa chỉ email không hợp lệ
16:41:55.567 [main] DEBUG net.serenitybdd.core.photography.Darkroom - Send negative for processing for C:\Users\Katon\Documents\JavaProject\DemoSerenityFramework\target\site\serenity\fe116e517ea09ea435be02d36fe2d60dc38fe70844b7e56767be86940fa2fbbf.png
16:41:55.567 [main] DEBUG net.thucydides.core.steps.StepInterceptor - STEP DONE: kiểm tra hiển thị thông báo địa chỉ email không hợp lệ
]]></system-out>
    <system-err><![CDATA[Mar 25, 2025 4:41:45 PM org.openqa.selenium.devtools.CdpVersionFinder findNearestMatch
WARNING: Unable to find CDP implementation matching 134
Mar 25, 2025 4:41:45 PM org.openqa.selenium.chromium.ChromiumDriver lambda$new$5
WARNING: Unable to find version of CDP to use for 134.0.6998.166. You may need to include a dependency on a specific version of the CDP using something similar to `org.seleniumhq.selenium:selenium-devtools-v86:4.14.1` where the version ("v86") matches the version of the chromium-based browser you're using and the version number of the artifact is the same as Selenium's.
]]></system-err>
  </testcase>
  <testcase name="checkInputUserPhoneWithSpecialCharacters" classname="Test.Web.UpdateInfoTest" time="10.379">
    <system-out><![CDATA[16:41:55.567 [main] INFO  - 
  _____   ___   ___   _____     ___     _     ___   ___   ___   ___  
 |_   _| | __| / __| |_   _|   | _ \   /_\   / __| / __| | __| |   \ 
   | |   | _|  \__ \   | |     |  _/  / _ \  \__ \ \__ \ | _|  | |) |
   |_|   |___| |___/   |_|     |_|   /_/ \_\ |___/ |___/ |___| |___/ 

kiểm tra nhập email chứa ký tự đặc biệt
----------------------------------------------------------------------
16:41:55.760 [main] DEBUG net.thucydides.core.steps.StepEventBus - Test suite started for UpdateInfoTest in class Test.Web.UpdateInfoTest
16:41:55.760 [main] INFO  - Test Suite Started: UpdateInfoTest
16:41:55.760 [main] DEBUG net.serenitybdd.junit5.SerenityTestExecutionListener - Thread[#1,main,5,main] Test started TestIdentifier [uniqueId = [engine:junit-jupiter]/[class:Test.Web.UpdateInfoTest]/[method:checkInputUserPhoneWithSpecialCharacters()], parentId = [engine:junit-jupiter]/[class:Test.Web.UpdateInfoTest], displayName = 'kiểm tra nhập số điện thoại chứa ký tự đặc biệt', legacyReportingName = 'checkInputUserPhoneWithSpecialCharacters()', source = MethodSource [className = 'Test.Web.UpdateInfoTest', methodName = 'checkInputUserPhoneWithSpecialCharacters', methodParameterTypes = ''], tags = [], type = TEST]
16:41:55.760 [main] INFO  - 
  _____   ___   ___   _____     ___   _____     _     ___   _____   ___   ___  
 |_   _| | __| / __| |_   _|   / __| |_   _|   /_\   | _ \ |_   _| | __| |   \ 
   | |   | _|  \__ \   | |     \__ \   | |    / _ \  |   /   | |   | _|  | |) |
   |_|   |___| |___/   |_|     |___/   |_|   /_/ \_\ |_|_\   |_|   |___| |___/ 

kiểm tra nhập số điện thoại chứa ký tự đặc biệt([engine:junit-jupiter]/[class:Test.Web.UpdateInfoTest]/[method:checkInputUserPhoneWithSpecialCharacters()])
--------------------------------------------------------------------------------
16:41:55.760 [main] DEBUG net.thucydides.core.steps.StepInterceptor - STARTING STEP: StepInterceptor.testContext - truy cập trang đăng nhập
16:41:55.791 [main] INFO net.serenitybdd.core.webdriver.driverproviders.ChromeDriverProvider - Starting Chrome driver instance with capabilities:
16:41:55.791 [main] INFO net.serenitybdd.core.webdriver.driverproviders.ChromeDriverProvider - Capabilities {acceptInsecureCerts: false, browserName: chrome, goog:chromeOptions: {args: [remote-allow-origins=*, --headless=chrome, --headless], extensions: []}}
16:41:56.951 [main] DEBUG net.serenitybdd.core.photography.Darkroom - Opening darkroom
16:41:56.951 [Darkroom Processing Line] DEBUG net.serenitybdd.core.photography.DarkroomProcessingLine - Darkroom processing line starting up
16:41:57.770 [main] DEBUG net.serenitybdd.core.photography.Darkroom - Send negative for processing for C:\Users\Katon\Documents\JavaProject\DemoSerenityFramework\target\site\serenity\4f5f7c5fb69b37d5193473d6bb3163c3c2b362d2d6653f5ef4eaa646aefcd234.png
16:41:57.770 [main] DEBUG net.thucydides.core.steps.StepInterceptor - STEP DONE: truy cập trang đăng nhập
16:41:57.770 [main] DEBUG net.thucydides.core.steps.StepInterceptor - STARTING STEP: StepInterceptor.testContext - xóa dữ liệu ô nhập
16:41:58.677 [main] DEBUG net.serenitybdd.core.photography.Darkroom - Send negative for processing for C:\Users\Katon\Documents\JavaProject\DemoSerenityFramework\target\site\serenity\4f5f7c5fb69b37d5193473d6bb3163c3c2b362d2d6653f5ef4eaa646aefcd234.png
16:41:58.677 [main] DEBUG net.thucydides.core.steps.StepInterceptor - STEP DONE: xóa dữ liệu ô nhập
16:41:58.687 [main] DEBUG net.thucydides.core.steps.StepInterceptor - STARTING STEP: StepInterceptor.testContext - nhập tài khoản
16:41:59.100 [main] DEBUG net.serenitybdd.core.photography.Darkroom - Send negative for processing for C:\Users\Katon\Documents\JavaProject\DemoSerenityFramework\target\site\serenity\dc833e7d4416efb2734884ff032756f289c1b86b165792aa692eaeaf98013b50.png
16:41:59.100 [main] DEBUG net.thucydides.core.steps.StepInterceptor - STEP DONE: nhập tài khoản
16:41:59.113 [main] DEBUG net.thucydides.core.steps.StepInterceptor - STARTING STEP: StepInterceptor.testContext - nhập mật khẩu
16:41:59.147 [main] DEBUG net.thucydides.core.steps.StepInterceptor - STEP DONE: nhập mật khẩu
16:41:59.147 [main] DEBUG net.thucydides.core.steps.StepInterceptor - STARTING STEP: StepInterceptor.testContext - bấm nút đăng nhập
16:42:00.485 [main] DEBUG net.serenitybdd.core.photography.Darkroom - Send negative for processing for C:\Users\Katon\Documents\JavaProject\DemoSerenityFramework\target\site\serenity\30c273840467a46de4a15cad12c1f5e2040bb5c73e3873d2f8ef80aa249e3bad.png
16:42:00.485 [main] DEBUG net.thucydides.core.steps.StepInterceptor - STEP DONE: bấm nút đăng nhập
16:42:00.485 [main] DEBUG net.thucydides.core.steps.StepInterceptor - STARTING STEP: StepInterceptor.testContext - bấm nút cập nhật
16:42:01.174 [main] DEBUG net.serenitybdd.core.photography.Darkroom - Send negative for processing for C:\Users\Katon\Documents\JavaProject\DemoSerenityFramework\target\site\serenity\e1341ffb994f070516bf203a6f8c79dd80414b86f19d36f44d136abf1447eb73.png
16:42:01.181 [main] DEBUG net.thucydides.core.steps.StepInterceptor - STEP DONE: bấm nút cập nhật
16:42:01.181 [main] DEBUG net.thucydides.core.steps.StepInterceptor - STARTING STEP: StepInterceptor.testContext - xóa dữ liệu ô nhập
16:42:01.570 [main] DEBUG net.serenitybdd.core.photography.Darkroom - Send negative for processing for C:\Users\Katon\Documents\JavaProject\DemoSerenityFramework\target\site\serenity\509c0ea80cc10b1690b30e0ecd5fc1d2292aa887cfccfdbb28986b5e1d941898.png
16:42:01.570 [main] DEBUG net.thucydides.core.steps.StepInterceptor - STEP DONE: xóa dữ liệu ô nhập
16:42:01.574 [main] DEBUG net.thucydides.core.steps.StepInterceptor - STARTING STEP: StepInterceptor.testContext - nhập họ tên
16:42:02.400 [main] DEBUG net.serenitybdd.core.photography.Darkroom - Send negative for processing for C:\Users\Katon\Documents\JavaProject\DemoSerenityFramework\target\site\serenity\dc7d841433adaec6a84d5064eb51d2ade2954cd61f3d43181922ba198ea02a9f.png
16:42:02.400 [main] DEBUG net.thucydides.core.steps.StepInterceptor - STEP DONE: nhập họ tên
16:42:02.400 [main] DEBUG net.thucydides.core.steps.StepInterceptor - STARTING STEP: StepInterceptor.testContext - nhập số điện thoại
16:42:03.234 [main] DEBUG net.serenitybdd.core.photography.Darkroom - Send negative for processing for C:\Users\Katon\Documents\JavaProject\DemoSerenityFramework\target\site\serenity\f76f78caa68442e2b492ed5c81b5b4e0981601ba849e2f1d7fc6e9e9d1050161.png
16:42:03.234 [main] DEBUG net.thucydides.core.steps.StepInterceptor - STEP DONE: nhập số điện thoại
16:42:03.234 [Darkroom Processing Line] DEBUG net.serenitybdd.core.photography.DarkroomProcessingLine - Processing screenshot image in /var/screenshots/screenshot-13485307338535976267
16:42:03.234 [Darkroom Processing Line] DEBUG net.serenitybdd.core.photography.DarkroomProcessingLine - Saving screenshot to C:\Users\Katon\Documents\JavaProject\DemoSerenityFramework\target\site\serenity\f76f78caa68442e2b492ed5c81b5b4e0981601ba849e2f1d7fc6e9e9d1050161.png
16:42:03.234 [main] DEBUG net.thucydides.core.steps.StepInterceptor - STARTING STEP: StepInterceptor.testContext - nhập địa chỉ email
16:42:04.068 [main] DEBUG net.serenitybdd.core.photography.Darkroom - Send negative for processing for C:\Users\Katon\Documents\JavaProject\DemoSerenityFramework\target\site\serenity\db36bad6c54bab5b98eaf9302a6c1c425527b9f5be6440603fdf2f6af47c671d.png
16:42:04.068 [main] DEBUG net.thucydides.core.steps.StepInterceptor - STEP DONE: nhập địa chỉ email
16:42:04.068 [Darkroom Processing Line] DEBUG net.serenitybdd.core.photography.DarkroomProcessingLine - Processing screenshot image in /var/screenshots/screenshot-17141244416449097401
16:42:04.068 [Darkroom Processing Line] DEBUG net.serenitybdd.core.photography.DarkroomProcessingLine - Saving screenshot to C:\Users\Katon\Documents\JavaProject\DemoSerenityFramework\target\site\serenity\db36bad6c54bab5b98eaf9302a6c1c425527b9f5be6440603fdf2f6af47c671d.png
16:42:04.083 [main] DEBUG net.thucydides.core.steps.StepInterceptor - STARTING STEP: StepInterceptor.testContext - bấm nút lưu
16:42:04.435 [main] DEBUG net.serenitybdd.core.photography.Darkroom - Send negative for processing for C:\Users\Katon\Documents\JavaProject\DemoSerenityFramework\target\site\serenity\8cd8560e816d8e28f71eb434e6dc1d615185d1635fb808291881c078ae8b025a.png
16:42:04.435 [Darkroom Processing Line] DEBUG net.serenitybdd.core.photography.DarkroomProcessingLine - Processing screenshot image in /var/screenshots/screenshot-11442323895256584694
16:42:04.435 [Darkroom Processing Line] DEBUG net.serenitybdd.core.photography.DarkroomProcessingLine - Saving screenshot to C:\Users\Katon\Documents\JavaProject\DemoSerenityFramework\target\site\serenity\8cd8560e816d8e28f71eb434e6dc1d615185d1635fb808291881c078ae8b025a.png
16:42:04.435 [main] DEBUG net.thucydides.core.steps.StepInterceptor - STEP DONE: bấm nút lưu
16:42:04.435 [main] DEBUG net.thucydides.core.steps.StepInterceptor - STARTING STEP: StepInterceptor.testContext - bấm nút đồng ý
16:42:05.295 [main] DEBUG net.serenitybdd.core.photography.Darkroom - Send negative for processing for C:\Users\Katon\Documents\JavaProject\DemoSerenityFramework\target\site\serenity\299fc4de3c585bb8c2f895832be738d2d49467d7c86ba34209d03e65ac889784.png
16:42:05.295 [Darkroom Processing Line] DEBUG net.serenitybdd.core.photography.DarkroomProcessingLine - Processing screenshot image in /var/screenshots/screenshot-13884495315639081737
16:42:05.295 [Darkroom Processing Line] DEBUG net.serenitybdd.core.photography.DarkroomProcessingLine - Saving screenshot to C:\Users\Katon\Documents\JavaProject\DemoSerenityFramework\target\site\serenity\299fc4de3c585bb8c2f895832be738d2d49467d7c86ba34209d03e65ac889784.png
16:42:05.297 [main] DEBUG net.thucydides.core.steps.StepInterceptor - STEP DONE: bấm nút đồng ý
16:42:05.297 [main] DEBUG net.thucydides.core.steps.StepInterceptor - STARTING STEP: StepInterceptor.testContext - kiểm tra hiển thị thông báo số điện thoại không hợp lệ
16:42:06.139 [main] DEBUG net.serenitybdd.core.photography.Darkroom - Send negative for processing for C:\Users\Katon\Documents\JavaProject\DemoSerenityFramework\target\site\serenity\b8a5db0d4d5238cae4502761da13c33b58c53c5fec83207e9d8261bc565345cc.png
16:42:06.139 [main] DEBUG net.thucydides.core.steps.StepInterceptor - STEP DONE: kiểm tra hiển thị thông báo số điện thoại không hợp lệ
]]></system-out>
    <system-err><![CDATA[Mar 25, 2025 4:41:56 PM org.openqa.selenium.devtools.CdpVersionFinder findNearestMatch
WARNING: Unable to find CDP implementation matching 134
Mar 25, 2025 4:41:56 PM org.openqa.selenium.chromium.ChromiumDriver lambda$new$5
WARNING: Unable to find version of CDP to use for 134.0.6998.166. You may need to include a dependency on a specific version of the CDP using something similar to `org.seleniumhq.selenium:selenium-devtools-v86:4.14.1` where the version ("v86") matches the version of the chromium-based browser you're using and the version number of the artifact is the same as Selenium's.
]]></system-err>
  </testcase>
</testsuite>