<?xml version="1.0" encoding="UTF-8"?>
<testsuite xmlns:xsi="http://www.w3.org/2001/XMLSchema-instance" xsi:noNamespaceSchemaLocation="https://maven.apache.org/surefire/maven-failsafe-plugin/xsd/failsafe-test-report-3.0.xsd" version="3.0" name="Test.Web.RegisterTest" time="209.56" tests="32" errors="0" skipped="0" failures="0">
  <properties>
[...]
</properties>
  <testcase name="checkOpenRegisterPage" classname="Test.Web.RegisterTest" time="1.982">
    <system-out><![CDATA[16:34:57.020 [main] DEBUG net.thucydides.core.steps.StepEventBus - Test suite started for RegisterTest in class Test.Web.RegisterTest
16:34:57.020 [main] INFO  - Test Suite Started: RegisterTest
16:34:57.083 [main] DEBUG net.thucydides.core.steps.StepEventBus - Test suite started for RegisterTest in class Test.Web.RegisterTest
16:34:57.083 [main] INFO  - Test Suite Started: RegisterTest
16:34:57.083 [main] DEBUG net.serenitybdd.junit5.SerenityTestExecutionListener - Thread[#1,main,5,main] Test started TestIdentifier [uniqueId = [engine:junit-jupiter]/[class:Test.Web.RegisterTest]/[method:checkOpenRegisterPage()], parentId = [engine:junit-jupiter]/[class:Test.Web.RegisterTest], displayName = 'Kiểm tra hiển thị trang đăng ký', legacyReportingName = 'checkOpenRegisterPage()', source = MethodSource [className = 'Test.Web.RegisterTest', methodName = 'checkOpenRegisterPage', methodParameterTypes = ''], tags = [], type = TEST]
16:34:57.083 [main] INFO  - 
  _____   ___   ___   _____     ___   _____     _     ___   _____   ___   ___  
 |_   _| | __| / __| |_   _|   / __| |_   _|   /_\   | _ \ |_   _| | __| |   \ 
   | |   | _|  \__ \   | |     \__ \   | |    / _ \  |   /   | |   | _|  | |) |
   |_|   |___| |___/   |_|     |___/   |_|   /_/ \_\ |_|_\   |_|   |___| |___/ 

Kiểm tra hiển thị trang đăng ký([engine:junit-jupiter]/[class:Test.Web.RegisterTest]/[method:checkOpenRegisterPage()])
--------------------------------------------------------------------------------
16:34:57.083 [main] DEBUG net.thucydides.core.steps.StepInterceptor - STARTING STEP: StepInterceptor.testContext - truy cập trang đăng ký
16:34:57.130 [main] INFO net.serenitybdd.core.webdriver.driverproviders.ChromeDriverProvider - Starting Chrome driver instance with capabilities:
16:34:57.130 [main] INFO net.serenitybdd.core.webdriver.driverproviders.ChromeDriverProvider - Capabilities {acceptInsecureCerts: false, browserName: chrome, goog:chromeOptions: {args: [remote-allow-origins=*, --headless=chrome, --headless], extensions: []}}
16:34:58.324 [main] DEBUG net.serenitybdd.core.photography.Darkroom - Opening darkroom
16:34:58.324 [Darkroom Processing Line] DEBUG net.serenitybdd.core.photography.DarkroomProcessingLine - Darkroom processing line starting up
16:34:58.708 [main] DEBUG net.serenitybdd.core.photography.Darkroom - Send negative for processing for C:\Users\Katon\Documents\JavaProject\DemoSerenityFramework\target\site\serenity\a133df92da281fbc66d6aa3e272f270ef64d2d70b223a006efe7dd0471ca972a.png
16:34:58.708 [main] DEBUG net.thucydides.core.steps.StepInterceptor - STEP DONE: truy cập trang đăng ký
16:34:58.713 [main] DEBUG net.thucydides.core.steps.StepInterceptor - STARTING STEP: StepInterceptor.testContext - kiểm tra hiển thị tiêu đề trang đăng ký
16:34:59.065 [main] DEBUG net.serenitybdd.core.photography.Darkroom - Send negative for processing for C:\Users\Katon\Documents\JavaProject\DemoSerenityFramework\target\site\serenity\a133df92da281fbc66d6aa3e272f270ef64d2d70b223a006efe7dd0471ca972a.png
16:34:59.065 [main] DEBUG net.thucydides.core.steps.StepInterceptor - STEP DONE: kiểm tra hiển thị tiêu đề trang đăng ký
]]></system-out>
    <system-err><![CDATA[Mar 25, 2025 4:34:58 PM org.openqa.selenium.devtools.CdpVersionFinder findNearestMatch
WARNING: Unable to find CDP implementation matching 134
Mar 25, 2025 4:34:58 PM org.openqa.selenium.chromium.ChromiumDriver lambda$new$5
WARNING: Unable to find version of CDP to use for 134.0.6998.166. You may need to include a dependency on a specific version of the CDP using something similar to `org.seleniumhq.selenium:selenium-devtools-v86:4.14.1` where the version ("v86") matches the version of the chromium-based browser you're using and the version number of the artifact is the same as Selenium's.
]]></system-err>
  </testcase>
  <testcase name="checkRegisterSuccess" classname="Test.Web.RegisterTest" time="6.66">
    <system-out><![CDATA[16:34:59.065 [main] INFO  - 
  _____   ___   ___   _____     ___     _     ___   ___   ___   ___  
 |_   _| | __| / __| |_   _|   | _ \   /_\   / __| / __| | __| |   \ 
   | |   | _|  \__ \   | |     |  _/  / _ \  \__ \ \__ \ | _|  | |) |
   |_|   |___| |___/   |_|     |_|   /_/ \_\ |___/ |___/ |___| |___/ 

Kiểm tra hiển thị trang đăng ký
----------------------------------------------------------------------
16:34:59.241 [main] DEBUG net.thucydides.core.steps.StepEventBus - Test suite started for RegisterTest in class Test.Web.RegisterTest
16:34:59.241 [main] INFO  - Test Suite Started: RegisterTest
16:34:59.241 [main] DEBUG net.serenitybdd.junit5.SerenityTestExecutionListener - Thread[#1,main,5,main] Test started TestIdentifier [uniqueId = [engine:junit-jupiter]/[class:Test.Web.RegisterTest]/[method:checkRegisterSuccess()], parentId = [engine:junit-jupiter]/[class:Test.Web.RegisterTest], displayName = 'kiểm tra đăng ký thành công', legacyReportingName = 'checkRegisterSuccess()', source = MethodSource [className = 'Test.Web.RegisterTest', methodName = 'checkRegisterSuccess', methodParameterTypes = ''], tags = [], type = TEST]
16:34:59.241 [main] INFO  - 
  _____   ___   ___   _____     ___   _____     _     ___   _____   ___   ___  
 |_   _| | __| / __| |_   _|   / __| |_   _|   /_\   | _ \ |_   _| | __| |   \ 
   | |   | _|  \__ \   | |     \__ \   | |    / _ \  |   /   | |   | _|  | |) |
   |_|   |___| |___/   |_|     |___/   |_|   /_/ \_\ |_|_\   |_|   |___| |___/ 

kiểm tra đăng ký thành công([engine:junit-jupiter]/[class:Test.Web.RegisterTest]/[method:checkRegisterSuccess()])
--------------------------------------------------------------------------------
16:34:59.241 [main] DEBUG net.thucydides.core.steps.StepInterceptor - STARTING STEP: StepInterceptor.testContext - truy cập trang đăng ký
16:34:59.287 [main] INFO net.serenitybdd.core.webdriver.driverproviders.ChromeDriverProvider - Starting Chrome driver instance with capabilities:
16:34:59.287 [main] INFO net.serenitybdd.core.webdriver.driverproviders.ChromeDriverProvider - Capabilities {acceptInsecureCerts: false, browserName: chrome, goog:chromeOptions: {args: [remote-allow-origins=*, --headless=chrome, --headless], extensions: []}}
16:35:00.448 [main] DEBUG net.serenitybdd.core.photography.Darkroom - Opening darkroom
16:35:00.449 [Darkroom Processing Line] DEBUG net.serenitybdd.core.photography.DarkroomProcessingLine - Darkroom processing line starting up
16:35:00.831 [main] DEBUG net.serenitybdd.core.photography.Darkroom - Send negative for processing for C:\Users\Katon\Documents\JavaProject\DemoSerenityFramework\target\site\serenity\a133df92da281fbc66d6aa3e272f270ef64d2d70b223a006efe7dd0471ca972a.png
16:35:00.831 [main] DEBUG net.thucydides.core.steps.StepInterceptor - STEP DONE: truy cập trang đăng ký
16:35:00.836 [main] DEBUG net.thucydides.core.steps.StepInterceptor - STARTING STEP: StepInterceptor.testContext - xóa dữ liệu ô nhập
16:35:01.309 [main] DEBUG net.serenitybdd.core.photography.Darkroom - Send negative for processing for C:\Users\Katon\Documents\JavaProject\DemoSerenityFramework\target\site\serenity\a133df92da281fbc66d6aa3e272f270ef64d2d70b223a006efe7dd0471ca972a.png
16:35:01.312 [main] DEBUG net.thucydides.core.steps.StepInterceptor - STEP DONE: xóa dữ liệu ô nhập
16:35:01.319 [main] DEBUG net.thucydides.core.steps.StepInterceptor - STARTING STEP: StepInterceptor.testContext - nhập họ tên
16:35:01.757 [main] DEBUG net.serenitybdd.core.photography.Darkroom - Send negative for processing for C:\Users\Katon\Documents\JavaProject\DemoSerenityFramework\target\site\serenity\5657ac1b07cf7d3c47389e855205948b9dc159e7e99230bc73a60082e7b62ae4.png
16:35:01.757 [main] DEBUG net.thucydides.core.steps.StepInterceptor - STEP DONE: nhập họ tên
16:35:01.757 [Darkroom Processing Line] DEBUG net.serenitybdd.core.photography.DarkroomProcessingLine - Processing screenshot image in /var/screenshots/screenshot-9832648112396528713
16:35:01.757 [Darkroom Processing Line] DEBUG net.serenitybdd.core.photography.DarkroomProcessingLine - Saving screenshot to C:\Users\Katon\Documents\JavaProject\DemoSerenityFramework\target\site\serenity\5657ac1b07cf7d3c47389e855205948b9dc159e7e99230bc73a60082e7b62ae4.png
16:35:01.763 [main] DEBUG net.thucydides.core.steps.StepInterceptor - STARTING STEP: StepInterceptor.testContext - nhập số điện thoại
16:35:02.137 [main] DEBUG net.serenitybdd.core.photography.Darkroom - Send negative for processing for C:\Users\Katon\Documents\JavaProject\DemoSerenityFramework\target\site\serenity\713988226fd6308db432e01fa9eebfba9e17d04afcf7e72eac645b20028d6aef.png
16:35:02.137 [main] DEBUG net.thucydides.core.steps.StepInterceptor - STEP DONE: nhập số điện thoại
16:35:02.137 [Darkroom Processing Line] DEBUG net.serenitybdd.core.photography.DarkroomProcessingLine - Processing screenshot image in /var/screenshots/screenshot-303868456933774278
16:35:02.137 [Darkroom Processing Line] DEBUG net.serenitybdd.core.photography.DarkroomProcessingLine - Saving screenshot to C:\Users\Katon\Documents\JavaProject\DemoSerenityFramework\target\site\serenity\713988226fd6308db432e01fa9eebfba9e17d04afcf7e72eac645b20028d6aef.png
16:35:02.146 [main] DEBUG net.thucydides.core.steps.StepInterceptor - STARTING STEP: StepInterceptor.testContext - nhập địa chỉ email
16:35:02.569 [main] DEBUG net.serenitybdd.core.photography.Darkroom - Send negative for processing for C:\Users\Katon\Documents\JavaProject\DemoSerenityFramework\target\site\serenity\1184134d191e528d4827a3740f153a697cdbf2a43f6242d46d6a307625acf881.png
16:35:02.569 [main] DEBUG net.thucydides.core.steps.StepInterceptor - STEP DONE: nhập địa chỉ email
16:35:02.569 [Darkroom Processing Line] DEBUG net.serenitybdd.core.photography.DarkroomProcessingLine - Processing screenshot image in /var/screenshots/screenshot-568819589902077463
16:35:02.569 [Darkroom Processing Line] DEBUG net.serenitybdd.core.photography.DarkroomProcessingLine - Saving screenshot to C:\Users\Katon\Documents\JavaProject\DemoSerenityFramework\target\site\serenity\1184134d191e528d4827a3740f153a697cdbf2a43f6242d46d6a307625acf881.png
16:35:02.581 [main] DEBUG net.thucydides.core.steps.StepInterceptor - STARTING STEP: StepInterceptor.testContext - nhập tài khoản đăng nhập
16:35:02.945 [main] DEBUG net.serenitybdd.core.photography.Darkroom - Send negative for processing for C:\Users\Katon\Documents\JavaProject\DemoSerenityFramework\target\site\serenity\58ecbe587a2dd992e0dc3816ff4939e77c75101bc037fddb9029d797242e2748.png
16:35:02.945 [main] DEBUG net.thucydides.core.steps.StepInterceptor - STEP DONE: nhập tài khoản đăng nhập
16:35:02.945 [Darkroom Processing Line] DEBUG net.serenitybdd.core.photography.DarkroomProcessingLine - Processing screenshot image in /var/screenshots/screenshot-9895710941262461565
16:35:02.945 [Darkroom Processing Line] DEBUG net.serenitybdd.core.photography.DarkroomProcessingLine - Saving screenshot to C:\Users\Katon\Documents\JavaProject\DemoSerenityFramework\target\site\serenity\58ecbe587a2dd992e0dc3816ff4939e77c75101bc037fddb9029d797242e2748.png
16:35:02.964 [main] DEBUG net.thucydides.core.steps.StepInterceptor - STARTING STEP: StepInterceptor.testContext - nhập mật khẩu
16:35:03.799 [main] DEBUG net.serenitybdd.core.photography.Darkroom - Send negative for processing for C:\Users\Katon\Documents\JavaProject\DemoSerenityFramework\target\site\serenity\48607d67e4805d193fb318d138a79c0ccc79d8655f9183942ab706c05833c9b6.png
16:35:03.799 [main] DEBUG net.thucydides.core.steps.StepInterceptor - STEP DONE: nhập mật khẩu
16:35:03.799 [Darkroom Processing Line] DEBUG net.serenitybdd.core.photography.DarkroomProcessingLine - Processing screenshot image in /var/screenshots/screenshot-8542473414975904124
16:35:03.799 [Darkroom Processing Line] DEBUG net.serenitybdd.core.photography.DarkroomProcessingLine - Saving screenshot to C:\Users\Katon\Documents\JavaProject\DemoSerenityFramework\target\site\serenity\48607d67e4805d193fb318d138a79c0ccc79d8655f9183942ab706c05833c9b6.png
16:35:03.816 [main] DEBUG net.thucydides.core.steps.StepInterceptor - STARTING STEP: StepInterceptor.testContext - nhập lại mật khẩu
16:35:04.184 [main] DEBUG net.serenitybdd.core.photography.Darkroom - Send negative for processing for C:\Users\Katon\Documents\JavaProject\DemoSerenityFramework\target\site\serenity\e98bf70c5cf38ac13a360afe42599ca656803934e21c2799dc9db149aa536585.png
16:35:04.184 [Darkroom Processing Line] DEBUG net.serenitybdd.core.photography.DarkroomProcessingLine - Processing screenshot image in /var/screenshots/screenshot-6732657899025225431
16:35:04.184 [main] DEBUG net.thucydides.core.steps.StepInterceptor - STEP DONE: nhập lại mật khẩu
16:35:04.184 [Darkroom Processing Line] DEBUG net.serenitybdd.core.photography.DarkroomProcessingLine - Saving screenshot to C:\Users\Katon\Documents\JavaProject\DemoSerenityFramework\target\site\serenity\e98bf70c5cf38ac13a360afe42599ca656803934e21c2799dc9db149aa536585.png
16:35:04.195 [main] DEBUG net.thucydides.core.steps.StepInterceptor - STARTING STEP: StepInterceptor.testContext - bấm nút đăng ký
16:35:05.550 [main] DEBUG net.serenitybdd.core.photography.Darkroom - Send negative for processing for C:\Users\Katon\Documents\JavaProject\DemoSerenityFramework\target\site\serenity\a97fc5104718b258d80b2b667feaf9f453f36c7cfb16f4daaeb3eb279130b93f.png
16:35:05.551 [Darkroom Processing Line] DEBUG net.serenitybdd.core.photography.DarkroomProcessingLine - Processing screenshot image in /var/screenshots/screenshot-535857049867203982
16:35:05.551 [Darkroom Processing Line] DEBUG net.serenitybdd.core.photography.DarkroomProcessingLine - Saving screenshot to C:\Users\Katon\Documents\JavaProject\DemoSerenityFramework\target\site\serenity\a97fc5104718b258d80b2b667feaf9f453f36c7cfb16f4daaeb3eb279130b93f.png
16:35:05.552 [main] DEBUG net.thucydides.core.steps.StepInterceptor - STEP DONE: bấm nút đăng ký
16:35:05.552 [main] DEBUG net.thucydides.core.steps.StepInterceptor - STARTING STEP: StepInterceptor.testContext - kiểm tra hiển thị thông báo đăng ký tài khoản thành công
16:35:05.901 [main] DEBUG net.serenitybdd.core.photography.Darkroom - Send negative for processing for C:\Users\Katon\Documents\JavaProject\DemoSerenityFramework\target\site\serenity\a97fc5104718b258d80b2b667feaf9f453f36c7cfb16f4daaeb3eb279130b93f.png
16:35:05.901 [main] DEBUG net.thucydides.core.steps.StepInterceptor - STEP DONE: kiểm tra hiển thị thông báo đăng ký tài khoản thành công
]]></system-out>
    <system-err><![CDATA[Mar 25, 2025 4:35:00 PM org.openqa.selenium.devtools.CdpVersionFinder findNearestMatch
WARNING: Unable to find CDP implementation matching 134
Mar 25, 2025 4:35:00 PM org.openqa.selenium.chromium.ChromiumDriver lambda$new$5
WARNING: Unable to find version of CDP to use for 134.0.6998.166. You may need to include a dependency on a specific version of the CDP using something similar to `org.seleniumhq.selenium:selenium-devtools-v86:4.14.1` where the version ("v86") matches the version of the chromium-based browser you're using and the version number of the artifact is the same as Selenium's.
]]></system-err>
  </testcase>
  <testcase name="checkEmptyInputUserName" classname="Test.Web.RegisterTest" time="5.159">
    <system-out><![CDATA[16:35:05.914 [main] INFO  - 
  _____   ___   ___   _____     ___     _     ___   ___   ___   ___  
 |_   _| | __| / __| |_   _|   | _ \   /_\   / __| / __| | __| |   \ 
   | |   | _|  \__ \   | |     |  _/  / _ \  \__ \ \__ \ | _|  | |) |
   |_|   |___| |___/   |_|     |_|   /_/ \_\ |___/ |___/ |___| |___/ 

kiểm tra đăng ký thành công
----------------------------------------------------------------------
16:35:06.078 [main] DEBUG net.thucydides.core.steps.StepEventBus - Test suite started for RegisterTest in class Test.Web.RegisterTest
16:35:06.094 [main] INFO  - Test Suite Started: RegisterTest
16:35:06.094 [main] DEBUG net.serenitybdd.junit5.SerenityTestExecutionListener - Thread[#1,main,5,main] Test started TestIdentifier [uniqueId = [engine:junit-jupiter]/[class:Test.Web.RegisterTest]/[method:checkEmptyInputUserName()], parentId = [engine:junit-jupiter]/[class:Test.Web.RegisterTest], displayName = 'kiểm tra bỏ trống họ tên', legacyReportingName = 'checkEmptyInputUserName()', source = MethodSource [className = 'Test.Web.RegisterTest', methodName = 'checkEmptyInputUserName', methodParameterTypes = ''], tags = [], type = TEST]
16:35:06.094 [main] INFO  - 
  _____   ___   ___   _____     ___   _____     _     ___   _____   ___   ___  
 |_   _| | __| / __| |_   _|   / __| |_   _|   /_\   | _ \ |_   _| | __| |   \ 
   | |   | _|  \__ \   | |     \__ \   | |    / _ \  |   /   | |   | _|  | |) |
   |_|   |___| |___/   |_|     |___/   |_|   /_/ \_\ |_|_\   |_|   |___| |___/ 

kiểm tra bỏ trống họ tên([engine:junit-jupiter]/[class:Test.Web.RegisterTest]/[method:checkEmptyInputUserName()])
--------------------------------------------------------------------------------
16:35:06.094 [main] DEBUG net.thucydides.core.steps.StepInterceptor - STARTING STEP: StepInterceptor.testContext - truy cập trang đăng ký
16:35:06.125 [main] INFO net.serenitybdd.core.webdriver.driverproviders.ChromeDriverProvider - Starting Chrome driver instance with capabilities:
16:35:06.125 [main] INFO net.serenitybdd.core.webdriver.driverproviders.ChromeDriverProvider - Capabilities {acceptInsecureCerts: false, browserName: chrome, goog:chromeOptions: {args: [remote-allow-origins=*, --headless=chrome, --headless], extensions: []}}
16:35:07.269 [main] DEBUG net.serenitybdd.core.photography.Darkroom - Opening darkroom
16:35:07.270 [Darkroom Processing Line] DEBUG net.serenitybdd.core.photography.DarkroomProcessingLine - Darkroom processing line starting up
16:35:07.650 [main] DEBUG net.serenitybdd.core.photography.Darkroom - Send negative for processing for C:\Users\Katon\Documents\JavaProject\DemoSerenityFramework\target\site\serenity\a133df92da281fbc66d6aa3e272f270ef64d2d70b223a006efe7dd0471ca972a.png
16:35:07.650 [main] DEBUG net.thucydides.core.steps.StepInterceptor - STEP DONE: truy cập trang đăng ký
16:35:07.662 [main] DEBUG net.thucydides.core.steps.StepInterceptor - STARTING STEP: StepInterceptor.testContext - xóa dữ liệu ô nhập
16:35:08.116 [main] DEBUG net.serenitybdd.core.photography.Darkroom - Send negative for processing for C:\Users\Katon\Documents\JavaProject\DemoSerenityFramework\target\site\serenity\a133df92da281fbc66d6aa3e272f270ef64d2d70b223a006efe7dd0471ca972a.png
16:35:08.116 [main] DEBUG net.thucydides.core.steps.StepInterceptor - STEP DONE: xóa dữ liệu ô nhập
16:35:08.128 [main] DEBUG net.thucydides.core.steps.StepInterceptor - STARTING STEP: StepInterceptor.testContext - nhập số điện thoại
16:35:08.545 [main] DEBUG net.serenitybdd.core.photography.Darkroom - Send negative for processing for C:\Users\Katon\Documents\JavaProject\DemoSerenityFramework\target\site\serenity\d8bef81b8176192bbf334a037fcdf1320d052fe4a02041280d8407846a5167a1.png
16:35:08.545 [main] DEBUG net.thucydides.core.steps.StepInterceptor - STEP DONE: nhập số điện thoại
16:35:08.545 [Darkroom Processing Line] DEBUG net.serenitybdd.core.photography.DarkroomProcessingLine - Processing screenshot image in /var/screenshots/screenshot-9350714018265636401
16:35:08.545 [Darkroom Processing Line] DEBUG net.serenitybdd.core.photography.DarkroomProcessingLine - Saving screenshot to C:\Users\Katon\Documents\JavaProject\DemoSerenityFramework\target\site\serenity\d8bef81b8176192bbf334a037fcdf1320d052fe4a02041280d8407846a5167a1.png
16:35:08.550 [main] DEBUG net.thucydides.core.steps.StepInterceptor - STARTING STEP: StepInterceptor.testContext - nhập địa chỉ email
16:35:09.391 [main] DEBUG net.serenitybdd.core.photography.Darkroom - Send negative for processing for C:\Users\Katon\Documents\JavaProject\DemoSerenityFramework\target\site\serenity\fa19a63745f47318b38825fbf9d2117954cfb998458f8fa4eb901f644c1b85d7.png
16:35:09.391 [main] DEBUG net.thucydides.core.steps.StepInterceptor - STEP DONE: nhập địa chỉ email
16:35:09.391 [Darkroom Processing Line] DEBUG net.serenitybdd.core.photography.DarkroomProcessingLine - Processing screenshot image in /var/screenshots/screenshot-3528656654582323448
16:35:09.391 [Darkroom Processing Line] DEBUG net.serenitybdd.core.photography.DarkroomProcessingLine - Saving screenshot to C:\Users\Katon\Documents\JavaProject\DemoSerenityFramework\target\site\serenity\fa19a63745f47318b38825fbf9d2117954cfb998458f8fa4eb901f644c1b85d7.png
16:35:09.398 [main] DEBUG net.thucydides.core.steps.StepInterceptor - STARTING STEP: StepInterceptor.testContext - nhập tài khoản đăng nhập
16:35:09.749 [main] DEBUG net.serenitybdd.core.photography.Darkroom - Send negative for processing for C:\Users\Katon\Documents\JavaProject\DemoSerenityFramework\target\site\serenity\12ac0d4a77f0904d75e4dfcd12bc741163ccca4ca9cc83a5350a56f90e643d13.png
16:35:09.749 [main] DEBUG net.thucydides.core.steps.StepInterceptor - STEP DONE: nhập tài khoản đăng nhập
16:35:09.749 [Darkroom Processing Line] DEBUG net.serenitybdd.core.photography.DarkroomProcessingLine - Processing screenshot image in /var/screenshots/screenshot-589506286454869147
16:35:09.749 [Darkroom Processing Line] DEBUG net.serenitybdd.core.photography.DarkroomProcessingLine - Saving screenshot to C:\Users\Katon\Documents\JavaProject\DemoSerenityFramework\target\site\serenity\12ac0d4a77f0904d75e4dfcd12bc741163ccca4ca9cc83a5350a56f90e643d13.png
16:35:09.749 [main] DEBUG net.thucydides.core.steps.StepInterceptor - STARTING STEP: StepInterceptor.testContext - nhập mật khẩu
16:35:09.798 [main] DEBUG net.thucydides.core.steps.StepInterceptor - STEP DONE: nhập mật khẩu
16:35:09.798 [main] DEBUG net.thucydides.core.steps.StepInterceptor - STARTING STEP: StepInterceptor.testContext - nhập lại mật khẩu
16:35:10.132 [main] DEBUG net.serenitybdd.core.photography.Darkroom - Send negative for processing for C:\Users\Katon\Documents\JavaProject\DemoSerenityFramework\target\site\serenity\54083ee0dbe6167fdb97b5f539633931ae43fb1406a738f2043aa7b2f5513d19.png
16:35:10.132 [main] DEBUG net.thucydides.core.steps.StepInterceptor - STEP DONE: nhập lại mật khẩu
16:35:10.132 [Darkroom Processing Line] DEBUG net.serenitybdd.core.photography.DarkroomProcessingLine - Processing screenshot image in /var/screenshots/screenshot-8276262215605370867
16:35:10.132 [Darkroom Processing Line] DEBUG net.serenitybdd.core.photography.DarkroomProcessingLine - Saving screenshot to C:\Users\Katon\Documents\JavaProject\DemoSerenityFramework\target\site\serenity\54083ee0dbe6167fdb97b5f539633931ae43fb1406a738f2043aa7b2f5513d19.png
16:35:10.132 [main] DEBUG net.thucydides.core.steps.StepInterceptor - STARTING STEP: StepInterceptor.testContext - bấm nút đăng ký
16:35:10.895 [main] DEBUG net.serenitybdd.core.photography.Darkroom - Send negative for processing for C:\Users\Katon\Documents\JavaProject\DemoSerenityFramework\target\site\serenity\89a1efa48e05b1c71864d2077919740b112f906ac9eb55b89f26ea78f43e70cb.png
16:35:10.895 [Darkroom Processing Line] DEBUG net.serenitybdd.core.photography.DarkroomProcessingLine - Processing screenshot image in /var/screenshots/screenshot-17653178829562852636
16:35:10.895 [Darkroom Processing Line] DEBUG net.serenitybdd.core.photography.DarkroomProcessingLine - Saving screenshot to C:\Users\Katon\Documents\JavaProject\DemoSerenityFramework\target\site\serenity\89a1efa48e05b1c71864d2077919740b112f906ac9eb55b89f26ea78f43e70cb.png
16:35:10.895 [main] DEBUG net.thucydides.core.steps.StepInterceptor - STEP DONE: bấm nút đăng ký
16:35:10.895 [main] DEBUG net.thucydides.core.steps.StepInterceptor - STARTING STEP: StepInterceptor.testContext - kiểm tra hiển thị thông báo họ tên không hợp lệ
16:35:11.253 [main] DEBUG net.serenitybdd.core.photography.Darkroom - Send negative for processing for C:\Users\Katon\Documents\JavaProject\DemoSerenityFramework\target\site\serenity\f8d8c8e7886bf3885b0153106bea892b616a6875289b00c936d58ac3068df0cf.png
16:35:11.253 [main] DEBUG net.thucydides.core.steps.StepInterceptor - STEP DONE: kiểm tra hiển thị thông báo họ tên không hợp lệ
16:35:11.253 [Darkroom Processing Line] DEBUG net.serenitybdd.core.photography.DarkroomProcessingLine - Processing screenshot image in /var/screenshots/screenshot-12939062087105830094
16:35:11.253 [Darkroom Processing Line] DEBUG net.serenitybdd.core.photography.DarkroomProcessingLine - Saving screenshot to C:\Users\Katon\Documents\JavaProject\DemoSerenityFramework\target\site\serenity\f8d8c8e7886bf3885b0153106bea892b616a6875289b00c936d58ac3068df0cf.png
]]></system-out>
    <system-err><![CDATA[Mar 25, 2025 4:35:06 PM org.openqa.selenium.devtools.CdpVersionFinder findNearestMatch
WARNING: Unable to find CDP implementation matching 134
Mar 25, 2025 4:35:06 PM org.openqa.selenium.chromium.ChromiumDriver lambda$new$5
WARNING: Unable to find version of CDP to use for 134.0.6998.166. You may need to include a dependency on a specific version of the CDP using something similar to `org.seleniumhq.selenium:selenium-devtools-v86:4.14.1` where the version ("v86") matches the version of the chromium-based browser you're using and the version number of the artifact is the same as Selenium's.
]]></system-err>
  </testcase>
  <testcase name="checkInputUserPasswordOverLength" classname="Test.Web.RegisterTest" time="6.031">
    <system-out><![CDATA[16:35:11.263 [main] INFO  - 
  _____   ___   ___   _____     ___     _     ___   ___   ___   ___  
 |_   _| | __| / __| |_   _|   | _ \   /_\   / __| / __| | __| |   \ 
   | |   | _|  \__ \   | |     |  _/  / _ \  \__ \ \__ \ | _|  | |) |
   |_|   |___| |___/   |_|     |_|   /_/ \_\ |___/ |___/ |___| |___/ 

kiểm tra bỏ trống họ tên
----------------------------------------------------------------------
16:35:11.456 [main] DEBUG net.thucydides.core.steps.StepEventBus - Test suite started for RegisterTest in class Test.Web.RegisterTest
16:35:11.456 [main] INFO  - Test Suite Started: RegisterTest
16:35:11.456 [main] DEBUG net.serenitybdd.junit5.SerenityTestExecutionListener - Thread[#1,main,5,main] Test started TestIdentifier [uniqueId = [engine:junit-jupiter]/[class:Test.Web.RegisterTest]/[method:checkInputUserPasswordOverLength()], parentId = [engine:junit-jupiter]/[class:Test.Web.RegisterTest], displayName = 'kiểm tra nhập mật khẩu > 30 ký tự', legacyReportingName = 'checkInputUserPasswordOverLength()', source = MethodSource [className = 'Test.Web.RegisterTest', methodName = 'checkInputUserPasswordOverLength', methodParameterTypes = ''], tags = [], type = TEST]
16:35:11.456 [main] INFO  - 
  _____   ___   ___   _____     ___   _____     _     ___   _____   ___   ___  
 |_   _| | __| / __| |_   _|   / __| |_   _|   /_\   | _ \ |_   _| | __| |   \ 
   | |   | _|  \__ \   | |     \__ \   | |    / _ \  |   /   | |   | _|  | |) |
   |_|   |___| |___/   |_|     |___/   |_|   /_/ \_\ |_|_\   |_|   |___| |___/ 

kiểm tra nhập mật khẩu > 30 ký tự([engine:junit-jupiter]/[class:Test.Web.RegisterTest]/[method:checkInputUserPasswordOverLength()])
--------------------------------------------------------------------------------
16:35:11.456 [main] DEBUG net.thucydides.core.steps.StepInterceptor - STARTING STEP: StepInterceptor.testContext - truy cập trang đăng ký
16:35:11.487 [main] INFO net.serenitybdd.core.webdriver.driverproviders.ChromeDriverProvider - Starting Chrome driver instance with capabilities:
16:35:11.487 [main] INFO net.serenitybdd.core.webdriver.driverproviders.ChromeDriverProvider - Capabilities {acceptInsecureCerts: false, browserName: chrome, goog:chromeOptions: {args: [remote-allow-origins=*, --headless=chrome, --headless], extensions: []}}
16:35:12.600 [main] DEBUG net.serenitybdd.core.photography.Darkroom - Opening darkroom
16:35:12.600 [Darkroom Processing Line] DEBUG net.serenitybdd.core.photography.DarkroomProcessingLine - Darkroom processing line starting up
16:35:12.980 [main] DEBUG net.serenitybdd.core.photography.Darkroom - Send negative for processing for C:\Users\Katon\Documents\JavaProject\DemoSerenityFramework\target\site\serenity\a133df92da281fbc66d6aa3e272f270ef64d2d70b223a006efe7dd0471ca972a.png
16:35:12.980 [main] DEBUG net.thucydides.core.steps.StepInterceptor - STEP DONE: truy cập trang đăng ký
16:35:12.980 [main] DEBUG net.thucydides.core.steps.StepInterceptor - STARTING STEP: StepInterceptor.testContext - xóa dữ liệu ô nhập
16:35:13.983 [main] DEBUG net.serenitybdd.core.photography.Darkroom - Send negative for processing for C:\Users\Katon\Documents\JavaProject\DemoSerenityFramework\target\site\serenity\a133df92da281fbc66d6aa3e272f270ef64d2d70b223a006efe7dd0471ca972a.png
16:35:13.983 [main] DEBUG net.thucydides.core.steps.StepInterceptor - STEP DONE: xóa dữ liệu ô nhập
16:35:13.995 [main] DEBUG net.thucydides.core.steps.StepInterceptor - STARTING STEP: StepInterceptor.testContext - nhập họ tên
16:35:14.342 [main] DEBUG net.serenitybdd.core.photography.Darkroom - Send negative for processing for C:\Users\Katon\Documents\JavaProject\DemoSerenityFramework\target\site\serenity\5657ac1b07cf7d3c47389e855205948b9dc159e7e99230bc73a60082e7b62ae4.png
16:35:14.342 [main] DEBUG net.thucydides.core.steps.StepInterceptor - STEP DONE: nhập họ tên
16:35:14.348 [main] DEBUG net.thucydides.core.steps.StepInterceptor - STARTING STEP: StepInterceptor.testContext - nhập số điện thoại
16:35:14.725 [main] DEBUG net.serenitybdd.core.photography.Darkroom - Send negative for processing for C:\Users\Katon\Documents\JavaProject\DemoSerenityFramework\target\site\serenity\713988226fd6308db432e01fa9eebfba9e17d04afcf7e72eac645b20028d6aef.png
16:35:14.725 [main] DEBUG net.thucydides.core.steps.StepInterceptor - STEP DONE: nhập số điện thoại
16:35:14.734 [main] DEBUG net.thucydides.core.steps.StepInterceptor - STARTING STEP: StepInterceptor.testContext - nhập địa chỉ email
16:35:15.118 [main] DEBUG net.serenitybdd.core.photography.Darkroom - Send negative for processing for C:\Users\Katon\Documents\JavaProject\DemoSerenityFramework\target\site\serenity\1184134d191e528d4827a3740f153a697cdbf2a43f6242d46d6a307625acf881.png
16:35:15.118 [main] DEBUG net.thucydides.core.steps.StepInterceptor - STEP DONE: nhập địa chỉ email
16:35:15.132 [main] DEBUG net.thucydides.core.steps.StepInterceptor - STARTING STEP: StepInterceptor.testContext - nhập tài khoản đăng nhập
16:35:15.978 [main] DEBUG net.serenitybdd.core.photography.Darkroom - Send negative for processing for C:\Users\Katon\Documents\JavaProject\DemoSerenityFramework\target\site\serenity\e698f069a0c97d89ab1ca5ab7d517c4197c491d760c3e7922a96e8c3b39af4d4.png
16:35:15.978 [main] DEBUG net.thucydides.core.steps.StepInterceptor - STEP DONE: nhập tài khoản đăng nhập
16:35:15.978 [Darkroom Processing Line] DEBUG net.serenitybdd.core.photography.DarkroomProcessingLine - Processing screenshot image in /var/screenshots/screenshot-735830868582746124
16:35:15.978 [Darkroom Processing Line] DEBUG net.serenitybdd.core.photography.DarkroomProcessingLine - Saving screenshot to C:\Users\Katon\Documents\JavaProject\DemoSerenityFramework\target\site\serenity\e698f069a0c97d89ab1ca5ab7d517c4197c491d760c3e7922a96e8c3b39af4d4.png
16:35:15.984 [main] DEBUG net.thucydides.core.steps.StepInterceptor - STARTING STEP: StepInterceptor.testContext - nhập mật khẩu
16:35:16.316 [main] DEBUG net.serenitybdd.core.photography.Darkroom - Send negative for processing for C:\Users\Katon\Documents\JavaProject\DemoSerenityFramework\target\site\serenity\9664371ac3589fc3e4af9c7f746e0d00587ae386fa3deb7d9121d85d7adeff64.png
16:35:16.316 [main] DEBUG net.thucydides.core.steps.StepInterceptor - STEP DONE: nhập mật khẩu
16:35:16.316 [Darkroom Processing Line] DEBUG net.serenitybdd.core.photography.DarkroomProcessingLine - Processing screenshot image in /var/screenshots/screenshot-5556881078860656889
16:35:16.316 [Darkroom Processing Line] DEBUG net.serenitybdd.core.photography.DarkroomProcessingLine - Saving screenshot to C:\Users\Katon\Documents\JavaProject\DemoSerenityFramework\target\site\serenity\9664371ac3589fc3e4af9c7f746e0d00587ae386fa3deb7d9121d85d7adeff64.png
16:35:16.316 [main] DEBUG net.thucydides.core.steps.StepInterceptor - STARTING STEP: StepInterceptor.testContext - nhập lại mật khẩu
16:35:16.363 [main] DEBUG net.thucydides.core.steps.StepInterceptor - STEP DONE: nhập lại mật khẩu
16:35:16.363 [main] DEBUG net.thucydides.core.steps.StepInterceptor - STARTING STEP: StepInterceptor.testContext - bấm nút đăng ký
16:35:17.112 [main] DEBUG net.serenitybdd.core.photography.Darkroom - Send negative for processing for C:\Users\Katon\Documents\JavaProject\DemoSerenityFramework\target\site\serenity\0b66c080708bceaab61ad9843d5c346a6a07c348f0432086c280d2150f45aa35.png
16:35:17.112 [Darkroom Processing Line] DEBUG net.serenitybdd.core.photography.DarkroomProcessingLine - Processing screenshot image in /var/screenshots/screenshot-1818754073246781353
16:35:17.112 [Darkroom Processing Line] DEBUG net.serenitybdd.core.photography.DarkroomProcessingLine - Saving screenshot to C:\Users\Katon\Documents\JavaProject\DemoSerenityFramework\target\site\serenity\0b66c080708bceaab61ad9843d5c346a6a07c348f0432086c280d2150f45aa35.png
16:35:17.112 [main] DEBUG net.thucydides.core.steps.StepInterceptor - STEP DONE: bấm nút đăng ký
16:35:17.112 [main] DEBUG net.thucydides.core.steps.StepInterceptor - STARTING STEP: StepInterceptor.testContext - kiểm tra hiển thị thông báo mật khẩu không hợp lệ
16:35:17.487 [main] DEBUG net.serenitybdd.core.photography.Darkroom - Send negative for processing for C:\Users\Katon\Documents\JavaProject\DemoSerenityFramework\target\site\serenity\375ec9b4b9041992c341ab49e91fcca678322e8380201315101f6778aff01069.png
16:35:17.487 [main] DEBUG net.thucydides.core.steps.StepInterceptor - STEP DONE: kiểm tra hiển thị thông báo mật khẩu không hợp lệ
16:35:17.487 [Darkroom Processing Line] DEBUG net.serenitybdd.core.photography.DarkroomProcessingLine - Processing screenshot image in /var/screenshots/screenshot-6935037473007480688
16:35:17.487 [Darkroom Processing Line] DEBUG net.serenitybdd.core.photography.DarkroomProcessingLine - Saving screenshot to C:\Users\Katon\Documents\JavaProject\DemoSerenityFramework\target\site\serenity\375ec9b4b9041992c341ab49e91fcca678322e8380201315101f6778aff01069.png
]]></system-out>
    <system-err><![CDATA[Mar 25, 2025 4:35:12 PM org.openqa.selenium.devtools.CdpVersionFinder findNearestMatch
WARNING: Unable to find CDP implementation matching 134
Mar 25, 2025 4:35:12 PM org.openqa.selenium.chromium.ChromiumDriver lambda$new$5
WARNING: Unable to find version of CDP to use for 134.0.6998.166. You may need to include a dependency on a specific version of the CDP using something similar to `org.seleniumhq.selenium:selenium-devtools-v86:4.14.1` where the version ("v86") matches the version of the chromium-based browser you're using and the version number of the artifact is the same as Selenium's.
]]></system-err>
  </testcase>
  <testcase name="checkInputUserNameOverLength" classname="Test.Web.RegisterTest" time="5.726">
    <system-out><![CDATA[16:35:17.495 [main] INFO  - 
  _____   ___   ___   _____     ___     _     ___   ___   ___   ___  
 |_   _| | __| / __| |_   _|   | _ \   /_\   / __| / __| | __| |   \ 
   | |   | _|  \__ \   | |     |  _/  / _ \  \__ \ \__ \ | _|  | |) |
   |_|   |___| |___/   |_|     |_|   /_/ \_\ |___/ |___/ |___| |___/ 

kiểm tra nhập mật khẩu > 30 ký tự
----------------------------------------------------------------------
16:35:17.661 [main] DEBUG net.thucydides.core.steps.StepEventBus - Test suite started for RegisterTest in class Test.Web.RegisterTest
16:35:17.661 [main] INFO  - Test Suite Started: RegisterTest
16:35:17.661 [main] DEBUG net.serenitybdd.junit5.SerenityTestExecutionListener - Thread[#1,main,5,main] Test started TestIdentifier [uniqueId = [engine:junit-jupiter]/[class:Test.Web.RegisterTest]/[method:checkInputUserNameOverLength()], parentId = [engine:junit-jupiter]/[class:Test.Web.RegisterTest], displayName = 'kiểm tra nhập họ tên > 50 ký tự', legacyReportingName = 'checkInputUserNameOverLength()', source = MethodSource [className = 'Test.Web.RegisterTest', methodName = 'checkInputUserNameOverLength', methodParameterTypes = ''], tags = [], type = TEST]
16:35:17.676 [main] INFO  - 
  _____   ___   ___   _____     ___   _____     _     ___   _____   ___   ___  
 |_   _| | __| / __| |_   _|   / __| |_   _|   /_\   | _ \ |_   _| | __| |   \ 
   | |   | _|  \__ \   | |     \__ \   | |    / _ \  |   /   | |   | _|  | |) |
   |_|   |___| |___/   |_|     |___/   |_|   /_/ \_\ |_|_\   |_|   |___| |___/ 

kiểm tra nhập họ tên > 50 ký tự([engine:junit-jupiter]/[class:Test.Web.RegisterTest]/[method:checkInputUserNameOverLength()])
--------------------------------------------------------------------------------
16:35:17.676 [main] DEBUG net.thucydides.core.steps.StepInterceptor - STARTING STEP: StepInterceptor.testContext - truy cập trang đăng ký
16:35:17.708 [main] INFO net.serenitybdd.core.webdriver.driverproviders.ChromeDriverProvider - Starting Chrome driver instance with capabilities:
16:35:17.708 [main] INFO net.serenitybdd.core.webdriver.driverproviders.ChromeDriverProvider - Capabilities {acceptInsecureCerts: false, browserName: chrome, goog:chromeOptions: {args: [remote-allow-origins=*, --headless=chrome, --headless], extensions: []}}
16:35:18.831 [main] DEBUG net.serenitybdd.core.photography.Darkroom - Opening darkroom
16:35:18.831 [Darkroom Processing Line] DEBUG net.serenitybdd.core.photography.DarkroomProcessingLine - Darkroom processing line starting up
16:35:19.205 [main] DEBUG net.serenitybdd.core.photography.Darkroom - Send negative for processing for C:\Users\Katon\Documents\JavaProject\DemoSerenityFramework\target\site\serenity\a133df92da281fbc66d6aa3e272f270ef64d2d70b223a006efe7dd0471ca972a.png
16:35:19.205 [main] DEBUG net.thucydides.core.steps.StepInterceptor - STEP DONE: truy cập trang đăng ký
16:35:19.212 [main] DEBUG net.thucydides.core.steps.StepInterceptor - STARTING STEP: StepInterceptor.testContext - xóa dữ liệu ô nhập
16:35:19.671 [main] DEBUG net.serenitybdd.core.photography.Darkroom - Send negative for processing for C:\Users\Katon\Documents\JavaProject\DemoSerenityFramework\target\site\serenity\a133df92da281fbc66d6aa3e272f270ef64d2d70b223a006efe7dd0471ca972a.png
16:35:19.671 [main] DEBUG net.thucydides.core.steps.StepInterceptor - STEP DONE: xóa dữ liệu ô nhập
16:35:19.671 [main] DEBUG net.thucydides.core.steps.StepInterceptor - STARTING STEP: StepInterceptor.testContext - nhập họ tên
16:35:20.097 [main] DEBUG net.serenitybdd.core.photography.Darkroom - Send negative for processing for C:\Users\Katon\Documents\JavaProject\DemoSerenityFramework\target\site\serenity\3422b93967d0634244efb4ec6d5a01f0baa7e147f940384e696891afbc7027c4.png
16:35:20.097 [main] DEBUG net.thucydides.core.steps.StepInterceptor - STEP DONE: nhập họ tên
16:35:20.097 [Darkroom Processing Line] DEBUG net.serenitybdd.core.photography.DarkroomProcessingLine - Processing screenshot image in /var/screenshots/screenshot-12832485737820885858
16:35:20.097 [Darkroom Processing Line] DEBUG net.serenitybdd.core.photography.DarkroomProcessingLine - Saving screenshot to C:\Users\Katon\Documents\JavaProject\DemoSerenityFramework\target\site\serenity\3422b93967d0634244efb4ec6d5a01f0baa7e147f940384e696891afbc7027c4.png
16:35:20.102 [main] DEBUG net.thucydides.core.steps.StepInterceptor - STARTING STEP: StepInterceptor.testContext - nhập số điện thoại
16:35:20.146 [main] DEBUG net.thucydides.core.steps.StepInterceptor - STEP DONE: nhập số điện thoại
16:35:20.146 [main] DEBUG net.thucydides.core.steps.StepInterceptor - STARTING STEP: StepInterceptor.testContext - nhập địa chỉ email
16:35:20.472 [main] DEBUG net.serenitybdd.core.photography.Darkroom - Send negative for processing for C:\Users\Katon\Documents\JavaProject\DemoSerenityFramework\target\site\serenity\b588df174d2a0eb0b896d30a60923322d86f3941a83078dc63e381742a3f61e2.png
16:35:20.472 [main] DEBUG net.thucydides.core.steps.StepInterceptor - STEP DONE: nhập địa chỉ email
16:35:20.472 [Darkroom Processing Line] DEBUG net.serenitybdd.core.photography.DarkroomProcessingLine - Processing screenshot image in /var/screenshots/screenshot-11084323091851606089
16:35:20.472 [Darkroom Processing Line] DEBUG net.serenitybdd.core.photography.DarkroomProcessingLine - Saving screenshot to C:\Users\Katon\Documents\JavaProject\DemoSerenityFramework\target\site\serenity\b588df174d2a0eb0b896d30a60923322d86f3941a83078dc63e381742a3f61e2.png
16:35:20.488 [main] DEBUG net.thucydides.core.steps.StepInterceptor - STARTING STEP: StepInterceptor.testContext - nhập tài khoản đăng nhập
16:35:21.364 [main] DEBUG net.serenitybdd.core.photography.Darkroom - Send negative for processing for C:\Users\Katon\Documents\JavaProject\DemoSerenityFramework\target\site\serenity\6723e5b0832f1d2f1b594c34b1a41a3e701024d8390870a75c639b407b8f7bd0.png
16:35:21.364 [main] DEBUG net.thucydides.core.steps.StepInterceptor - STEP DONE: nhập tài khoản đăng nhập
16:35:21.364 [Darkroom Processing Line] DEBUG net.serenitybdd.core.photography.DarkroomProcessingLine - Processing screenshot image in /var/screenshots/screenshot-15582080343284858545
16:35:21.364 [Darkroom Processing Line] DEBUG net.serenitybdd.core.photography.DarkroomProcessingLine - Saving screenshot to C:\Users\Katon\Documents\JavaProject\DemoSerenityFramework\target\site\serenity\6723e5b0832f1d2f1b594c34b1a41a3e701024d8390870a75c639b407b8f7bd0.png
16:35:21.370 [main] DEBUG net.thucydides.core.steps.StepInterceptor - STARTING STEP: StepInterceptor.testContext - nhập mật khẩu
16:35:21.413 [main] DEBUG net.thucydides.core.steps.StepInterceptor - STEP DONE: nhập mật khẩu
16:35:21.413 [main] DEBUG net.thucydides.core.steps.StepInterceptor - STARTING STEP: StepInterceptor.testContext - nhập lại mật khẩu
16:35:21.754 [main] DEBUG net.serenitybdd.core.photography.Darkroom - Send negative for processing for C:\Users\Katon\Documents\JavaProject\DemoSerenityFramework\target\site\serenity\954b62b30e8c585ff681c44c088ae83cdc15f590e35602a40590e7b9021e8013.png
16:35:21.754 [main] DEBUG net.thucydides.core.steps.StepInterceptor - STEP DONE: nhập lại mật khẩu
16:35:21.754 [Darkroom Processing Line] DEBUG net.serenitybdd.core.photography.DarkroomProcessingLine - Processing screenshot image in /var/screenshots/screenshot-7680974189731483444
16:35:21.754 [Darkroom Processing Line] DEBUG net.serenitybdd.core.photography.DarkroomProcessingLine - Saving screenshot to C:\Users\Katon\Documents\JavaProject\DemoSerenityFramework\target\site\serenity\954b62b30e8c585ff681c44c088ae83cdc15f590e35602a40590e7b9021e8013.png
16:35:21.754 [main] DEBUG net.thucydides.core.steps.StepInterceptor - STARTING STEP: StepInterceptor.testContext - bấm nút đăng ký
16:35:22.511 [main] DEBUG net.serenitybdd.core.photography.Darkroom - Send negative for processing for C:\Users\Katon\Documents\JavaProject\DemoSerenityFramework\target\site\serenity\a72bbc1c9a730056e76d952c5ae5a42c6e35d9a5e549ad0dc144376d0c0b1a38.png
16:35:22.512 [Darkroom Processing Line] DEBUG net.serenitybdd.core.photography.DarkroomProcessingLine - Processing screenshot image in /var/screenshots/screenshot-3959621935037970718
16:35:22.512 [Darkroom Processing Line] DEBUG net.serenitybdd.core.photography.DarkroomProcessingLine - Saving screenshot to C:\Users\Katon\Documents\JavaProject\DemoSerenityFramework\target\site\serenity\a72bbc1c9a730056e76d952c5ae5a42c6e35d9a5e549ad0dc144376d0c0b1a38.png
16:35:22.512 [main] DEBUG net.thucydides.core.steps.StepInterceptor - STEP DONE: bấm nút đăng ký
16:35:22.512 [main] DEBUG net.thucydides.core.steps.StepInterceptor - STARTING STEP: StepInterceptor.testContext - kiểm tra hiển thị thông báo họ tên không hợp lệ
16:35:23.401 [main] DEBUG net.serenitybdd.core.photography.Darkroom - Send negative for processing for C:\Users\Katon\Documents\JavaProject\DemoSerenityFramework\target\site\serenity\ee3cedd1c58b6ce9ac1a746a14d2d402cdccef7888062edf57074fccb44360cb.png
16:35:23.401 [main] DEBUG net.thucydides.core.steps.StepInterceptor - STEP DONE: kiểm tra hiển thị thông báo họ tên không hợp lệ
16:35:23.401 [Darkroom Processing Line] DEBUG net.serenitybdd.core.photography.DarkroomProcessingLine - Processing screenshot image in /var/screenshots/screenshot-9023840036828519113
16:35:23.401 [Darkroom Processing Line] DEBUG net.serenitybdd.core.photography.DarkroomProcessingLine - Saving screenshot to C:\Users\Katon\Documents\JavaProject\DemoSerenityFramework\target\site\serenity\ee3cedd1c58b6ce9ac1a746a14d2d402cdccef7888062edf57074fccb44360cb.png
]]></system-out>
    <system-err><![CDATA[Mar 25, 2025 4:35:18 PM org.openqa.selenium.devtools.CdpVersionFinder findNearestMatch
WARNING: Unable to find CDP implementation matching 134
Mar 25, 2025 4:35:18 PM org.openqa.selenium.chromium.ChromiumDriver lambda$new$5
WARNING: Unable to find version of CDP to use for 134.0.6998.166. You may need to include a dependency on a specific version of the CDP using something similar to `org.seleniumhq.selenium:selenium-devtools-v86:4.14.1` where the version ("v86") matches the version of the chromium-based browser you're using and the version number of the artifact is the same as Selenium's.
]]></system-err>
  </testcase>
  <testcase name="checkInputUserEmailHeaderIsSpace" classname="Test.Web.RegisterTest" time="5.24">
    <system-out><![CDATA[16:35:23.405 [main] INFO  - 
  _____   ___   ___   _____     ___     _     ___   ___   ___   ___  
 |_   _| | __| / __| |_   _|   | _ \   /_\   / __| / __| | __| |   \ 
   | |   | _|  \__ \   | |     |  _/  / _ \  \__ \ \__ \ | _|  | |) |
   |_|   |___| |___/   |_|     |_|   /_/ \_\ |___/ |___/ |___| |___/ 

kiểm tra nhập họ tên > 50 ký tự
----------------------------------------------------------------------
16:35:23.558 [main] DEBUG net.thucydides.core.steps.StepEventBus - Test suite started for RegisterTest in class Test.Web.RegisterTest
16:35:23.558 [main] INFO  - Test Suite Started: RegisterTest
16:35:23.558 [main] DEBUG net.serenitybdd.junit5.SerenityTestExecutionListener - Thread[#1,main,5,main] Test started TestIdentifier [uniqueId = [engine:junit-jupiter]/[class:Test.Web.RegisterTest]/[method:checkInputUserEmailHeaderIsSpace()], parentId = [engine:junit-jupiter]/[class:Test.Web.RegisterTest], displayName = 'kiểm tra nhập email với đầu chỉ chứa khoảng trắng', legacyReportingName = 'checkInputUserEmailHeaderIsSpace()', source = MethodSource [className = 'Test.Web.RegisterTest', methodName = 'checkInputUserEmailHeaderIsSpace', methodParameterTypes = ''], tags = [], type = TEST]
16:35:23.573 [main] INFO  - 
  _____   ___   ___   _____     ___   _____     _     ___   _____   ___   ___  
 |_   _| | __| / __| |_   _|   / __| |_   _|   /_\   | _ \ |_   _| | __| |   \ 
   | |   | _|  \__ \   | |     \__ \   | |    / _ \  |   /   | |   | _|  | |) |
   |_|   |___| |___/   |_|     |___/   |_|   /_/ \_\ |_|_\   |_|   |___| |___/ 

kiểm tra nhập email với đầu chỉ chứa khoảng trắng([engine:junit-jupiter]/[class:Test.Web.RegisterTest]/[method:checkInputUserEmailHeaderIsSpace()])
--------------------------------------------------------------------------------
16:35:23.573 [main] DEBUG net.thucydides.core.steps.StepInterceptor - STARTING STEP: StepInterceptor.testContext - truy cập trang đăng ký
16:35:23.605 [main] INFO net.serenitybdd.core.webdriver.driverproviders.ChromeDriverProvider - Starting Chrome driver instance with capabilities:
16:35:23.605 [main] INFO net.serenitybdd.core.webdriver.driverproviders.ChromeDriverProvider - Capabilities {acceptInsecureCerts: false, browserName: chrome, goog:chromeOptions: {args: [remote-allow-origins=*, --headless=chrome, --headless], extensions: []}}
16:35:24.785 [main] DEBUG net.serenitybdd.core.photography.Darkroom - Opening darkroom
16:35:24.785 [Darkroom Processing Line] DEBUG net.serenitybdd.core.photography.DarkroomProcessingLine - Darkroom processing line starting up
16:35:25.173 [main] DEBUG net.serenitybdd.core.photography.Darkroom - Send negative for processing for C:\Users\Katon\Documents\JavaProject\DemoSerenityFramework\target\site\serenity\a133df92da281fbc66d6aa3e272f270ef64d2d70b223a006efe7dd0471ca972a.png
16:35:25.173 [main] DEBUG net.thucydides.core.steps.StepInterceptor - STEP DONE: truy cập trang đăng ký
16:35:25.179 [main] DEBUG net.thucydides.core.steps.StepInterceptor - STARTING STEP: StepInterceptor.testContext - xóa dữ liệu ô nhập
16:35:25.634 [main] DEBUG net.serenitybdd.core.photography.Darkroom - Send negative for processing for C:\Users\Katon\Documents\JavaProject\DemoSerenityFramework\target\site\serenity\a133df92da281fbc66d6aa3e272f270ef64d2d70b223a006efe7dd0471ca972a.png
16:35:25.634 [main] DEBUG net.thucydides.core.steps.StepInterceptor - STEP DONE: xóa dữ liệu ô nhập
16:35:25.634 [main] DEBUG net.thucydides.core.steps.StepInterceptor - STARTING STEP: StepInterceptor.testContext - nhập họ tên
16:35:26.036 [main] DEBUG net.serenitybdd.core.photography.Darkroom - Send negative for processing for C:\Users\Katon\Documents\JavaProject\DemoSerenityFramework\target\site\serenity\5657ac1b07cf7d3c47389e855205948b9dc159e7e99230bc73a60082e7b62ae4.png
16:35:26.036 [main] DEBUG net.thucydides.core.steps.StepInterceptor - STEP DONE: nhập họ tên
16:35:26.049 [main] DEBUG net.thucydides.core.steps.StepInterceptor - STARTING STEP: StepInterceptor.testContext - nhập số điện thoại
16:35:26.384 [main] DEBUG net.serenitybdd.core.photography.Darkroom - Send negative for processing for C:\Users\Katon\Documents\JavaProject\DemoSerenityFramework\target\site\serenity\713988226fd6308db432e01fa9eebfba9e17d04afcf7e72eac645b20028d6aef.png
16:35:26.384 [main] DEBUG net.thucydides.core.steps.StepInterceptor - STEP DONE: nhập số điện thoại
16:35:26.384 [main] DEBUG net.thucydides.core.steps.StepInterceptor - STARTING STEP: StepInterceptor.testContext - nhập địa chỉ email
16:35:26.798 [main] DEBUG net.serenitybdd.core.photography.Darkroom - Send negative for processing for C:\Users\Katon\Documents\JavaProject\DemoSerenityFramework\target\site\serenity\25cf53466d193718975d39dfb67658c3b2c487f0c327d5666e72c72624127259.png
16:35:26.798 [main] DEBUG net.thucydides.core.steps.StepInterceptor - STEP DONE: nhập địa chỉ email
16:35:26.798 [Darkroom Processing Line] DEBUG net.serenitybdd.core.photography.DarkroomProcessingLine - Processing screenshot image in /var/screenshots/screenshot-3752326403355120580
16:35:26.798 [Darkroom Processing Line] DEBUG net.serenitybdd.core.photography.DarkroomProcessingLine - Saving screenshot to C:\Users\Katon\Documents\JavaProject\DemoSerenityFramework\target\site\serenity\25cf53466d193718975d39dfb67658c3b2c487f0c327d5666e72c72624127259.png
16:35:26.804 [main] DEBUG net.thucydides.core.steps.StepInterceptor - STARTING STEP: StepInterceptor.testContext - nhập tài khoản đăng nhập
16:35:26.846 [main] DEBUG net.thucydides.core.steps.StepInterceptor - STEP DONE: nhập tài khoản đăng nhập
16:35:26.846 [main] DEBUG net.thucydides.core.steps.StepInterceptor - STARTING STEP: StepInterceptor.testContext - nhập mật khẩu
16:35:27.231 [main] DEBUG net.serenitybdd.core.photography.Darkroom - Send negative for processing for C:\Users\Katon\Documents\JavaProject\DemoSerenityFramework\target\site\serenity\821ab9c6cf44cfa1ea34c0dd12243664b64f952ac424456d48c6fab2d9328bef.png
16:35:27.231 [main] DEBUG net.thucydides.core.steps.StepInterceptor - STEP DONE: nhập mật khẩu
16:35:27.231 [Darkroom Processing Line] DEBUG net.serenitybdd.core.photography.DarkroomProcessingLine - Processing screenshot image in /var/screenshots/screenshot-14526322424897704201
16:35:27.231 [Darkroom Processing Line] DEBUG net.serenitybdd.core.photography.DarkroomProcessingLine - Saving screenshot to C:\Users\Katon\Documents\JavaProject\DemoSerenityFramework\target\site\serenity\821ab9c6cf44cfa1ea34c0dd12243664b64f952ac424456d48c6fab2d9328bef.png
16:35:27.231 [main] DEBUG net.thucydides.core.steps.StepInterceptor - STARTING STEP: StepInterceptor.testContext - nhập lại mật khẩu
16:35:27.592 [main] DEBUG net.serenitybdd.core.photography.Darkroom - Send negative for processing for C:\Users\Katon\Documents\JavaProject\DemoSerenityFramework\target\site\serenity\170e3f63c534a3b09fd6c91251eeb70b0d618942c80b3fba35593b03c639cc6e.png
16:35:27.592 [main] DEBUG net.thucydides.core.steps.StepInterceptor - STEP DONE: nhập lại mật khẩu
16:35:27.592 [Darkroom Processing Line] DEBUG net.serenitybdd.core.photography.DarkroomProcessingLine - Processing screenshot image in /var/screenshots/screenshot-16219610681235636719
16:35:27.592 [Darkroom Processing Line] DEBUG net.serenitybdd.core.photography.DarkroomProcessingLine - Saving screenshot to C:\Users\Katon\Documents\JavaProject\DemoSerenityFramework\target\site\serenity\170e3f63c534a3b09fd6c91251eeb70b0d618942c80b3fba35593b03c639cc6e.png
16:35:27.598 [main] DEBUG net.thucydides.core.steps.StepInterceptor - STARTING STEP: StepInterceptor.testContext - bấm nút đăng ký
16:35:28.412 [main] DEBUG net.serenitybdd.core.photography.Darkroom - Send negative for processing for C:\Users\Katon\Documents\JavaProject\DemoSerenityFramework\target\site\serenity\14b5ba025744cbd67a81012b4c30c633fd975a3d6c616ed91a1b8e0c2baea5b1.png
16:35:28.428 [Darkroom Processing Line] DEBUG net.serenitybdd.core.photography.DarkroomProcessingLine - Processing screenshot image in /var/screenshots/screenshot-10211929154673183705
16:35:28.428 [Darkroom Processing Line] DEBUG net.serenitybdd.core.photography.DarkroomProcessingLine - Saving screenshot to C:\Users\Katon\Documents\JavaProject\DemoSerenityFramework\target\site\serenity\14b5ba025744cbd67a81012b4c30c633fd975a3d6c616ed91a1b8e0c2baea5b1.png
16:35:28.429 [main] DEBUG net.thucydides.core.steps.StepInterceptor - STEP DONE: bấm nút đăng ký
16:35:28.429 [main] DEBUG net.thucydides.core.steps.StepInterceptor - STARTING STEP: StepInterceptor.testContext - kiểm tra hiển thị thông báo địa chỉ email không hợp lệ
16:35:28.812 [main] DEBUG net.serenitybdd.core.photography.Darkroom - Send negative for processing for C:\Users\Katon\Documents\JavaProject\DemoSerenityFramework\target\site\serenity\46f96a8c2c0232e0cda8b12d41b1272d9b0256e5be98338da9447a08a30d88e8.png
16:35:28.812 [main] DEBUG net.thucydides.core.steps.StepInterceptor - STEP DONE: kiểm tra hiển thị thông báo địa chỉ email không hợp lệ
16:35:28.812 [Darkroom Processing Line] DEBUG net.serenitybdd.core.photography.DarkroomProcessingLine - Processing screenshot image in /var/screenshots/screenshot-16844780171022621540
16:35:28.812 [Darkroom Processing Line] DEBUG net.serenitybdd.core.photography.DarkroomProcessingLine - Saving screenshot to C:\Users\Katon\Documents\JavaProject\DemoSerenityFramework\target\site\serenity\46f96a8c2c0232e0cda8b12d41b1272d9b0256e5be98338da9447a08a30d88e8.png
]]></system-out>
    <system-err><![CDATA[Mar 25, 2025 4:35:24 PM org.openqa.selenium.devtools.CdpVersionFinder findNearestMatch
WARNING: Unable to find CDP implementation matching 134
Mar 25, 2025 4:35:24 PM org.openqa.selenium.chromium.ChromiumDriver lambda$new$5
WARNING: Unable to find version of CDP to use for 134.0.6998.166. You may need to include a dependency on a specific version of the CDP using something similar to `org.seleniumhq.selenium:selenium-devtools-v86:4.14.1` where the version ("v86") matches the version of the chromium-based browser you're using and the version number of the artifact is the same as Selenium's.
]]></system-err>
  </testcase>
  <testcase name="checkInputUserPhoneOverLength" classname="Test.Web.RegisterTest" time="6.657">
    <system-out><![CDATA[16:35:28.816 [main] INFO  - 
  _____   ___   ___   _____     ___     _     ___   ___   ___   ___  
 |_   _| | __| / __| |_   _|   | _ \   /_\   / __| / __| | __| |   \ 
   | |   | _|  \__ \   | |     |  _/  / _ \  \__ \ \__ \ | _|  | |) |
   |_|   |___| |___/   |_|     |_|   /_/ \_\ |___/ |___/ |___| |___/ 

kiểm tra nhập email với đầu chỉ chứa khoảng trắng
----------------------------------------------------------------------
16:35:28.979 [main] DEBUG net.thucydides.core.steps.StepEventBus - Test suite started for RegisterTest in class Test.Web.RegisterTest
16:35:28.979 [main] INFO  - Test Suite Started: RegisterTest
16:35:28.979 [main] DEBUG net.serenitybdd.junit5.SerenityTestExecutionListener - Thread[#1,main,5,main] Test started TestIdentifier [uniqueId = [engine:junit-jupiter]/[class:Test.Web.RegisterTest]/[method:checkInputUserPhoneOverLength()], parentId = [engine:junit-jupiter]/[class:Test.Web.RegisterTest], displayName = 'kiểm tra nhập số điện thoại > 10 ký tự', legacyReportingName = 'checkInputUserPhoneOverLength()', source = MethodSource [className = 'Test.Web.RegisterTest', methodName = 'checkInputUserPhoneOverLength', methodParameterTypes = ''], tags = [], type = TEST]
16:35:28.979 [main] INFO  - 
  _____   ___   ___   _____     ___   _____     _     ___   _____   ___   ___  
 |_   _| | __| / __| |_   _|   / __| |_   _|   /_\   | _ \ |_   _| | __| |   \ 
   | |   | _|  \__ \   | |     \__ \   | |    / _ \  |   /   | |   | _|  | |) |
   |_|   |___| |___/   |_|     |___/   |_|   /_/ \_\ |_|_\   |_|   |___| |___/ 

kiểm tra nhập số điện thoại > 10 ký tự([engine:junit-jupiter]/[class:Test.Web.RegisterTest]/[method:checkInputUserPhoneOverLength()])
--------------------------------------------------------------------------------
16:35:28.995 [main] DEBUG net.thucydides.core.steps.StepInterceptor - STARTING STEP: StepInterceptor.testContext - truy cập trang đăng ký
16:35:29.026 [main] INFO net.serenitybdd.core.webdriver.driverproviders.ChromeDriverProvider - Starting Chrome driver instance with capabilities:
16:35:29.026 [main] INFO net.serenitybdd.core.webdriver.driverproviders.ChromeDriverProvider - Capabilities {acceptInsecureCerts: false, browserName: chrome, goog:chromeOptions: {args: [remote-allow-origins=*, --headless=chrome, --headless], extensions: []}}
16:35:30.212 [main] DEBUG net.serenitybdd.core.photography.Darkroom - Opening darkroom
16:35:30.213 [Darkroom Processing Line] DEBUG net.serenitybdd.core.photography.DarkroomProcessingLine - Darkroom processing line starting up
16:35:30.599 [main] DEBUG net.serenitybdd.core.photography.Darkroom - Send negative for processing for C:\Users\Katon\Documents\JavaProject\DemoSerenityFramework\target\site\serenity\a133df92da281fbc66d6aa3e272f270ef64d2d70b223a006efe7dd0471ca972a.png
16:35:30.599 [main] DEBUG net.thucydides.core.steps.StepInterceptor - STEP DONE: truy cập trang đăng ký
16:35:30.613 [main] DEBUG net.thucydides.core.steps.StepInterceptor - STARTING STEP: StepInterceptor.testContext - xóa dữ liệu ô nhập
16:35:31.098 [main] DEBUG net.serenitybdd.core.photography.Darkroom - Send negative for processing for C:\Users\Katon\Documents\JavaProject\DemoSerenityFramework\target\site\serenity\a133df92da281fbc66d6aa3e272f270ef64d2d70b223a006efe7dd0471ca972a.png
16:35:31.098 [main] DEBUG net.thucydides.core.steps.StepInterceptor - STEP DONE: xóa dữ liệu ô nhập
16:35:31.098 [main] DEBUG net.thucydides.core.steps.StepInterceptor - STARTING STEP: StepInterceptor.testContext - nhập họ tên
16:35:31.516 [main] DEBUG net.serenitybdd.core.photography.Darkroom - Send negative for processing for C:\Users\Katon\Documents\JavaProject\DemoSerenityFramework\target\site\serenity\5657ac1b07cf7d3c47389e855205948b9dc159e7e99230bc73a60082e7b62ae4.png
16:35:31.516 [main] DEBUG net.thucydides.core.steps.StepInterceptor - STEP DONE: nhập họ tên
16:35:31.516 [main] DEBUG net.thucydides.core.steps.StepInterceptor - STARTING STEP: StepInterceptor.testContext - nhập số điện thoại
16:35:32.356 [main] DEBUG net.serenitybdd.core.photography.Darkroom - Send negative for processing for C:\Users\Katon\Documents\JavaProject\DemoSerenityFramework\target\site\serenity\e46497f584ead7770d24876cf3814cb3f7ddc6dde56d0d586ad85d0d13958425.png
16:35:32.356 [main] DEBUG net.thucydides.core.steps.StepInterceptor - STEP DONE: nhập số điện thoại
16:35:32.356 [Darkroom Processing Line] DEBUG net.serenitybdd.core.photography.DarkroomProcessingLine - Processing screenshot image in /var/screenshots/screenshot-15574079207598095073
16:35:32.356 [Darkroom Processing Line] DEBUG net.serenitybdd.core.photography.DarkroomProcessingLine - Saving screenshot to C:\Users\Katon\Documents\JavaProject\DemoSerenityFramework\target\site\serenity\e46497f584ead7770d24876cf3814cb3f7ddc6dde56d0d586ad85d0d13958425.png
16:35:32.364 [main] DEBUG net.thucydides.core.steps.StepInterceptor - STARTING STEP: StepInterceptor.testContext - nhập địa chỉ email
16:35:33.201 [main] DEBUG net.serenitybdd.core.photography.Darkroom - Send negative for processing for C:\Users\Katon\Documents\JavaProject\DemoSerenityFramework\target\site\serenity\d063323290ee05cda74c031926337135d58650e8216d2dba8858b122aaaa58b1.png
16:35:33.201 [main] DEBUG net.thucydides.core.steps.StepInterceptor - STEP DONE: nhập địa chỉ email
16:35:33.201 [Darkroom Processing Line] DEBUG net.serenitybdd.core.photography.DarkroomProcessingLine - Processing screenshot image in /var/screenshots/screenshot-11006903427941155627
16:35:33.201 [Darkroom Processing Line] DEBUG net.serenitybdd.core.photography.DarkroomProcessingLine - Saving screenshot to C:\Users\Katon\Documents\JavaProject\DemoSerenityFramework\target\site\serenity\d063323290ee05cda74c031926337135d58650e8216d2dba8858b122aaaa58b1.png
16:35:33.218 [main] DEBUG net.thucydides.core.steps.StepInterceptor - STARTING STEP: StepInterceptor.testContext - nhập tài khoản đăng nhập
16:35:34.050 [main] DEBUG net.serenitybdd.core.photography.Darkroom - Send negative for processing for C:\Users\Katon\Documents\JavaProject\DemoSerenityFramework\target\site\serenity\62c32f4be43658aad1c4812efddf9e78c5e59def83450c7b527a99bf1e2f40a2.png
16:35:34.050 [main] DEBUG net.thucydides.core.steps.StepInterceptor - STEP DONE: nhập tài khoản đăng nhập
16:35:34.050 [Darkroom Processing Line] DEBUG net.serenitybdd.core.photography.DarkroomProcessingLine - Processing screenshot image in /var/screenshots/screenshot-15004109574343436501
16:35:34.050 [Darkroom Processing Line] DEBUG net.serenitybdd.core.photography.DarkroomProcessingLine - Saving screenshot to C:\Users\Katon\Documents\JavaProject\DemoSerenityFramework\target\site\serenity\62c32f4be43658aad1c4812efddf9e78c5e59def83450c7b527a99bf1e2f40a2.png
16:35:34.066 [main] DEBUG net.thucydides.core.steps.StepInterceptor - STARTING STEP: StepInterceptor.testContext - nhập mật khẩu
16:35:34.404 [main] DEBUG net.serenitybdd.core.photography.Darkroom - Send negative for processing for C:\Users\Katon\Documents\JavaProject\DemoSerenityFramework\target\site\serenity\90d039aaea10a99cb13bf1eaa4172323e7c28cc79f73c1ecbcd37eaeffb31844.png
16:35:34.404 [main] DEBUG net.thucydides.core.steps.StepInterceptor - STEP DONE: nhập mật khẩu
16:35:34.404 [Darkroom Processing Line] DEBUG net.serenitybdd.core.photography.DarkroomProcessingLine - Processing screenshot image in /var/screenshots/screenshot-7177678582386105599
16:35:34.404 [Darkroom Processing Line] DEBUG net.serenitybdd.core.photography.DarkroomProcessingLine - Saving screenshot to C:\Users\Katon\Documents\JavaProject\DemoSerenityFramework\target\site\serenity\90d039aaea10a99cb13bf1eaa4172323e7c28cc79f73c1ecbcd37eaeffb31844.png
16:35:34.405 [main] DEBUG net.thucydides.core.steps.StepInterceptor - STARTING STEP: StepInterceptor.testContext - nhập lại mật khẩu
16:35:34.448 [main] DEBUG net.thucydides.core.steps.StepInterceptor - STEP DONE: nhập lại mật khẩu
16:35:34.448 [main] DEBUG net.thucydides.core.steps.StepInterceptor - STARTING STEP: StepInterceptor.testContext - bấm nút đăng ký
16:35:35.262 [main] DEBUG net.serenitybdd.core.photography.Darkroom - Send negative for processing for C:\Users\Katon\Documents\JavaProject\DemoSerenityFramework\target\site\serenity\049c4203fc1da02af4bf0681ed20ccbde87744144ac48c92077d1962323edec2.png
16:35:35.262 [Darkroom Processing Line] DEBUG net.serenitybdd.core.photography.DarkroomProcessingLine - Processing screenshot image in /var/screenshots/screenshot-11333124132032873613
16:35:35.262 [Darkroom Processing Line] DEBUG net.serenitybdd.core.photography.DarkroomProcessingLine - Saving screenshot to C:\Users\Katon\Documents\JavaProject\DemoSerenityFramework\target\site\serenity\049c4203fc1da02af4bf0681ed20ccbde87744144ac48c92077d1962323edec2.png
16:35:35.279 [main] DEBUG net.thucydides.core.steps.StepInterceptor - STEP DONE: bấm nút đăng ký
16:35:35.279 [main] DEBUG net.thucydides.core.steps.StepInterceptor - STARTING STEP: StepInterceptor.testContext - kiểm tra hiển thị thông báo số điện thoại không hợp lệ
16:35:35.636 [main] DEBUG net.serenitybdd.core.photography.Darkroom - Send negative for processing for C:\Users\Katon\Documents\JavaProject\DemoSerenityFramework\target\site\serenity\030ecab854f5dbca99bf323fb1250294b129d77f639cbf633c0c429fece1211d.png
16:35:35.636 [main] DEBUG net.thucydides.core.steps.StepInterceptor - STEP DONE: kiểm tra hiển thị thông báo số điện thoại không hợp lệ
16:35:35.636 [Darkroom Processing Line] DEBUG net.serenitybdd.core.photography.DarkroomProcessingLine - Processing screenshot image in /var/screenshots/screenshot-17556952640372773747
16:35:35.636 [Darkroom Processing Line] DEBUG net.serenitybdd.core.photography.DarkroomProcessingLine - Saving screenshot to C:\Users\Katon\Documents\JavaProject\DemoSerenityFramework\target\site\serenity\030ecab854f5dbca99bf323fb1250294b129d77f639cbf633c0c429fece1211d.png
]]></system-out>
    <system-err><![CDATA[Mar 25, 2025 4:35:29 PM org.openqa.selenium.devtools.CdpVersionFinder findNearestMatch
WARNING: Unable to find CDP implementation matching 134
Mar 25, 2025 4:35:29 PM org.openqa.selenium.chromium.ChromiumDriver lambda$new$5
WARNING: Unable to find version of CDP to use for 134.0.6998.166. You may need to include a dependency on a specific version of the CDP using something similar to `org.seleniumhq.selenium:selenium-devtools-v86:4.14.1` where the version ("v86") matches the version of the chromium-based browser you're using and the version number of the artifact is the same as Selenium's.
]]></system-err>
  </testcase>
  <testcase name="checkInputUserAccountExists" classname="Test.Web.RegisterTest" time="6.012">
    <system-out><![CDATA[16:35:35.648 [main] INFO  - 
  _____   ___   ___   _____     ___     _     ___   ___   ___   ___  
 |_   _| | __| / __| |_   _|   | _ \   /_\   / __| / __| | __| |   \ 
   | |   | _|  \__ \   | |     |  _/  / _ \  \__ \ \__ \ | _|  | |) |
   |_|   |___| |___/   |_|     |_|   /_/ \_\ |___/ |___/ |___| |___/ 

kiểm tra nhập số điện thoại > 10 ký tự
----------------------------------------------------------------------
16:35:35.824 [main] DEBUG net.thucydides.core.steps.StepEventBus - Test suite started for RegisterTest in class Test.Web.RegisterTest
16:35:35.824 [main] INFO  - Test Suite Started: RegisterTest
16:35:35.824 [main] DEBUG net.serenitybdd.junit5.SerenityTestExecutionListener - Thread[#1,main,5,main] Test started TestIdentifier [uniqueId = [engine:junit-jupiter]/[class:Test.Web.RegisterTest]/[method:checkInputUserAccountExists()], parentId = [engine:junit-jupiter]/[class:Test.Web.RegisterTest], displayName = 'kiểm tra nhập tên đăng nhập đã tồn tại', legacyReportingName = 'checkInputUserAccountExists()', source = MethodSource [className = 'Test.Web.RegisterTest', methodName = 'checkInputUserAccountExists', methodParameterTypes = ''], tags = [], type = TEST]
16:35:35.824 [main] INFO  - 
  _____   ___   ___   _____     ___   _____     _     ___   _____   ___   ___  
 |_   _| | __| / __| |_   _|   / __| |_   _|   /_\   | _ \ |_   _| | __| |   \ 
   | |   | _|  \__ \   | |     \__ \   | |    / _ \  |   /   | |   | _|  | |) |
   |_|   |___| |___/   |_|     |___/   |_|   /_/ \_\ |_|_\   |_|   |___| |___/ 

kiểm tra nhập tên đăng nhập đã tồn tại([engine:junit-jupiter]/[class:Test.Web.RegisterTest]/[method:checkInputUserAccountExists()])
--------------------------------------------------------------------------------
16:35:35.824 [main] DEBUG net.thucydides.core.steps.StepInterceptor - STARTING STEP: StepInterceptor.testContext - truy cập trang đăng ký
16:35:35.855 [main] INFO net.serenitybdd.core.webdriver.driverproviders.ChromeDriverProvider - Starting Chrome driver instance with capabilities:
16:35:35.855 [main] INFO net.serenitybdd.core.webdriver.driverproviders.ChromeDriverProvider - Capabilities {acceptInsecureCerts: false, browserName: chrome, goog:chromeOptions: {args: [remote-allow-origins=*, --headless=chrome, --headless], extensions: []}}
16:35:37.088 [main] DEBUG net.serenitybdd.core.photography.Darkroom - Opening darkroom
16:35:37.089 [Darkroom Processing Line] DEBUG net.serenitybdd.core.photography.DarkroomProcessingLine - Darkroom processing line starting up
16:35:37.467 [main] DEBUG net.serenitybdd.core.photography.Darkroom - Send negative for processing for C:\Users\Katon\Documents\JavaProject\DemoSerenityFramework\target\site\serenity\a133df92da281fbc66d6aa3e272f270ef64d2d70b223a006efe7dd0471ca972a.png
16:35:37.467 [main] DEBUG net.thucydides.core.steps.StepInterceptor - STEP DONE: truy cập trang đăng ký
16:35:37.467 [main] DEBUG net.thucydides.core.steps.StepInterceptor - STARTING STEP: StepInterceptor.testContext - xóa dữ liệu ô nhập
16:35:38.029 [main] DEBUG net.serenitybdd.core.photography.Darkroom - Send negative for processing for C:\Users\Katon\Documents\JavaProject\DemoSerenityFramework\target\site\serenity\a133df92da281fbc66d6aa3e272f270ef64d2d70b223a006efe7dd0471ca972a.png
16:35:38.029 [main] DEBUG net.thucydides.core.steps.StepInterceptor - STEP DONE: xóa dữ liệu ô nhập
16:35:38.446 [main] DEBUG net.serenitybdd.core.photography.Darkroom - Send negative for processing for C:\Users\Katon\Documents\JavaProject\DemoSerenityFramework\target\site\serenity\a133df92da281fbc66d6aa3e272f270ef64d2d70b223a006efe7dd0471ca972a.png
16:35:38.447 [main] DEBUG net.thucydides.core.steps.StepInterceptor - STARTING STEP: StepInterceptor.testContext - nhập họ tên
16:35:38.801 [main] DEBUG net.serenitybdd.core.photography.Darkroom - Send negative for processing for C:\Users\Katon\Documents\JavaProject\DemoSerenityFramework\target\site\serenity\5657ac1b07cf7d3c47389e855205948b9dc159e7e99230bc73a60082e7b62ae4.png
16:35:38.801 [main] DEBUG net.thucydides.core.steps.StepInterceptor - STEP DONE: nhập họ tên
16:35:38.809 [main] DEBUG net.thucydides.core.steps.StepInterceptor - STARTING STEP: StepInterceptor.testContext - nhập số điện thoại
16:35:39.183 [main] DEBUG net.serenitybdd.core.photography.Darkroom - Send negative for processing for C:\Users\Katon\Documents\JavaProject\DemoSerenityFramework\target\site\serenity\713988226fd6308db432e01fa9eebfba9e17d04afcf7e72eac645b20028d6aef.png
16:35:39.183 [main] DEBUG net.thucydides.core.steps.StepInterceptor - STEP DONE: nhập số điện thoại
16:35:39.183 [main] DEBUG net.thucydides.core.steps.StepInterceptor - STARTING STEP: StepInterceptor.testContext - nhập địa chỉ email
16:35:39.597 [main] DEBUG net.serenitybdd.core.photography.Darkroom - Send negative for processing for C:\Users\Katon\Documents\JavaProject\DemoSerenityFramework\target\site\serenity\1184134d191e528d4827a3740f153a697cdbf2a43f6242d46d6a307625acf881.png
16:35:39.598 [main] DEBUG net.thucydides.core.steps.StepInterceptor - STEP DONE: nhập địa chỉ email
16:35:39.603 [main] DEBUG net.thucydides.core.steps.StepInterceptor - STARTING STEP: StepInterceptor.testContext - nhập tài khoản đăng nhập
16:35:39.995 [main] DEBUG net.serenitybdd.core.photography.Darkroom - Send negative for processing for C:\Users\Katon\Documents\JavaProject\DemoSerenityFramework\target\site\serenity\41611f61fb153b8db284a17b86adb04b5da6de17ec8a40e45970807962f13241.png
16:35:39.995 [main] DEBUG net.thucydides.core.steps.StepInterceptor - STEP DONE: nhập tài khoản đăng nhập
16:35:39.995 [Darkroom Processing Line] DEBUG net.serenitybdd.core.photography.DarkroomProcessingLine - Processing screenshot image in /var/screenshots/screenshot-16497172096761836746
16:35:39.996 [Darkroom Processing Line] DEBUG net.serenitybdd.core.photography.DarkroomProcessingLine - Saving screenshot to C:\Users\Katon\Documents\JavaProject\DemoSerenityFramework\target\site\serenity\41611f61fb153b8db284a17b86adb04b5da6de17ec8a40e45970807962f13241.png
16:35:40.001 [main] DEBUG net.thucydides.core.steps.StepInterceptor - STARTING STEP: StepInterceptor.testContext - nhập mật khẩu
16:35:40.334 [main] DEBUG net.serenitybdd.core.photography.Darkroom - Send negative for processing for C:\Users\Katon\Documents\JavaProject\DemoSerenityFramework\target\site\serenity\667a86f1c8747e6ee735b65612635eb5f106122b463f26530f5f0b3e6fdc3a85.png
16:35:40.334 [main] DEBUG net.thucydides.core.steps.StepInterceptor - STEP DONE: nhập mật khẩu
16:35:40.334 [Darkroom Processing Line] DEBUG net.serenitybdd.core.photography.DarkroomProcessingLine - Processing screenshot image in /var/screenshots/screenshot-516261444249068123
16:35:40.334 [Darkroom Processing Line] DEBUG net.serenitybdd.core.photography.DarkroomProcessingLine - Saving screenshot to C:\Users\Katon\Documents\JavaProject\DemoSerenityFramework\target\site\serenity\667a86f1c8747e6ee735b65612635eb5f106122b463f26530f5f0b3e6fdc3a85.png
16:35:40.349 [main] DEBUG net.thucydides.core.steps.StepInterceptor - STARTING STEP: StepInterceptor.testContext - nhập lại mật khẩu
16:35:40.685 [main] DEBUG net.serenitybdd.core.photography.Darkroom - Send negative for processing for C:\Users\Katon\Documents\JavaProject\DemoSerenityFramework\target\site\serenity\497316e396f5cdba6c8d807fbe495adc7458b3617564a52562421249b4b9087f.png
16:35:40.685 [main] DEBUG net.thucydides.core.steps.StepInterceptor - STEP DONE: nhập lại mật khẩu
16:35:40.685 [Darkroom Processing Line] DEBUG net.serenitybdd.core.photography.DarkroomProcessingLine - Processing screenshot image in /var/screenshots/screenshot-9749263098925724239
16:35:40.685 [Darkroom Processing Line] DEBUG net.serenitybdd.core.photography.DarkroomProcessingLine - Saving screenshot to C:\Users\Katon\Documents\JavaProject\DemoSerenityFramework\target\site\serenity\497316e396f5cdba6c8d807fbe495adc7458b3617564a52562421249b4b9087f.png
16:35:40.701 [main] DEBUG net.thucydides.core.steps.StepInterceptor - STARTING STEP: StepInterceptor.testContext - bấm nút đăng ký
16:35:41.480 [main] DEBUG net.serenitybdd.core.photography.Darkroom - Send negative for processing for C:\Users\Katon\Documents\JavaProject\DemoSerenityFramework\target\site\serenity\c9c729b0ffd0b0f7d3b9d357fdedbe5e6a48a0834a34981df028c16985762d00.png
16:35:41.480 [Darkroom Processing Line] DEBUG net.serenitybdd.core.photography.DarkroomProcessingLine - Processing screenshot image in /var/screenshots/screenshot-8099427184076696481
16:35:41.480 [Darkroom Processing Line] DEBUG net.serenitybdd.core.photography.DarkroomProcessingLine - Saving screenshot to C:\Users\Katon\Documents\JavaProject\DemoSerenityFramework\target\site\serenity\c9c729b0ffd0b0f7d3b9d357fdedbe5e6a48a0834a34981df028c16985762d00.png
16:35:41.481 [main] DEBUG net.thucydides.core.steps.StepInterceptor - STEP DONE: bấm nút đăng ký
16:35:41.481 [main] DEBUG net.thucydides.core.steps.StepInterceptor - STARTING STEP: StepInterceptor.testContext - kiểm tra hiển thị thông báo tài khoản đã tồn tại
16:35:41.836 [main] DEBUG net.serenitybdd.core.photography.Darkroom - Send negative for processing for C:\Users\Katon\Documents\JavaProject\DemoSerenityFramework\target\site\serenity\0534e4731ab4d6e45ae39cb670129fcd5dd748db8d5b9c9b3119ef64e111df6c.png
16:35:41.836 [main] DEBUG net.thucydides.core.steps.StepInterceptor - STEP DONE: kiểm tra hiển thị thông báo tài khoản đã tồn tại
16:35:41.836 [Darkroom Processing Line] DEBUG net.serenitybdd.core.photography.DarkroomProcessingLine - Processing screenshot image in /var/screenshots/screenshot-1481206384233985248
16:35:41.836 [Darkroom Processing Line] DEBUG net.serenitybdd.core.photography.DarkroomProcessingLine - Saving screenshot to C:\Users\Katon\Documents\JavaProject\DemoSerenityFramework\target\site\serenity\0534e4731ab4d6e45ae39cb670129fcd5dd748db8d5b9c9b3119ef64e111df6c.png
]]></system-out>
    <system-err><![CDATA[Mar 25, 2025 4:35:36 PM org.openqa.selenium.devtools.CdpVersionFinder findNearestMatch
WARNING: Unable to find CDP implementation matching 134
Mar 25, 2025 4:35:36 PM org.openqa.selenium.chromium.ChromiumDriver lambda$new$5
WARNING: Unable to find version of CDP to use for 134.0.6998.166. You may need to include a dependency on a specific version of the CDP using something similar to `org.seleniumhq.selenium:selenium-devtools-v86:4.14.1` where the version ("v86") matches the version of the chromium-based browser you're using and the version number of the artifact is the same as Selenium's.
]]></system-err>
  </testcase>
  <testcase name="checkInputUserNameOnlySpace" classname="Test.Web.RegisterTest" time="6.029">
    <system-out><![CDATA[16:35:41.836 [main] INFO  - 
  _____   ___   ___   _____     ___     _     ___   ___   ___   ___  
 |_   _| | __| / __| |_   _|   | _ \   /_\   / __| / __| | __| |   \ 
   | |   | _|  \__ \   | |     |  _/  / _ \  \__ \ \__ \ | _|  | |) |
   |_|   |___| |___/   |_|     |_|   /_/ \_\ |___/ |___/ |___| |___/ 

kiểm tra nhập tên đăng nhập đã tồn tại
----------------------------------------------------------------------
16:35:42.002 [main] DEBUG net.thucydides.core.steps.StepEventBus - Test suite started for RegisterTest in class Test.Web.RegisterTest
16:35:42.002 [main] INFO  - Test Suite Started: RegisterTest
16:35:42.002 [main] DEBUG net.serenitybdd.junit5.SerenityTestExecutionListener - Thread[#1,main,5,main] Test started TestIdentifier [uniqueId = [engine:junit-jupiter]/[class:Test.Web.RegisterTest]/[method:checkInputUserNameOnlySpace()], parentId = [engine:junit-jupiter]/[class:Test.Web.RegisterTest], displayName = 'kiểm tra nhập họ tên chỉ chứa khoảng trắng', legacyReportingName = 'checkInputUserNameOnlySpace()', source = MethodSource [className = 'Test.Web.RegisterTest', methodName = 'checkInputUserNameOnlySpace', methodParameterTypes = ''], tags = [], type = TEST]
16:35:42.002 [main] INFO  - 
  _____   ___   ___   _____     ___   _____     _     ___   _____   ___   ___  
 |_   _| | __| / __| |_   _|   / __| |_   _|   /_\   | _ \ |_   _| | __| |   \ 
   | |   | _|  \__ \   | |     \__ \   | |    / _ \  |   /   | |   | _|  | |) |
   |_|   |___| |___/   |_|     |___/   |_|   /_/ \_\ |_|_\   |_|   |___| |___/ 

kiểm tra nhập họ tên chỉ chứa khoảng trắng([engine:junit-jupiter]/[class:Test.Web.RegisterTest]/[method:checkInputUserNameOnlySpace()])
--------------------------------------------------------------------------------
16:35:42.018 [main] DEBUG net.thucydides.core.steps.StepInterceptor - STARTING STEP: StepInterceptor.testContext - truy cập trang đăng ký
16:35:42.049 [main] INFO net.serenitybdd.core.webdriver.driverproviders.ChromeDriverProvider - Starting Chrome driver instance with capabilities:
16:35:42.049 [main] INFO net.serenitybdd.core.webdriver.driverproviders.ChromeDriverProvider - Capabilities {acceptInsecureCerts: false, browserName: chrome, goog:chromeOptions: {args: [remote-allow-origins=*, --headless=chrome, --headless], extensions: []}}
16:35:43.226 [main] DEBUG net.serenitybdd.core.photography.Darkroom - Opening darkroom
16:35:43.226 [Darkroom Processing Line] DEBUG net.serenitybdd.core.photography.DarkroomProcessingLine - Darkroom processing line starting up
16:35:43.600 [main] DEBUG net.serenitybdd.core.photography.Darkroom - Send negative for processing for C:\Users\Katon\Documents\JavaProject\DemoSerenityFramework\target\site\serenity\a133df92da281fbc66d6aa3e272f270ef64d2d70b223a006efe7dd0471ca972a.png
16:35:43.600 [main] DEBUG net.thucydides.core.steps.StepInterceptor - STEP DONE: truy cập trang đăng ký
[...]
--------------------------------------------------------------------------------
16:38:11.141 [main] DEBUG net.thucydides.core.steps.StepInterceptor - STARTING STEP: StepInterceptor.testContext - truy cập trang đăng ký
16:38:11.187 [main] INFO net.serenitybdd.core.webdriver.driverproviders.ChromeDriverProvider - Starting Chrome driver instance with capabilities:
16:38:11.187 [main] INFO net.serenitybdd.core.webdriver.driverproviders.ChromeDriverProvider - Capabilities {acceptInsecureCerts: false, browserName: chrome, goog:chromeOptions: {args: [remote-allow-origins=*, --headless=chrome, --headless], extensions: []}}
16:38:12.365 [main] DEBUG net.serenitybdd.core.photography.Darkroom - Opening darkroom
16:38:12.365 [Darkroom Processing Line] DEBUG net.serenitybdd.core.photography.DarkroomProcessingLine - Darkroom processing line starting up
16:38:12.720 [main] DEBUG net.serenitybdd.core.photography.Darkroom - Send negative for processing for C:\Users\Katon\Documents\JavaProject\DemoSerenityFramework\target\site\serenity\a133df92da281fbc66d6aa3e272f270ef64d2d70b223a006efe7dd0471ca972a.png
16:38:12.720 [main] DEBUG net.thucydides.core.steps.StepInterceptor - STEP DONE: truy cập trang đăng ký
16:38:12.731 [main] DEBUG net.thucydides.core.steps.StepInterceptor - STARTING STEP: StepInterceptor.testContext - xóa dữ liệu ô nhập
16:38:13.737 [main] DEBUG net.serenitybdd.core.photography.Darkroom - Send negative for processing for C:\Users\Katon\Documents\JavaProject\DemoSerenityFramework\target\site\serenity\a133df92da281fbc66d6aa3e272f270ef64d2d70b223a006efe7dd0471ca972a.png
16:38:13.737 [main] DEBUG net.thucydides.core.steps.StepInterceptor - STEP DONE: xóa dữ liệu ô nhập
16:38:13.737 [main] DEBUG net.thucydides.core.steps.StepInterceptor - STARTING STEP: StepInterceptor.testContext - nhập họ tên
16:38:14.084 [main] DEBUG net.serenitybdd.core.photography.Darkroom - Send negative for processing for C:\Users\Katon\Documents\JavaProject\DemoSerenityFramework\target\site\serenity\5657ac1b07cf7d3c47389e855205948b9dc159e7e99230bc73a60082e7b62ae4.png
16:38:14.084 [main] DEBUG net.thucydides.core.steps.StepInterceptor - STEP DONE: nhập họ tên
16:38:14.084 [main] DEBUG net.thucydides.core.steps.StepInterceptor - STARTING STEP: StepInterceptor.testContext - nhập số điện thoại
16:38:14.418 [main] DEBUG net.serenitybdd.core.photography.Darkroom - Send negative for processing for C:\Users\Katon\Documents\JavaProject\DemoSerenityFramework\target\site\serenity\0b2ec13b656208f0afaf27297dbf693d81e9e503dcee24b0977da5aa6df6730f.png
16:38:14.418 [main] DEBUG net.thucydides.core.steps.StepInterceptor - STEP DONE: nhập số điện thoại
16:38:14.418 [Darkroom Processing Line] DEBUG net.serenitybdd.core.photography.DarkroomProcessingLine - Processing screenshot image in /var/screenshots/screenshot-6872095739241733503
16:38:14.418 [Darkroom Processing Line] DEBUG net.serenitybdd.core.photography.DarkroomProcessingLine - Saving screenshot to C:\Users\Katon\Documents\JavaProject\DemoSerenityFramework\target\site\serenity\0b2ec13b656208f0afaf27297dbf693d81e9e503dcee24b0977da5aa6df6730f.png
16:38:14.418 [main] DEBUG net.thucydides.core.steps.StepInterceptor - STARTING STEP: StepInterceptor.testContext - nhập địa chỉ email
16:38:15.268 [main] DEBUG net.serenitybdd.core.photography.Darkroom - Send negative for processing for C:\Users\Katon\Documents\JavaProject\DemoSerenityFramework\target\site\serenity\4b262e88275725420e7980c8cd2ae7f24a3a21fe041468bb66979364e6aab683.png
16:38:15.268 [main] DEBUG net.thucydides.core.steps.StepInterceptor - STEP DONE: nhập địa chỉ email
16:38:15.279 [Darkroom Processing Line] DEBUG net.serenitybdd.core.photography.DarkroomProcessingLine - Processing screenshot image in /var/screenshots/screenshot-940839858818901408
16:38:15.279 [Darkroom Processing Line] DEBUG net.serenitybdd.core.photography.DarkroomProcessingLine - Saving screenshot to C:\Users\Katon\Documents\JavaProject\DemoSerenityFramework\target\site\serenity\4b262e88275725420e7980c8cd2ae7f24a3a21fe041468bb66979364e6aab683.png
16:38:15.284 [main] DEBUG net.thucydides.core.steps.StepInterceptor - STARTING STEP: StepInterceptor.testContext - nhập tài khoản đăng nhập
16:38:16.101 [main] DEBUG net.serenitybdd.core.photography.Darkroom - Send negative for processing for C:\Users\Katon\Documents\JavaProject\DemoSerenityFramework\target\site\serenity\5c1c9e4612b847adcc1ff85b533c072f17637862fe64c6cd0699aeaba5755130.png
16:38:16.101 [main] DEBUG net.thucydides.core.steps.StepInterceptor - STEP DONE: nhập tài khoản đăng nhập
16:38:16.101 [Darkroom Processing Line] DEBUG net.serenitybdd.core.photography.DarkroomProcessingLine - Processing screenshot image in /var/screenshots/screenshot-7181326792323935449
16:38:16.101 [Darkroom Processing Line] DEBUG net.serenitybdd.core.photography.DarkroomProcessingLine - Saving screenshot to C:\Users\Katon\Documents\JavaProject\DemoSerenityFramework\target\site\serenity\5c1c9e4612b847adcc1ff85b533c072f17637862fe64c6cd0699aeaba5755130.png
16:38:16.112 [main] DEBUG net.thucydides.core.steps.StepInterceptor - STARTING STEP: StepInterceptor.testContext - nhập mật khẩu
16:38:16.949 [main] DEBUG net.serenitybdd.core.photography.Darkroom - Send negative for processing for C:\Users\Katon\Documents\JavaProject\DemoSerenityFramework\target\site\serenity\890287facad166111a5c5f7274af9b0ed090135faa3ed6923a97bf3862671535.png
16:38:16.959 [main] DEBUG net.thucydides.core.steps.StepInterceptor - STEP DONE: nhập mật khẩu
16:38:16.959 [Darkroom Processing Line] DEBUG net.serenitybdd.core.photography.DarkroomProcessingLine - Processing screenshot image in /var/screenshots/screenshot-16834757147030560251
16:38:16.959 [Darkroom Processing Line] DEBUG net.serenitybdd.core.photography.DarkroomProcessingLine - Saving screenshot to C:\Users\Katon\Documents\JavaProject\DemoSerenityFramework\target\site\serenity\890287facad166111a5c5f7274af9b0ed090135faa3ed6923a97bf3862671535.png
16:38:16.963 [main] DEBUG net.thucydides.core.steps.StepInterceptor - STARTING STEP: StepInterceptor.testContext - nhập lại mật khẩu
16:38:17.301 [main] DEBUG net.serenitybdd.core.photography.Darkroom - Send negative for processing for C:\Users\Katon\Documents\JavaProject\DemoSerenityFramework\target\site\serenity\24c1aaaa9f9efd3fd6eede61436fb239d359d14d5ad88365d43d1915f0be0f9d.png
16:38:17.301 [main] DEBUG net.thucydides.core.steps.StepInterceptor - STEP DONE: nhập lại mật khẩu
16:38:17.301 [Darkroom Processing Line] DEBUG net.serenitybdd.core.photography.DarkroomProcessingLine - Processing screenshot image in /var/screenshots/screenshot-8468145526903493761
16:38:17.301 [Darkroom Processing Line] DEBUG net.serenitybdd.core.photography.DarkroomProcessingLine - Saving screenshot to C:\Users\Katon\Documents\JavaProject\DemoSerenityFramework\target\site\serenity\24c1aaaa9f9efd3fd6eede61436fb239d359d14d5ad88365d43d1915f0be0f9d.png
16:38:17.301 [main] DEBUG net.thucydides.core.steps.StepInterceptor - STARTING STEP: StepInterceptor.testContext - bấm nút đăng ký
16:38:18.063 [main] DEBUG net.serenitybdd.core.photography.Darkroom - Send negative for processing for C:\Users\Katon\Documents\JavaProject\DemoSerenityFramework\target\site\serenity\091ea67b757fa98dd453d09c51416dacf1af71b61b62bc01ce6eb1e37f79853e.png
16:38:18.063 [Darkroom Processing Line] DEBUG net.serenitybdd.core.photography.DarkroomProcessingLine - Processing screenshot image in /var/screenshots/screenshot-8388084164059287934
16:38:18.063 [Darkroom Processing Line] DEBUG net.serenitybdd.core.photography.DarkroomProcessingLine - Saving screenshot to C:\Users\Katon\Documents\JavaProject\DemoSerenityFramework\target\site\serenity\091ea67b757fa98dd453d09c51416dacf1af71b61b62bc01ce6eb1e37f79853e.png
16:38:18.063 [main] DEBUG net.thucydides.core.steps.StepInterceptor - STEP DONE: bấm nút đăng ký
16:38:18.063 [main] DEBUG net.thucydides.core.steps.StepInterceptor - STARTING STEP: StepInterceptor.testContext - kiểm tra hiển thị thông báo số điện thoại không hợp lệ
16:38:18.420 [main] DEBUG net.serenitybdd.core.photography.Darkroom - Send negative for processing for C:\Users\Katon\Documents\JavaProject\DemoSerenityFramework\target\site\serenity\409fa8f027d6b8f429befac0cb119f031770b38506b5c941535892f05658fd8d.png
16:38:18.420 [main] DEBUG net.thucydides.core.steps.StepInterceptor - STEP DONE: kiểm tra hiển thị thông báo số điện thoại không hợp lệ
16:38:18.420 [Darkroom Processing Line] DEBUG net.serenitybdd.core.photography.DarkroomProcessingLine - Processing screenshot image in /var/screenshots/screenshot-12339456701657304089
16:38:18.420 [Darkroom Processing Line] DEBUG net.serenitybdd.core.photography.DarkroomProcessingLine - Saving screenshot to C:\Users\Katon\Documents\JavaProject\DemoSerenityFramework\target\site\serenity\409fa8f027d6b8f429befac0cb119f031770b38506b5c941535892f05658fd8d.png
]]></system-out>
    <system-err><![CDATA[Mar 25, 2025 4:38:12 PM org.openqa.selenium.devtools.CdpVersionFinder findNearestMatch
WARNING: Unable to find CDP implementation matching 134
Mar 25, 2025 4:38:12 PM org.openqa.selenium.chromium.ChromiumDriver lambda$new$5
WARNING: Unable to find version of CDP to use for 134.0.6998.166. You may need to include a dependency on a specific version of the CDP using something similar to `org.seleniumhq.selenium:selenium-devtools-v86:4.14.1` where the version ("v86") matches the version of the chromium-based browser you're using and the version number of the artifact is the same as Selenium's.
]]></system-err>
  </testcase>
  <testcase name="checkInputUserAccountStartWithNumber" classname="Test.Web.RegisterTest" time="7.792">
    <system-out><![CDATA[16:38:18.420 [main] INFO  - 
  _____   ___   ___   _____     ___     _     ___   ___   ___   ___  
 |_   _| | __| / __| |_   _|   | _ \   /_\   / __| / __| | __| |   \ 
   | |   | _|  \__ \   | |     |  _/  / _ \  \__ \ \__ \ | _|  | |) |
   |_|   |___| |___/   |_|     |_|   /_/ \_\ |___/ |___/ |___| |___/ 

kiểm tra nhập số điện thoại chứa ký tự đặc biệt
----------------------------------------------------------------------
16:38:18.624 [main] DEBUG net.thucydides.core.steps.StepEventBus - Test suite started for RegisterTest in class Test.Web.RegisterTest
16:38:18.624 [main] INFO  - Test Suite Started: RegisterTest
16:38:18.624 [main] DEBUG net.serenitybdd.junit5.SerenityTestExecutionListener - Thread[#1,main,5,main] Test started TestIdentifier [uniqueId = [engine:junit-jupiter]/[class:Test.Web.RegisterTest]/[method:checkInputUserAccountStartWithNumber()], parentId = [engine:junit-jupiter]/[class:Test.Web.RegisterTest], displayName = 'kiểm tra nhập tên đăng nhập bắt đầu bằng chữ số', legacyReportingName = 'checkInputUserAccountStartWithNumber()', source = MethodSource [className = 'Test.Web.RegisterTest', methodName = 'checkInputUserAccountStartWithNumber', methodParameterTypes = ''], tags = [], type = TEST]
16:38:18.624 [main] INFO  - 
  _____   ___   ___   _____     ___   _____     _     ___   _____   ___   ___  
 |_   _| | __| / __| |_   _|   / __| |_   _|   /_\   | _ \ |_   _| | __| |   \ 
   | |   | _|  \__ \   | |     \__ \   | |    / _ \  |   /   | |   | _|  | |) |
   |_|   |___| |___/   |_|     |___/   |_|   /_/ \_\ |_|_\   |_|   |___| |___/ 

kiểm tra nhập tên đăng nhập bắt đầu bằng chữ số([engine:junit-jupiter]/[class:Test.Web.RegisterTest]/[method:checkInputUserAccountStartWithNumber()])
--------------------------------------------------------------------------------
16:38:18.624 [main] DEBUG net.thucydides.core.steps.StepInterceptor - STARTING STEP: StepInterceptor.testContext - truy cập trang đăng ký
16:38:18.670 [main] INFO net.serenitybdd.core.webdriver.driverproviders.ChromeDriverProvider - Starting Chrome driver instance with capabilities:
16:38:18.670 [main] INFO net.serenitybdd.core.webdriver.driverproviders.ChromeDriverProvider - Capabilities {acceptInsecureCerts: false, browserName: chrome, goog:chromeOptions: {args: [remote-allow-origins=*, --headless=chrome, --headless], extensions: []}}
16:38:19.854 [main] DEBUG net.serenitybdd.core.photography.Darkroom - Opening darkroom
16:38:19.854 [Darkroom Processing Line] DEBUG net.serenitybdd.core.photography.DarkroomProcessingLine - Darkroom processing line starting up
16:38:20.218 [main] DEBUG net.serenitybdd.core.photography.Darkroom - Send negative for processing for C:\Users\Katon\Documents\JavaProject\DemoSerenityFramework\target\site\serenity\a133df92da281fbc66d6aa3e272f270ef64d2d70b223a006efe7dd0471ca972a.png
16:38:20.218 [main] DEBUG net.thucydides.core.steps.StepInterceptor - STEP DONE: truy cập trang đăng ký
16:38:20.231 [main] DEBUG net.thucydides.core.steps.StepInterceptor - STARTING STEP: StepInterceptor.testContext - xóa dữ liệu ô nhập
16:38:21.233 [main] DEBUG net.serenitybdd.core.photography.Darkroom - Send negative for processing for C:\Users\Katon\Documents\JavaProject\DemoSerenityFramework\target\site\serenity\a133df92da281fbc66d6aa3e272f270ef64d2d70b223a006efe7dd0471ca972a.png
16:38:21.233 [main] DEBUG net.thucydides.core.steps.StepInterceptor - STEP DONE: xóa dữ liệu ô nhập
16:38:21.233 [main] DEBUG net.thucydides.core.steps.StepInterceptor - STARTING STEP: StepInterceptor.testContext - nhập họ tên
16:38:21.599 [main] DEBUG net.serenitybdd.core.photography.Darkroom - Send negative for processing for C:\Users\Katon\Documents\JavaProject\DemoSerenityFramework\target\site\serenity\5657ac1b07cf7d3c47389e855205948b9dc159e7e99230bc73a60082e7b62ae4.png
16:38:21.599 [main] DEBUG net.thucydides.core.steps.StepInterceptor - STEP DONE: nhập họ tên
16:38:21.599 [main] DEBUG net.thucydides.core.steps.StepInterceptor - STARTING STEP: StepInterceptor.testContext - nhập số điện thoại
16:38:22.434 [main] DEBUG net.serenitybdd.core.photography.Darkroom - Send negative for processing for C:\Users\Katon\Documents\JavaProject\DemoSerenityFramework\target\site\serenity\713988226fd6308db432e01fa9eebfba9e17d04afcf7e72eac645b20028d6aef.png
16:38:22.434 [main] DEBUG net.thucydides.core.steps.StepInterceptor - STEP DONE: nhập số điện thoại
16:38:22.449 [main] DEBUG net.thucydides.core.steps.StepInterceptor - STARTING STEP: StepInterceptor.testContext - nhập địa chỉ email
16:38:23.286 [main] DEBUG net.serenitybdd.core.photography.Darkroom - Send negative for processing for C:\Users\Katon\Documents\JavaProject\DemoSerenityFramework\target\site\serenity\42b1507c2acebdcc2ee8fa843b2c9001aaccebc87b494b190006a5a1303a4df7.png
16:38:23.286 [main] DEBUG net.thucydides.core.steps.StepInterceptor - STEP DONE: nhập địa chỉ email
16:38:23.299 [main] DEBUG net.thucydides.core.steps.StepInterceptor - STARTING STEP: StepInterceptor.testContext - nhập tài khoản đăng nhập
16:38:23.633 [main] DEBUG net.serenitybdd.core.photography.Darkroom - Send negative for processing for C:\Users\Katon\Documents\JavaProject\DemoSerenityFramework\target\site\serenity\06571f2d1fa2d9cb4c7053ea3bec1b3f9e5957f9e63798a42d25f9e854456050.png
16:38:23.633 [main] DEBUG net.thucydides.core.steps.StepInterceptor - STEP DONE: nhập tài khoản đăng nhập
16:38:23.633 [Darkroom Processing Line] DEBUG net.serenitybdd.core.photography.DarkroomProcessingLine - Processing screenshot image in /var/screenshots/screenshot-12542736599968348093
16:38:23.633 [Darkroom Processing Line] DEBUG net.serenitybdd.core.photography.DarkroomProcessingLine - Saving screenshot to C:\Users\Katon\Documents\JavaProject\DemoSerenityFramework\target\site\serenity\06571f2d1fa2d9cb4c7053ea3bec1b3f9e5957f9e63798a42d25f9e854456050.png
16:38:23.633 [main] DEBUG net.thucydides.core.steps.StepInterceptor - STARTING STEP: StepInterceptor.testContext - nhập mật khẩu
16:38:23.966 [main] DEBUG net.serenitybdd.core.photography.Darkroom - Send negative for processing for C:\Users\Katon\Documents\JavaProject\DemoSerenityFramework\target\site\serenity\5103abe47b823317fb7fadd0fddb8da0f9aa928a0be4bebc0eb9c318156023c8.png
16:38:23.966 [main] DEBUG net.thucydides.core.steps.StepInterceptor - STEP DONE: nhập mật khẩu
16:38:23.966 [Darkroom Processing Line] DEBUG net.serenitybdd.core.photography.DarkroomProcessingLine - Processing screenshot image in /var/screenshots/screenshot-7675592069636035368
16:38:23.966 [Darkroom Processing Line] DEBUG net.serenitybdd.core.photography.DarkroomProcessingLine - Saving screenshot to C:\Users\Katon\Documents\JavaProject\DemoSerenityFramework\target\site\serenity\5103abe47b823317fb7fadd0fddb8da0f9aa928a0be4bebc0eb9c318156023c8.png
16:38:23.979 [main] DEBUG net.thucydides.core.steps.StepInterceptor - STARTING STEP: StepInterceptor.testContext - nhập lại mật khẩu
16:38:24.801 [main] DEBUG net.serenitybdd.core.photography.Darkroom - Send negative for processing for C:\Users\Katon\Documents\JavaProject\DemoSerenityFramework\target\site\serenity\cc260144bba1f96735f2f8fed4fc065bc91035e808262c6c4658c91265665a85.png
16:38:24.812 [main] DEBUG net.thucydides.core.steps.StepInterceptor - STEP DONE: nhập lại mật khẩu
16:38:24.812 [Darkroom Processing Line] DEBUG net.serenitybdd.core.photography.DarkroomProcessingLine - Processing screenshot image in /var/screenshots/screenshot-9044856396051588143
16:38:24.812 [Darkroom Processing Line] DEBUG net.serenitybdd.core.photography.DarkroomProcessingLine - Saving screenshot to C:\Users\Katon\Documents\JavaProject\DemoSerenityFramework\target\site\serenity\cc260144bba1f96735f2f8fed4fc065bc91035e808262c6c4658c91265665a85.png
16:38:24.817 [main] DEBUG net.thucydides.core.steps.StepInterceptor - STARTING STEP: StepInterceptor.testContext - bấm nút đăng ký
16:38:25.562 [main] DEBUG net.serenitybdd.core.photography.Darkroom - Send negative for processing for C:\Users\Katon\Documents\JavaProject\DemoSerenityFramework\target\site\serenity\b784545d880e3ac5d6159422e6209ef3fe9ae691c9a55d129fc1c00d32f6ed32.png
16:38:25.562 [Darkroom Processing Line] DEBUG net.serenitybdd.core.photography.DarkroomProcessingLine - Processing screenshot image in /var/screenshots/screenshot-7526027588721862728
16:38:25.562 [Darkroom Processing Line] DEBUG net.serenitybdd.core.photography.DarkroomProcessingLine - Saving screenshot to C:\Users\Katon\Documents\JavaProject\DemoSerenityFramework\target\site\serenity\b784545d880e3ac5d6159422e6209ef3fe9ae691c9a55d129fc1c00d32f6ed32.png
16:38:25.562 [main] DEBUG net.thucydides.core.steps.StepInterceptor - STEP DONE: bấm nút đăng ký
16:38:25.578 [main] DEBUG net.thucydides.core.steps.StepInterceptor - STARTING STEP: StepInterceptor.testContext - kiểm tra hiển thị thông báo tài khoản không hợp lệ
16:38:26.416 [main] DEBUG net.serenitybdd.core.photography.Darkroom - Send negative for processing for C:\Users\Katon\Documents\JavaProject\DemoSerenityFramework\target\site\serenity\b03051a32588baf2dc9f3c4fa1f5f06821ebe5e10066be094c36ab13f092dd78.png
16:38:26.416 [main] DEBUG net.thucydides.core.steps.StepInterceptor - STEP DONE: kiểm tra hiển thị thông báo tài khoản không hợp lệ
16:38:26.416 [Darkroom Processing Line] DEBUG net.serenitybdd.core.photography.DarkroomProcessingLine - Processing screenshot image in /var/screenshots/screenshot-12149503473901259673
16:38:26.416 [Darkroom Processing Line] DEBUG net.serenitybdd.core.photography.DarkroomProcessingLine - Saving screenshot to C:\Users\Katon\Documents\JavaProject\DemoSerenityFramework\target\site\serenity\b03051a32588baf2dc9f3c4fa1f5f06821ebe5e10066be094c36ab13f092dd78.png
]]></system-out>
    <system-err><![CDATA[Mar 25, 2025 4:38:19 PM org.openqa.selenium.devtools.CdpVersionFinder findNearestMatch
WARNING: Unable to find CDP implementation matching 134
Mar 25, 2025 4:38:19 PM org.openqa.selenium.chromium.ChromiumDriver lambda$new$5
WARNING: Unable to find version of CDP to use for 134.0.6998.166. You may need to include a dependency on a specific version of the CDP using something similar to `org.seleniumhq.selenium:selenium-devtools-v86:4.14.1` where the version ("v86") matches the version of the chromium-based browser you're using and the version number of the artifact is the same as Selenium's.
]]></system-err>
  </testcase>
</testsuite>