<?xml version="1.0" encoding="UTF-8"?>
<testsuite xmlns:xsi="http://www.w3.org/2001/XMLSchema-instance" xsi:noNamespaceSchemaLocation="https://maven.apache.org/surefire/maven-failsafe-plugin/xsd/failsafe-test-report-3.0.xsd" version="3.0" name="Test.Web.ShowInfoTest" time="16.463" tests="3" errors="0" skipped="0" failures="0">
  <properties>
[...]
</properties>
  <testcase name="checkClickButtonLogout" classname="Test.Web.ShowInfoTest" time="6.242">
    <system-out><![CDATA[16:38:26.595 [main] DEBUG net.thucydides.core.steps.StepEventBus - Test suite started for ShowInfoTest in class Test.Web.ShowInfoTest
16:38:26.595 [main] INFO  - Test Suite Started: ShowInfoTest
16:38:26.627 [main] DEBUG net.thucydides.core.steps.StepEventBus - Test suite started for ShowInfoTest in class Test.Web.ShowInfoTest
16:38:26.627 [main] INFO  - Test Suite Started: ShowInfoTest
16:38:26.627 [main] DEBUG net.serenitybdd.junit5.SerenityTestExecutionListener - Thread[#1,main,5,main] Test started TestIdentifier [uniqueId = [engine:junit-jupiter]/[class:Test.Web.ShowInfoTest]/[method:checkClickButtonLogout()], parentId = [engine:junit-jupiter]/[class:Test.Web.ShowInfoTest], displayName = 'kiểm tra bấm nút đăng xuất', legacyReportingName = 'checkClickButtonLogout()', source = MethodSource [className = 'Test.Web.ShowInfoTest', methodName = 'checkClickButtonLogout', methodParameterTypes = ''], tags = [], type = TEST]
16:38:26.642 [main] INFO  - 
  _____   ___   ___   _____     ___   _____     _     ___   _____   ___   ___  
 |_   _| | __| / __| |_   _|   / __| |_   _|   /_\   | _ \ |_   _| | __| |   \ 
   | |   | _|  \__ \   | |     \__ \   | |    / _ \  |   /   | |   | _|  | |) |
   |_|   |___| |___/   |_|     |___/   |_|   /_/ \_\ |_|_\   |_|   |___| |___/ 

kiểm tra bấm nút đăng xuất([engine:junit-jupiter]/[class:Test.Web.ShowInfoTest]/[method:checkClickButtonLogout()])
--------------------------------------------------------------------------------
16:38:26.642 [main] DEBUG net.thucydides.core.steps.StepInterceptor - STARTING STEP: StepInterceptor.testContext - truy cập trang đăng nhập
16:38:26.674 [main] INFO net.serenitybdd.core.webdriver.driverproviders.ChromeDriverProvider - Starting Chrome driver instance with capabilities:
16:38:26.674 [main] INFO net.serenitybdd.core.webdriver.driverproviders.ChromeDriverProvider - Capabilities {acceptInsecureCerts: false, browserName: chrome, goog:chromeOptions: {args: [remote-allow-origins=*, --headless=chrome, --headless], extensions: []}}
16:38:27.783 [main] DEBUG net.serenitybdd.core.photography.Darkroom - Opening darkroom
16:38:27.783 [Darkroom Processing Line] DEBUG net.serenitybdd.core.photography.DarkroomProcessingLine - Darkroom processing line starting up
16:38:28.588 [main] DEBUG net.serenitybdd.core.photography.Darkroom - Send negative for processing for C:\Users\Katon\Documents\JavaProject\DemoSerenityFramework\target\site\serenity\4f5f7c5fb69b37d5193473d6bb3163c3c2b362d2d6653f5ef4eaa646aefcd234.png
16:38:28.588 [main] DEBUG net.thucydides.core.steps.StepInterceptor - STEP DONE: truy cập trang đăng nhập
16:38:28.600 [main] DEBUG net.thucydides.core.steps.StepInterceptor - STARTING STEP: StepInterceptor.testContext - xóa dữ liệu ô nhập
16:38:29.048 [main] DEBUG net.serenitybdd.core.photography.Darkroom - Send negative for processing for C:\Users\Katon\Documents\JavaProject\DemoSerenityFramework\target\site\serenity\4f5f7c5fb69b37d5193473d6bb3163c3c2b362d2d6653f5ef4eaa646aefcd234.png
16:38:29.048 [main] DEBUG net.thucydides.core.steps.StepInterceptor - STEP DONE: xóa dữ liệu ô nhập
16:38:29.048 [main] DEBUG net.thucydides.core.steps.StepInterceptor - STARTING STEP: StepInterceptor.testContext - nhập tài khoản
16:38:29.433 [main] DEBUG net.serenitybdd.core.photography.Darkroom - Send negative for processing for C:\Users\Katon\Documents\JavaProject\DemoSerenityFramework\target\site\serenity\dc833e7d4416efb2734884ff032756f289c1b86b165792aa692eaeaf98013b50.png
16:38:29.433 [main] DEBUG net.thucydides.core.steps.StepInterceptor - STEP DONE: nhập tài khoản
16:38:29.441 [main] DEBUG net.thucydides.core.steps.StepInterceptor - STARTING STEP: StepInterceptor.testContext - nhập mật khẩu
16:38:30.285 [main] DEBUG net.serenitybdd.core.photography.Darkroom - Send negative for processing for C:\Users\Katon\Documents\JavaProject\DemoSerenityFramework\target\site\serenity\86ce05be554b12cdf2852352fdbee1b35e0d807cdb4cf7f2f54ed3ed539a4d66.png
16:38:30.285 [main] DEBUG net.thucydides.core.steps.StepInterceptor - STEP DONE: nhập mật khẩu
16:38:30.285 [Darkroom Processing Line] DEBUG net.serenitybdd.core.photography.DarkroomProcessingLine - Processing screenshot image in /var/screenshots/screenshot-12238976961669186732
16:38:30.285 [Darkroom Processing Line] DEBUG net.serenitybdd.core.photography.DarkroomProcessingLine - Saving screenshot to C:\Users\Katon\Documents\JavaProject\DemoSerenityFramework\target\site\serenity\86ce05be554b12cdf2852352fdbee1b35e0d807cdb4cf7f2f54ed3ed539a4d66.png
16:38:30.299 [main] DEBUG net.thucydides.core.steps.StepInterceptor - STARTING STEP: StepInterceptor.testContext - bấm nút đăng nhập
16:38:31.235 [main] DEBUG net.serenitybdd.core.photography.Darkroom - Send negative for processing for C:\Users\Katon\Documents\JavaProject\DemoSerenityFramework\target\site\serenity\30c273840467a46de4a15cad12c1f5e2040bb5c73e3873d2f8ef80aa249e3bad.png
16:38:31.249 [main] DEBUG net.thucydides.core.steps.StepInterceptor - STEP DONE: bấm nút đăng nhập
16:38:31.249 [main] DEBUG net.thucydides.core.steps.StepInterceptor - STARTING STEP: StepInterceptor.testContext - bấm nút đăng xuất
16:38:32.032 [main] DEBUG net.serenitybdd.core.photography.Darkroom - Send negative for processing for C:\Users\Katon\Documents\JavaProject\DemoSerenityFramework\target\site\serenity\4f5f7c5fb69b37d5193473d6bb3163c3c2b362d2d6653f5ef4eaa646aefcd234.png
16:38:32.032 [main] DEBUG net.thucydides.core.steps.StepInterceptor - STEP DONE: bấm nút đăng xuất
16:38:32.048 [main] DEBUG net.thucydides.core.steps.StepInterceptor - STARTING STEP: StepInterceptor.testContext - kiểm tra hiển thị tiêu đề trang đăng nhập
16:38:32.884 [main] DEBUG net.serenitybdd.core.photography.Darkroom - Send negative for processing for C:\Users\Katon\Documents\JavaProject\DemoSerenityFramework\target\site\serenity\4f5f7c5fb69b37d5193473d6bb3163c3c2b362d2d6653f5ef4eaa646aefcd234.png
16:38:32.884 [main] DEBUG net.thucydides.core.steps.StepInterceptor - STEP DONE: kiểm tra hiển thị tiêu đề trang đăng nhập
]]></system-out>
    <system-err><![CDATA[Mar 25, 2025 4:38:27 PM org.openqa.selenium.devtools.CdpVersionFinder findNearestMatch
WARNING: Unable to find CDP implementation matching 134
Mar 25, 2025 4:38:27 PM org.openqa.selenium.chromium.ChromiumDriver lambda$new$5
WARNING: Unable to find version of CDP to use for 134.0.6998.166. You may need to include a dependency on a specific version of the CDP using something similar to `org.seleniumhq.selenium:selenium-devtools-v86:4.14.1` where the version ("v86") matches the version of the chromium-based browser you're using and the version number of the artifact is the same as Selenium's.
]]></system-err>
  </testcase>
  <testcase name="checkClickButtonUpdate" classname="Test.Web.ShowInfoTest" time="5.451">
    <system-out><![CDATA[16:38:32.884 [main] INFO  - 
  _____   ___   ___   _____     ___     _     ___   ___   ___   ___  
 |_   _| | __| / __| |_   _|   | _ \   /_\   / __| / __| | __| |   \ 
   | |   | _|  \__ \   | |     |  _/  / _ \  \__ \ \__ \ | _|  | |) |
   |_|   |___| |___/   |_|     |_|   /_/ \_\ |___/ |___/ |___| |___/ 

kiểm tra bấm nút đăng xuất
----------------------------------------------------------------------
16:38:33.056 [main] DEBUG net.thucydides.core.steps.StepEventBus - Test suite started for ShowInfoTest in class Test.Web.ShowInfoTest
16:38:33.056 [main] INFO  - Test Suite Started: ShowInfoTest
16:38:33.056 [main] DEBUG net.serenitybdd.junit5.SerenityTestExecutionListener - Thread[#1,main,5,main] Test started TestIdentifier [uniqueId = [engine:junit-jupiter]/[class:Test.Web.ShowInfoTest]/[method:checkClickButtonUpdate()], parentId = [engine:junit-jupiter]/[class:Test.Web.ShowInfoTest], displayName = 'kiểm tra bấm nút cập nhật', legacyReportingName = 'checkClickButtonUpdate()', source = MethodSource [className = 'Test.Web.ShowInfoTest', methodName = 'checkClickButtonUpdate', methodParameterTypes = ''], tags = [], type = TEST]
16:38:33.056 [main] INFO  - 
  _____   ___   ___   _____     ___   _____     _     ___   _____   ___   ___  
 |_   _| | __| / __| |_   _|   / __| |_   _|   /_\   | _ \ |_   _| | __| |   \ 
   | |   | _|  \__ \   | |     \__ \   | |    / _ \  |   /   | |   | _|  | |) |
   |_|   |___| |___/   |_|     |___/   |_|   /_/ \_\ |_|_\   |_|   |___| |___/ 

kiểm tra bấm nút cập nhật([engine:junit-jupiter]/[class:Test.Web.ShowInfoTest]/[method:checkClickButtonUpdate()])
--------------------------------------------------------------------------------
16:38:33.056 [main] DEBUG net.thucydides.core.steps.StepInterceptor - STARTING STEP: StepInterceptor.testContext - truy cập trang đăng nhập
16:38:33.103 [main] INFO net.serenitybdd.core.webdriver.driverproviders.ChromeDriverProvider - Starting Chrome driver instance with capabilities:
16:38:33.103 [main] INFO net.serenitybdd.core.webdriver.driverproviders.ChromeDriverProvider - Capabilities {acceptInsecureCerts: false, browserName: chrome, goog:chromeOptions: {args: [remote-allow-origins=*, --headless=chrome, --headless], extensions: []}}
16:38:34.269 [main] DEBUG net.serenitybdd.core.photography.Darkroom - Opening darkroom
16:38:34.270 [Darkroom Processing Line] DEBUG net.serenitybdd.core.photography.DarkroomProcessingLine - Darkroom processing line starting up
16:38:34.662 [main] DEBUG net.serenitybdd.core.photography.Darkroom - Send negative for processing for C:\Users\Katon\Documents\JavaProject\DemoSerenityFramework\target\site\serenity\4f5f7c5fb69b37d5193473d6bb3163c3c2b362d2d6653f5ef4eaa646aefcd234.png
16:38:34.662 [main] DEBUG net.thucydides.core.steps.StepInterceptor - STEP DONE: truy cập trang đăng nhập
16:38:34.664 [main] DEBUG net.thucydides.core.steps.StepInterceptor - STARTING STEP: StepInterceptor.testContext - xóa dữ liệu ô nhập
16:38:35.553 [main] DEBUG net.serenitybdd.core.photography.Darkroom - Send negative for processing for C:\Users\Katon\Documents\JavaProject\DemoSerenityFramework\target\site\serenity\4f5f7c5fb69b37d5193473d6bb3163c3c2b362d2d6653f5ef4eaa646aefcd234.png
16:38:35.553 [main] DEBUG net.thucydides.core.steps.StepInterceptor - STEP DONE: xóa dữ liệu ô nhập
16:38:35.567 [main] DEBUG net.thucydides.core.steps.StepInterceptor - STARTING STEP: StepInterceptor.testContext - nhập tài khoản
16:38:35.901 [main] DEBUG net.serenitybdd.core.photography.Darkroom - Send negative for processing for C:\Users\Katon\Documents\JavaProject\DemoSerenityFramework\target\site\serenity\dc833e7d4416efb2734884ff032756f289c1b86b165792aa692eaeaf98013b50.png
16:38:35.901 [main] DEBUG net.thucydides.core.steps.StepInterceptor - STEP DONE: nhập tài khoản
16:38:35.901 [main] DEBUG net.thucydides.core.steps.StepInterceptor - STARTING STEP: StepInterceptor.testContext - nhập mật khẩu
16:38:36.241 [main] DEBUG net.serenitybdd.core.photography.Darkroom - Send negative for processing for C:\Users\Katon\Documents\JavaProject\DemoSerenityFramework\target\site\serenity\26c31608ecde0a70e2641b00af1e90c1f4466d8349be07ff94bff6b45e87c71f.png
16:38:36.241 [main] DEBUG net.thucydides.core.steps.StepInterceptor - STEP DONE: nhập mật khẩu
16:38:36.241 [Darkroom Processing Line] DEBUG net.serenitybdd.core.photography.DarkroomProcessingLine - Processing screenshot image in /var/screenshots/screenshot-6019569207490732415
16:38:36.246 [Darkroom Processing Line] DEBUG net.serenitybdd.core.photography.DarkroomProcessingLine - Saving screenshot to C:\Users\Katon\Documents\JavaProject\DemoSerenityFramework\target\site\serenity\26c31608ecde0a70e2641b00af1e90c1f4466d8349be07ff94bff6b45e87c71f.png
16:38:36.254 [main] DEBUG net.thucydides.core.steps.StepInterceptor - STARTING STEP: StepInterceptor.testContext - bấm nút đăng nhập
16:38:37.739 [main] DEBUG net.serenitybdd.core.photography.Darkroom - Send negative for processing for C:\Users\Katon\Documents\JavaProject\DemoSerenityFramework\target\site\serenity\30c273840467a46de4a15cad12c1f5e2040bb5c73e3873d2f8ef80aa249e3bad.png
16:38:37.748 [main] DEBUG net.thucydides.core.steps.StepInterceptor - STEP DONE: bấm nút đăng nhập
16:38:37.752 [main] DEBUG net.thucydides.core.steps.StepInterceptor - STARTING STEP: StepInterceptor.testContext - bấm nút cập nhật
16:38:38.470 [main] DEBUG net.serenitybdd.core.photography.Darkroom - Send negative for processing for C:\Users\Katon\Documents\JavaProject\DemoSerenityFramework\target\site\serenity\e1341ffb994f070516bf203a6f8c79dd80414b86f19d36f44d136abf1447eb73.png
16:38:38.470 [Darkroom Processing Line] DEBUG net.serenitybdd.core.photography.DarkroomProcessingLine - Processing screenshot image in /var/screenshots/screenshot-6026749735566995218
16:38:38.470 [Darkroom Processing Line] DEBUG net.serenitybdd.core.photography.DarkroomProcessingLine - Saving screenshot to C:\Users\Katon\Documents\JavaProject\DemoSerenityFramework\target\site\serenity\e1341ffb994f070516bf203a6f8c79dd80414b86f19d36f44d136abf1447eb73.png
16:38:38.481 [main] DEBUG net.thucydides.core.steps.StepInterceptor - STEP DONE: bấm nút cập nhật
16:38:38.481 [main] DEBUG net.thucydides.core.steps.StepInterceptor - STARTING STEP: StepInterceptor.testContext - kiểm tra ô nhập họ tên bị vô hiệu hóa
16:38:38.507 [main] DEBUG net.thucydides.core.steps.StepInterceptor - STEP DONE: kiểm tra ô nhập họ tên bị vô hiệu hóa
]]></system-out>
    <system-err><![CDATA[Mar 25, 2025 4:38:33 PM org.openqa.selenium.devtools.CdpVersionFinder findNearestMatch
WARNING: Unable to find CDP implementation matching 134
Mar 25, 2025 4:38:33 PM org.openqa.selenium.chromium.ChromiumDriver lambda$new$5
WARNING: Unable to find version of CDP to use for 134.0.6998.166. You may need to include a dependency on a specific version of the CDP using something similar to `org.seleniumhq.selenium:selenium-devtools-v86:4.14.1` where the version ("v86") matches the version of the chromium-based browser you're using and the version number of the artifact is the same as Selenium's.
]]></system-err>
  </testcase>
  <testcase name="checkOpenShowInfoPage" classname="Test.Web.ShowInfoTest" time="4.242">
    <system-out><![CDATA[16:38:38.509 [main] INFO  - 
  _____   ___   ___   _____     ___     _     ___   ___   ___   ___  
 |_   _| | __| / __| |_   _|   | _ \   /_\   / __| / __| | __| |   \ 
   | |   | _|  \__ \   | |     |  _/  / _ \  \__ \ \__ \ | _|  | |) |
   |_|   |___| |___/   |_|     |_|   /_/ \_\ |___/ |___/ |___| |___/ 

kiểm tra bấm nút cập nhật
----------------------------------------------------------------------
16:38:38.669 [main] DEBUG net.thucydides.core.steps.StepEventBus - Test suite started for ShowInfoTest in class Test.Web.ShowInfoTest
16:38:38.669 [main] INFO  - Test Suite Started: ShowInfoTest
16:38:38.669 [main] DEBUG net.serenitybdd.junit5.SerenityTestExecutionListener - Thread[#1,main,5,main] Test started TestIdentifier [uniqueId = [engine:junit-jupiter]/[class:Test.Web.ShowInfoTest]/[method:checkOpenShowInfoPage()], parentId = [engine:junit-jupiter]/[class:Test.Web.ShowInfoTest], displayName = 'kiểm tra hiển thị trang hiển thị thông tin', legacyReportingName = 'checkOpenShowInfoPage()', source = MethodSource [className = 'Test.Web.ShowInfoTest', methodName = 'checkOpenShowInfoPage', methodParameterTypes = ''], tags = [], type = TEST]
16:38:38.669 [main] INFO  - 
  _____   ___   ___   _____     ___   _____     _     ___   _____   ___   ___  
 |_   _| | __| / __| |_   _|   / __| |_   _|   /_\   | _ \ |_   _| | __| |   \ 
   | |   | _|  \__ \   | |     \__ \   | |    / _ \  |   /   | |   | _|  | |) |
   |_|   |___| |___/   |_|     |___/   |_|   /_/ \_\ |_|_\   |_|   |___| |___/ 

kiểm tra hiển thị trang hiển thị thông tin([engine:junit-jupiter]/[class:Test.Web.ShowInfoTest]/[method:checkOpenShowInfoPage()])
--------------------------------------------------------------------------------
16:38:38.669 [main] DEBUG net.thucydides.core.steps.StepInterceptor - STARTING STEP: StepInterceptor.testContext - truy cập trang đăng nhập
16:38:38.716 [main] INFO net.serenitybdd.core.webdriver.driverproviders.ChromeDriverProvider - Starting Chrome driver instance with capabilities:
16:38:38.716 [main] INFO net.serenitybdd.core.webdriver.driverproviders.ChromeDriverProvider - Capabilities {acceptInsecureCerts: false, browserName: chrome, goog:chromeOptions: {args: [remote-allow-origins=*, --headless=chrome, --headless], extensions: []}}
16:38:39.938 [main] DEBUG net.serenitybdd.core.photography.Darkroom - Opening darkroom
16:38:39.938 [Darkroom Processing Line] DEBUG net.serenitybdd.core.photography.DarkroomProcessingLine - Darkroom processing line starting up
16:38:40.285 [main] DEBUG net.serenitybdd.core.photography.Darkroom - Send negative for processing for C:\Users\Katon\Documents\JavaProject\DemoSerenityFramework\target\site\serenity\4f5f7c5fb69b37d5193473d6bb3163c3c2b362d2d6653f5ef4eaa646aefcd234.png
16:38:40.285 [main] DEBUG net.thucydides.core.steps.StepInterceptor - STEP DONE: truy cập trang đăng nhập
16:38:40.301 [main] DEBUG net.thucydides.core.steps.StepInterceptor - STARTING STEP: StepInterceptor.testContext - xóa dữ liệu ô nhập
16:38:40.650 [main] DEBUG net.serenitybdd.core.photography.Darkroom - Send negative for processing for C:\Users\Katon\Documents\JavaProject\DemoSerenityFramework\target\site\serenity\4f5f7c5fb69b37d5193473d6bb3163c3c2b362d2d6653f5ef4eaa646aefcd234.png
16:38:40.650 [main] DEBUG net.thucydides.core.steps.StepInterceptor - STEP DONE: xóa dữ liệu ô nhập
16:38:40.650 [main] DEBUG net.thucydides.core.steps.StepInterceptor - STARTING STEP: StepInterceptor.testContext - nhập tài khoản
16:38:41.068 [main] DEBUG net.serenitybdd.core.photography.Darkroom - Send negative for processing for C:\Users\Katon\Documents\JavaProject\DemoSerenityFramework\target\site\serenity\dc833e7d4416efb2734884ff032756f289c1b86b165792aa692eaeaf98013b50.png
16:38:41.068 [main] DEBUG net.thucydides.core.steps.StepInterceptor - STEP DONE: nhập tài khoản
16:38:41.080 [main] DEBUG net.thucydides.core.steps.StepInterceptor - STARTING STEP: StepInterceptor.testContext - nhập mật khẩu
16:38:41.117 [main] DEBUG net.thucydides.core.steps.StepInterceptor - STEP DONE: nhập mật khẩu
16:38:41.915 [main] DEBUG net.serenitybdd.core.photography.Darkroom - Send negative for processing for C:\Users\Katon\Documents\JavaProject\DemoSerenityFramework\target\site\serenity\86ce05be554b12cdf2852352fdbee1b35e0d807cdb4cf7f2f54ed3ed539a4d66.png
16:38:41.915 [main] DEBUG net.thucydides.core.steps.StepInterceptor - STARTING STEP: StepInterceptor.testContext - bấm nút đăng nhập
16:38:42.848 [main] DEBUG net.serenitybdd.core.photography.Darkroom - Send negative for processing for C:\Users\Katon\Documents\JavaProject\DemoSerenityFramework\target\site\serenity\30c273840467a46de4a15cad12c1f5e2040bb5c73e3873d2f8ef80aa249e3bad.png
16:38:42.848 [main] DEBUG net.thucydides.core.steps.StepInterceptor - STEP DONE: bấm nút đăng nhập
16:38:42.848 [main] DEBUG net.thucydides.core.steps.StepInterceptor - STARTING STEP: StepInterceptor.testContext - kiểm tra hiển thị tiêu đề trang hiển thị thông tin
16:38:42.896 [main] DEBUG net.thucydides.core.steps.StepInterceptor - STEP DONE: kiểm tra hiển thị tiêu đề trang hiển thị thông tin
]]></system-out>
    <system-err><![CDATA[Mar 25, 2025 4:38:39 PM org.openqa.selenium.devtools.CdpVersionFinder findNearestMatch
WARNING: Unable to find CDP implementation matching 134
Mar 25, 2025 4:38:39 PM org.openqa.selenium.chromium.ChromiumDriver lambda$new$5
WARNING: Unable to find version of CDP to use for 134.0.6998.166. You may need to include a dependency on a specific version of the CDP using something similar to `org.seleniumhq.selenium:selenium-devtools-v86:4.14.1` where the version ("v86") matches the version of the chromium-based browser you're using and the version number of the artifact is the same as Selenium's.
]]></system-err>
  </testcase>
</testsuite>